<?xml version="1.0" encoding="UTF-8"?>
<testsuite xmlns:xsi="http://www.w3.org/2001/XMLSchema-instance" xsi:noNamespaceSchemaLocation="https://maven.apache.org/surefire/maven-surefire-plugin/xsd/surefire-test-report-3.0.xsd" version="3.0" name="com.example.electroplan_backend.ElectroplanBackendApplicationTests" time="2.985" tests="1" errors="1" skipped="0" failures="0">
  <properties>
    <property name="java.specification.version" value="23"/>
    <property name="sun.jnu.encoding" value="UTF-8"/>
    <property name="java.class.path" value="/Users/daria/electroplan-backend/target/test-classes:/Users/daria/electroplan-backend/target/classes:/Users/daria/.m2/repository/org/springframework/boot/spring-boot-starter-data-jdbc/3.3.5/spring-boot-starter-data-jdbc-3.3.5.jar:/Users/daria/.m2/repository/org/springframework/data/spring-data-jdbc/3.3.5/spring-data-jdbc-3.3.5.jar:/Users/daria/.m2/repository/org/springframework/data/spring-data-relational/3.3.5/spring-data-relational-3.3.5.jar:/Users/daria/.m2/repository/org/springframework/data/spring-data-commons/3.3.5/spring-data-commons-3.3.5.jar:/Users/daria/.m2/repository/org/springframework/spring-beans/6.1.14/spring-beans-6.1.14.jar:/Users/daria/.m2/repository/org/slf4j/slf4j-api/2.0.16/slf4j-api-2.0.16.jar:/Users/daria/.m2/repository/javax/xml/bind/jaxb-api/2.3.1/jaxb-api-2.3.1.jar:/Users/daria/.m2/repository/javax/activation/javax.activation-api/1.2.0/javax.activation-api-1.2.0.jar:/Users/daria/.m2/repository/org/liquibase/liquibase-core/4.27.0/liquibase-core-4.27.0.jar:/Users/daria/.m2/repository/com/opencsv/opencsv/5.9/opencsv-5.9.jar:/Users/daria/.m2/repository/org/apache/commons/commons-text/1.11.0/commons-text-1.11.0.jar:/Users/daria/.m2/repository/org/apache/commons/commons-collections4/4.4/commons-collections4-4.4.jar:/Users/daria/.m2/repository/org/yaml/snakeyaml/2.2/snakeyaml-2.2.jar:/Users/daria/.m2/repository/org/apache/commons/commons-lang3/3.14.0/commons-lang3-3.14.0.jar:/Users/daria/.m2/repository/org/springframework/boot/spring-boot-starter-data-jpa/3.3.5/spring-boot-starter-data-jpa-3.3.5.jar:/Users/daria/.m2/repository/org/springframework/boot/spring-boot-starter-aop/3.3.5/spring-boot-starter-aop-3.3.5.jar:/Users/daria/.m2/repository/org/aspectj/aspectjweaver/1.9.22.1/aspectjweaver-1.9.22.1.jar:/Users/daria/.m2/repository/org/hibernate/orm/hibernate-core/6.5.3.Final/hibernate-core-6.5.3.Final.jar:/Users/daria/.m2/repository/jakarta/persistence/jakarta.persistence-api/3.1.0/jakarta.persistence-api-3.1.0.jar:/Users/daria/.m2/repository/jakarta/transaction/jakarta.transaction-api/2.0.1/jakarta.transaction-api-2.0.1.jar:/Users/daria/.m2/repository/org/jboss/logging/jboss-logging/3.5.3.Final/jboss-logging-3.5.3.Final.jar:/Users/daria/.m2/repository/org/hibernate/common/hibernate-commons-annotations/6.0.6.Final/hibernate-commons-annotations-6.0.6.Final.jar:/Users/daria/.m2/repository/io/smallrye/jandex/3.1.2/jandex-3.1.2.jar:/Users/daria/.m2/repository/com/fasterxml/classmate/1.7.0/classmate-1.7.0.jar:/Users/daria/.m2/repository/net/bytebuddy/byte-buddy/1.14.19/byte-buddy-1.14.19.jar:/Users/daria/.m2/repository/org/glassfish/jaxb/jaxb-runtime/4.0.5/jaxb-runtime-4.0.5.jar:/Users/daria/.m2/repository/org/glassfish/jaxb/jaxb-core/4.0.5/jaxb-core-4.0.5.jar:/Users/daria/.m2/repository/org/eclipse/angus/angus-activation/2.0.2/angus-activation-2.0.2.jar:/Users/daria/.m2/repository/org/glassfish/jaxb/txw2/4.0.5/txw2-4.0.5.jar:/Users/daria/.m2/repository/com/sun/istack/istack-commons-runtime/4.1.2/istack-commons-runtime-4.1.2.jar:/Users/daria/.m2/repository/jakarta/inject/jakarta.inject-api/2.0.1/jakarta.inject-api-2.0.1.jar:/Users/daria/.m2/repository/org/antlr/antlr4-runtime/4.13.0/antlr4-runtime-4.13.0.jar:/Users/daria/.m2/repository/org/springframework/data/spring-data-jpa/3.3.5/spring-data-jpa-3.3.5.jar:/Users/daria/.m2/repository/org/springframework/spring-orm/6.1.14/spring-orm-6.1.14.jar:/Users/daria/.m2/repository/jakarta/annotation/jakarta.annotation-api/2.1.1/jakarta.annotation-api-2.1.1.jar:/Users/daria/.m2/repository/org/springframework/spring-aspects/6.1.14/spring-aspects-6.1.14.jar:/Users/daria/.m2/repository/commons-codec/commons-codec/1.17.1/commons-codec-1.17.1.jar:/Users/daria/.m2/repository/com/amazonaws/aws-java-sdk/1.12.780/aws-java-sdk-1.12.780.jar:/Users/daria/.m2/repository/com/amazonaws/aws-java-sdk-qapps/1.12.780/aws-java-sdk-qapps-1.12.780.jar:/Users/daria/.m2/repository/com/amazonaws/jmespath-java/1.12.780/jmespath-java-1.12.780.jar:/Users/daria/.m2/repository/com/amazonaws/aws-java-sdk-apptest/1.12.780/aws-java-sdk-apptest-1.12.780.jar:/Users/daria/.m2/repository/com/amazonaws/aws-java-sdk-pcaconnectorscep/1.12.780/aws-java-sdk-pcaconnectorscep-1.12.780.jar:/Users/daria/.m2/repository/com/amazonaws/aws-java-sdk-applicationsignals/1.12.780/aws-java-sdk-applicationsignals-1.12.780.jar:/Users/daria/.m2/repository/com/amazonaws/aws-java-sdk-taxsettings/1.12.780/aws-java-sdk-taxsettings-1.12.780.jar:/Users/daria/.m2/repository/com/amazonaws/aws-java-sdk-mailmanager/1.12.780/aws-java-sdk-mailmanager-1.12.780.jar:/Users/daria/.m2/repository/com/amazonaws/aws-java-sdk-route53profiles/1.12.780/aws-java-sdk-route53profiles-1.12.780.jar:/Users/daria/.m2/repository/com/amazonaws/aws-java-sdk-controlcatalog/1.12.780/aws-java-sdk-controlcatalog-1.12.780.jar:/Users/daria/.m2/repository/com/amazonaws/aws-java-sdk-deadline/1.12.780/aws-java-sdk-deadline-1.12.780.jar:/Users/daria/.m2/repository/com/amazonaws/aws-java-sdk-codeconnections/1.12.780/aws-java-sdk-codeconnections-1.12.780.jar:/Users/daria/.m2/repository/com/amazonaws/aws-java-sdk-timestreaminfluxdb/1.12.780/aws-java-sdk-timestreaminfluxdb-1.12.780.jar:/Users/daria/.m2/repository/com/amazonaws/aws-java-sdk-chatbot/1.12.780/aws-java-sdk-chatbot-1.12.780.jar:/Users/daria/.m2/repository/com/amazonaws/aws-java-sdk-artifact/1.12.780/aws-java-sdk-artifact-1.12.780.jar:/Users/daria/.m2/repository/com/amazonaws/aws-java-sdk-supplychain/1.12.780/aws-java-sdk-supplychain-1.12.780.jar:/Users/daria/.m2/repository/com/amazonaws/aws-java-sdk-networkmonitor/1.12.780/aws-java-sdk-networkmonitor-1.12.780.jar:/Users/daria/.m2/repository/com/amazonaws/aws-java-sdk-marketplaceagreement/1.12.780/aws-java-sdk-marketplaceagreement-1.12.780.jar:/Users/daria/.m2/repository/com/amazonaws/aws-java-sdk-marketplacedeployment/1.12.780/aws-java-sdk-marketplacedeployment-1.12.780.jar:/Users/daria/.m2/repository/com/amazonaws/aws-java-sdk-cleanroomsml/1.12.780/aws-java-sdk-cleanroomsml-1.12.780.jar:/Users/daria/.m2/repository/com/amazonaws/aws-java-sdk-bedrockagent/1.12.780/aws-java-sdk-bedrockagent-1.12.780.jar:/Users/daria/.m2/repository/com/amazonaws/aws-java-sdk-qconnect/1.12.780/aws-java-sdk-qconnect-1.12.780.jar:/Users/daria/.m2/repository/com/amazonaws/aws-java-sdk-qbusiness/1.12.780/aws-java-sdk-qbusiness-1.12.780.jar:/Users/daria/.m2/repository/com/amazonaws/aws-java-sdk-bedrockagentruntime/1.12.780/aws-java-sdk-bedrockagentruntime-1.12.780.jar:/Users/daria/.m2/repository/com/amazonaws/aws-java-sdk-b2bi/1.12.780/aws-java-sdk-b2bi-1.12.780.jar:/Users/daria/.m2/repository/com/amazonaws/aws-java-sdk-workspacesthinclient/1.12.780/aws-java-sdk-workspacesthinclient-1.12.780.jar:/Users/daria/.m2/repository/com/amazonaws/aws-java-sdk-eksauth/1.12.780/aws-java-sdk-eksauth-1.12.780.jar:/Users/daria/.m2/repository/com/amazonaws/aws-java-sdk-freetier/1.12.780/aws-java-sdk-freetier-1.12.780.jar:/Users/daria/.m2/repository/com/amazonaws/aws-java-sdk-bcmdataexports/1.12.780/aws-java-sdk-bcmdataexports-1.12.780.jar:/Users/daria/.m2/repository/com/amazonaws/aws-java-sdk-repostspace/1.12.780/aws-java-sdk-repostspace-1.12.780.jar:/Users/daria/.m2/repository/com/amazonaws/aws-java-sdk-costoptimizationhub/1.12.780/aws-java-sdk-costoptimizationhub-1.12.780.jar:/Users/daria/.m2/repository/com/amazonaws/aws-java-sdk-inspectorscan/1.12.780/aws-java-sdk-inspectorscan-1.12.780.jar:/Users/daria/.m2/repository/com/amazonaws/aws-java-sdk-trustedadvisor/1.12.780/aws-java-sdk-trustedadvisor-1.12.780.jar:/Users/daria/.m2/repository/com/amazonaws/aws-java-sdk-launchwizard/1.12.780/aws-java-sdk-launchwizard-1.12.780.jar:/Users/daria/.m2/repository/com/amazonaws/aws-java-sdk-datazoneexternal/1.12.780/aws-java-sdk-datazoneexternal-1.12.780.jar:/Users/daria/.m2/repository/com/amazonaws/aws-java-sdk-bedrock/1.12.780/aws-java-sdk-bedrock-1.12.780.jar:/Users/daria/.m2/repository/com/amazonaws/aws-java-sdk-bedrockruntime/1.12.780/aws-java-sdk-bedrockruntime-1.12.780.jar:/Users/daria/.m2/repository/com/amazonaws/aws-java-sdk-neptunedata/1.12.780/aws-java-sdk-neptunedata-1.12.780.jar:/Users/daria/.m2/repository/com/amazonaws/aws-java-sdk-pcaconnectorad/1.12.780/aws-java-sdk-pcaconnectorad-1.12.780.jar:/Users/daria/.m2/repository/com/amazonaws/aws-java-sdk-managedblockchainquery/1.12.780/aws-java-sdk-managedblockchainquery-1.12.780.jar:/Users/daria/.m2/repository/com/amazonaws/aws-java-sdk-entityresolution/1.12.780/aws-java-sdk-entityresolution-1.12.780.jar:/Users/daria/.m2/repository/com/amazonaws/aws-java-sdk-medicalimaging/1.12.780/aws-java-sdk-medicalimaging-1.12.780.jar:/Users/daria/.m2/repository/com/amazonaws/aws-java-sdk-appfabric/1.12.780/aws-java-sdk-appfabric-1.12.780.jar:/Users/daria/.m2/repository/com/amazonaws/aws-java-sdk-verifiedpermissions/1.12.780/aws-java-sdk-verifiedpermissions-1.12.780.jar:/Users/daria/.m2/repository/com/amazonaws/aws-java-sdk-codegurusecurity/1.12.780/aws-java-sdk-codegurusecurity-1.12.780.jar:/Users/daria/.m2/repository/com/amazonaws/aws-java-sdk-paymentcryptography/1.12.780/aws-java-sdk-paymentcryptography-1.12.780.jar:/Users/daria/.m2/repository/com/amazonaws/aws-java-sdk-paymentcryptographydata/1.12.780/aws-java-sdk-paymentcryptographydata-1.12.780.jar:/Users/daria/.m2/repository/com/amazonaws/aws-java-sdk-mediapackagev2/1.12.780/aws-java-sdk-mediapackagev2-1.12.780.jar:/Users/daria/.m2/repository/com/amazonaws/aws-java-sdk-osis/1.12.780/aws-java-sdk-osis-1.12.780.jar:/Users/daria/.m2/repository/com/amazonaws/aws-java-sdk-vpclattice/1.12.780/aws-java-sdk-vpclattice-1.12.780.jar:/Users/daria/.m2/repository/com/amazonaws/aws-java-sdk-ivsrealtime/1.12.780/aws-java-sdk-ivsrealtime-1.12.780.jar:/Users/daria/.m2/repository/com/amazonaws/aws-java-sdk-internetmonitor/1.12.780/aws-java-sdk-internetmonitor-1.12.780.jar:/Users/daria/.m2/repository/com/amazonaws/aws-java-sdk-tnb/1.12.780/aws-java-sdk-tnb-1.12.780.jar:/Users/daria/.m2/repository/com/amazonaws/aws-java-sdk-cloudtraildata/1.12.780/aws-java-sdk-cloudtraildata-1.12.780.jar:/Users/daria/.m2/repository/com/amazonaws/aws-java-sdk-cleanrooms/1.12.780/aws-java-sdk-cleanrooms-1.12.780.jar:/Users/daria/.m2/repository/com/amazonaws/aws-java-sdk-kendraranking/1.12.780/aws-java-sdk-kendraranking-1.12.780.jar:/Users/daria/.m2/repository/com/amazonaws/aws-java-sdk-licensemanagerlinuxsubscriptions/1.12.780/aws-java-sdk-licensemanagerlinuxsubscriptions-1.12.780.jar:/Users/daria/.m2/repository/com/amazonaws/aws-java-sdk-kinesisvideowebrtcstorage/1.12.780/aws-java-sdk-kinesisvideowebrtcstorage-1.12.780.jar:/Users/daria/.m2/repository/com/amazonaws/aws-java-sdk-sagemakermetrics/1.12.780/aws-java-sdk-sagemakermetrics-1.12.780.jar:/Users/daria/.m2/repository/com/amazonaws/aws-java-sdk-pipes/1.12.780/aws-java-sdk-pipes-1.12.780.jar:/Users/daria/.m2/repository/com/amazonaws/aws-java-sdk-sagemakergeospatial/1.12.780/aws-java-sdk-sagemakergeospatial-1.12.780.jar:/Users/daria/.m2/repository/com/amazonaws/aws-java-sdk-docdbelastic/1.12.780/aws-java-sdk-docdbelastic-1.12.780.jar:/Users/daria/.m2/repository/com/amazonaws/aws-java-sdk-omics/1.12.780/aws-java-sdk-omics-1.12.780.jar:/Users/daria/.m2/repository/com/amazonaws/aws-java-sdk-opensearchserverless/1.12.780/aws-java-sdk-opensearchserverless-1.12.780.jar:/Users/daria/.m2/repository/com/amazonaws/aws-java-sdk-securitylake/1.12.780/aws-java-sdk-securitylake-1.12.780.jar:/Users/daria/.m2/repository/com/amazonaws/aws-java-sdk-simspaceweaver/1.12.780/aws-java-sdk-simspaceweaver-1.12.780.jar:/Users/daria/.m2/repository/com/amazonaws/aws-java-sdk-arczonalshift/1.12.780/aws-java-sdk-arczonalshift-1.12.780.jar:/Users/daria/.m2/repository/com/amazonaws/aws-java-sdk-oam/1.12.780/aws-java-sdk-oam-1.12.780.jar:/Users/daria/.m2/repository/com/amazonaws/aws-java-sdk-chimesdkvoice/1.12.780/aws-java-sdk-chimesdkvoice-1.12.780.jar:/Users/daria/.m2/repository/com/amazonaws/aws-java-sdk-ssmsap/1.12.780/aws-java-sdk-ssmsap-1.12.780.jar:/Users/daria/.m2/repository/com/amazonaws/aws-java-sdk-scheduler/1.12.780/aws-java-sdk-scheduler-1.12.780.jar:/Users/daria/.m2/repository/com/amazonaws/aws-java-sdk-resourceexplorer2/1.12.780/aws-java-sdk-resourceexplorer2-1.12.780.jar:/Users/daria/.m2/repository/com/amazonaws/aws-java-sdk-connectcases/1.12.780/aws-java-sdk-connectcases-1.12.780.jar:/Users/daria/.m2/repository/com/amazonaws/aws-java-sdk-migrationhuborchestrator/1.12.780/aws-java-sdk-migrationhuborchestrator-1.12.780.jar:/Users/daria/.m2/repository/com/amazonaws/aws-java-sdk-iotfleetwise/1.12.780/aws-java-sdk-iotfleetwise-1.12.780.jar:/Users/daria/.m2/repository/com/amazonaws/aws-java-sdk-controltower/1.12.780/aws-java-sdk-controltower-1.12.780.jar:/Users/daria/.m2/repository/com/amazonaws/aws-java-sdk-supportapp/1.12.780/aws-java-sdk-supportapp-1.12.780.jar:/Users/daria/.m2/repository/com/amazonaws/aws-java-sdk-private5g/1.12.780/aws-java-sdk-private5g-1.12.780.jar:/Users/daria/.m2/repository/com/amazonaws/aws-java-sdk-licensemanagerusersubscriptions/1.12.780/aws-java-sdk-licensemanagerusersubscriptions-1.12.780.jar:/Users/daria/.m2/repository/com/amazonaws/aws-java-sdk-iamrolesanywhere/1.12.780/aws-java-sdk-iamrolesanywhere-1.12.780.jar:/Users/daria/.m2/repository/com/amazonaws/aws-java-sdk-redshiftserverless/1.12.780/aws-java-sdk-redshiftserverless-1.12.780.jar:/Users/daria/.m2/repository/com/amazonaws/aws-java-sdk-connectcampaign/1.12.780/aws-java-sdk-connectcampaign-1.12.780.jar:/Users/daria/.m2/repository/com/amazonaws/aws-java-sdk-mainframemodernization/1.12.780/aws-java-sdk-mainframemodernization-1.12.780.jar:/Users/daria/.m2/repository/com/amazonaws/aws-java-sdk-emrserverless/1.12.780/aws-java-sdk-emrserverless-1.12.780.jar:/Users/daria/.m2/repository/com/amazonaws/aws-java-sdk-chimesdkmediapipelines/1.12.780/aws-java-sdk-chimesdkmediapipelines-1.12.780.jar:/Users/daria/.m2/repository/com/amazonaws/aws-java-sdk-ivschat/1.12.780/aws-java-sdk-ivschat-1.12.780.jar:/Users/daria/.m2/repository/com/amazonaws/aws-java-sdk-pinpointsmsvoicev2/1.12.780/aws-java-sdk-pinpointsmsvoicev2-1.12.780.jar:/Users/daria/.m2/repository/com/amazonaws/aws-java-sdk-billingconductor/1.12.780/aws-java-sdk-billingconductor-1.12.780.jar:/Users/daria/.m2/repository/com/amazonaws/aws-java-sdk-keyspaces/1.12.780/aws-java-sdk-keyspaces-1.12.780.jar:/Users/daria/.m2/repository/com/amazonaws/aws-java-sdk-amplifyuibuilder/1.12.780/aws-java-sdk-amplifyuibuilder-1.12.780.jar:/Users/daria/.m2/repository/com/amazonaws/aws-java-sdk-backupgateway/1.12.780/aws-java-sdk-backupgateway-1.12.780.jar:/Users/daria/.m2/repository/com/amazonaws/aws-java-sdk-workspacesweb/1.12.780/aws-java-sdk-workspacesweb-1.12.780.jar:/Users/daria/.m2/repository/com/amazonaws/aws-java-sdk-iottwinmaker/1.12.780/aws-java-sdk-iottwinmaker-1.12.780.jar:/Users/daria/.m2/repository/com/amazonaws/aws-java-sdk-recyclebin/1.12.780/aws-java-sdk-recyclebin-1.12.780.jar:/Users/daria/.m2/repository/com/amazonaws/aws-java-sdk-cloudwatchrum/1.12.780/aws-java-sdk-cloudwatchrum-1.12.780.jar:/Users/daria/.m2/repository/com/amazonaws/aws-java-sdk-cloudwatchevidently/1.12.780/aws-java-sdk-cloudwatchevidently-1.12.780.jar:/Users/daria/.m2/repository/com/amazonaws/aws-java-sdk-inspector2/1.12.780/aws-java-sdk-inspector2-1.12.780.jar:/Users/daria/.m2/repository/com/amazonaws/aws-java-sdk-migrationhubrefactorspaces/1.12.780/aws-java-sdk-migrationhubrefactorspaces-1.12.780.jar:/Users/daria/.m2/repository/com/amazonaws/aws-java-sdk-appconfigdata/1.12.780/aws-java-sdk-appconfigdata-1.12.780.jar:/Users/daria/.m2/repository/com/amazonaws/aws-java-sdk-drs/1.12.780/aws-java-sdk-drs-1.12.780.jar:/Users/daria/.m2/repository/com/amazonaws/aws-java-sdk-migrationhubstrategyrecommendations/1.12.780/aws-java-sdk-migrationhubstrategyrecommendations-1.12.780.jar:/Users/daria/.m2/repository/com/amazonaws/aws-java-sdk-resiliencehub/1.12.780/aws-java-sdk-resiliencehub-1.12.780.jar:/Users/daria/.m2/repository/com/amazonaws/aws-java-sdk-chimesdkmeetings/1.12.780/aws-java-sdk-chimesdkmeetings-1.12.780.jar:/Users/daria/.m2/repository/com/amazonaws/aws-java-sdk-panorama/1.12.780/aws-java-sdk-panorama-1.12.780.jar:/Users/daria/.m2/repository/com/amazonaws/aws-java-sdk-managedgrafana/1.12.780/aws-java-sdk-managedgrafana-1.12.780.jar:/Users/daria/.m2/repository/com/amazonaws/aws-java-sdk-cloudcontrolapi/1.12.780/aws-java-sdk-cloudcontrolapi-1.12.780.jar:/Users/daria/.m2/repository/com/amazonaws/aws-java-sdk-account/1.12.780/aws-java-sdk-account-1.12.780.jar:/Users/daria/.m2/repository/com/amazonaws/aws-java-sdk-voiceid/1.12.780/aws-java-sdk-voiceid-1.12.780.jar:/Users/daria/.m2/repository/com/amazonaws/aws-java-sdk-connectwisdom/1.12.780/aws-java-sdk-connectwisdom-1.12.780.jar:/Users/daria/.m2/repository/com/amazonaws/aws-java-sdk-kafkaconnect/1.12.780/aws-java-sdk-kafkaconnect-1.12.780.jar:/Users/daria/.m2/repository/com/amazonaws/aws-java-sdk-opensearch/1.12.780/aws-java-sdk-opensearch-1.12.780.jar:/Users/daria/.m2/repository/com/amazonaws/aws-java-sdk-memorydb/1.12.780/aws-java-sdk-memorydb-1.12.780.jar:/Users/daria/.m2/repository/com/amazonaws/aws-java-sdk-snowdevicemanagement/1.12.780/aws-java-sdk-snowdevicemanagement-1.12.780.jar:/Users/daria/.m2/repository/com/amazonaws/aws-java-sdk-chimesdkidentity/1.12.780/aws-java-sdk-chimesdkidentity-1.12.780.jar:/Users/daria/.m2/repository/com/amazonaws/aws-java-sdk-chimesdkmessaging/1.12.780/aws-java-sdk-chimesdkmessaging-1.12.780.jar:/Users/daria/.m2/repository/com/amazonaws/aws-java-sdk-route53recoverycluster/1.12.780/aws-java-sdk-route53recoverycluster-1.12.780.jar:/Users/daria/.m2/repository/com/amazonaws/aws-java-sdk-route53recoverycontrolconfig/1.12.780/aws-java-sdk-route53recoverycontrolconfig-1.12.780.jar:/Users/daria/.m2/repository/com/amazonaws/aws-java-sdk-route53recoveryreadiness/1.12.780/aws-java-sdk-route53recoveryreadiness-1.12.780.jar:/Users/daria/.m2/repository/com/amazonaws/aws-java-sdk-proton/1.12.780/aws-java-sdk-proton-1.12.780.jar:/Users/daria/.m2/repository/com/amazonaws/aws-java-sdk-apprunner/1.12.780/aws-java-sdk-apprunner-1.12.780.jar:/Users/daria/.m2/repository/com/amazonaws/aws-java-sdk-applicationcostprofiler/1.12.780/aws-java-sdk-applicationcostprofiler-1.12.780.jar:/Users/daria/.m2/repository/com/amazonaws/aws-java-sdk-ssmcontacts/1.12.780/aws-java-sdk-ssmcontacts-1.12.780.jar:/Users/daria/.m2/repository/com/amazonaws/aws-java-sdk-ssmincidents/1.12.780/aws-java-sdk-ssmincidents-1.12.780.jar:/Users/daria/.m2/repository/com/amazonaws/aws-java-sdk-finspacedata/1.12.780/aws-java-sdk-finspacedata-1.12.780.jar:/Users/daria/.m2/repository/com/amazonaws/aws-java-sdk-finspace/1.12.780/aws-java-sdk-finspace-1.12.780.jar:/Users/daria/.m2/repository/com/amazonaws/aws-java-sdk-nimblestudio/1.12.780/aws-java-sdk-nimblestudio-1.12.780.jar:/Users/daria/.m2/repository/com/amazonaws/aws-java-sdk-lookoutequipment/1.12.780/aws-java-sdk-lookoutequipment-1.12.780.jar:/Users/daria/.m2/repository/com/amazonaws/aws-java-sdk-mgn/1.12.780/aws-java-sdk-mgn-1.12.780.jar:/Users/daria/.m2/repository/com/amazonaws/aws-java-sdk-lookoutmetrics/1.12.780/aws-java-sdk-lookoutmetrics-1.12.780.jar:/Users/daria/.m2/repository/com/amazonaws/aws-java-sdk-fis/1.12.780/aws-java-sdk-fis-1.12.780.jar:/Users/daria/.m2/repository/com/amazonaws/aws-java-sdk-lexmodelsv2/1.12.780/aws-java-sdk-lexmodelsv2-1.12.780.jar:/Users/daria/.m2/repository/com/amazonaws/aws-java-sdk-lexruntimev2/1.12.780/aws-java-sdk-lexruntimev2-1.12.780.jar:/Users/daria/.m2/repository/com/amazonaws/aws-java-sdk-wellarchitected/1.12.780/aws-java-sdk-wellarchitected-1.12.780.jar:/Users/daria/.m2/repository/com/amazonaws/aws-java-sdk-location/1.12.780/aws-java-sdk-location-1.12.780.jar:/Users/daria/.m2/repository/com/amazonaws/aws-java-sdk-iotdeviceadvisor/1.12.780/aws-java-sdk-iotdeviceadvisor-1.12.780.jar:/Users/daria/.m2/repository/com/amazonaws/aws-java-sdk-iotfleethub/1.12.780/aws-java-sdk-iotfleethub-1.12.780.jar:/Users/daria/.m2/repository/com/amazonaws/aws-java-sdk-iotwireless/1.12.780/aws-java-sdk-iotwireless-1.12.780.jar:/Users/daria/.m2/repository/com/amazonaws/aws-java-sdk-greengrassv2/1.12.780/aws-java-sdk-greengrassv2-1.12.780.jar:/Users/daria/.m2/repository/com/amazonaws/aws-java-sdk-prometheus/1.12.780/aws-java-sdk-prometheus-1.12.780.jar:/Users/daria/.m2/repository/com/amazonaws/aws-java-sdk-auditmanager/1.12.780/aws-java-sdk-auditmanager-1.12.780.jar:/Users/daria/.m2/repository/com/amazonaws/aws-java-sdk-healthlake/1.12.780/aws-java-sdk-healthlake-1.12.780.jar:/Users/daria/.m2/repository/com/amazonaws/aws-java-sdk-sagemakeredgemanager/1.12.780/aws-java-sdk-sagemakeredgemanager-1.12.780.jar:/Users/daria/.m2/repository/com/amazonaws/aws-java-sdk-emrcontainers/1.12.780/aws-java-sdk-emrcontainers-1.12.780.jar:/Users/daria/.m2/repository/com/amazonaws/aws-java-sdk-customerprofiles/1.12.780/aws-java-sdk-customerprofiles-1.12.780.jar:/Users/daria/.m2/repository/com/amazonaws/aws-java-sdk-lookoutforvision/1.12.780/aws-java-sdk-lookoutforvision-1.12.780.jar:/Users/daria/.m2/repository/com/amazonaws/aws-java-sdk-connectcontactlens/1.12.780/aws-java-sdk-connectcontactlens-1.12.780.jar:/Users/daria/.m2/repository/com/amazonaws/aws-java-sdk-amplifybackend/1.12.780/aws-java-sdk-amplifybackend-1.12.780.jar:/Users/daria/.m2/repository/com/amazonaws/aws-java-sdk-ecrpublic/1.12.780/aws-java-sdk-ecrpublic-1.12.780.jar:/Users/daria/.m2/repository/com/amazonaws/aws-java-sdk-appintegrations/1.12.780/aws-java-sdk-appintegrations-1.12.780.jar:/Users/daria/.m2/repository/com/amazonaws/aws-java-sdk-sagemakerfeaturestoreruntime/1.12.780/aws-java-sdk-sagemakerfeaturestoreruntime-1.12.780.jar:/Users/daria/.m2/repository/com/amazonaws/aws-java-sdk-devopsguru/1.12.780/aws-java-sdk-devopsguru-1.12.780.jar:/Users/daria/.m2/repository/com/amazonaws/aws-java-sdk-mwaa/1.12.780/aws-java-sdk-mwaa-1.12.780.jar:/Users/daria/.m2/repository/com/amazonaws/aws-java-sdk-networkfirewall/1.12.780/aws-java-sdk-networkfirewall-1.12.780.jar:/Users/daria/.m2/repository/com/amazonaws/aws-java-sdk-appregistry/1.12.780/aws-java-sdk-appregistry-1.12.780.jar:/Users/daria/.m2/repository/com/amazonaws/aws-java-sdk-gluedatabrew/1.12.780/aws-java-sdk-gluedatabrew-1.12.780.jar:/Users/daria/.m2/repository/com/amazonaws/aws-java-sdk-s3outposts/1.12.780/aws-java-sdk-s3outposts-1.12.780.jar:/Users/daria/.m2/repository/com/amazonaws/aws-java-sdk-timestreamquery/1.12.780/aws-java-sdk-timestreamquery-1.12.780.jar:/Users/daria/.m2/repository/com/amazonaws/aws-java-sdk-timestreamwrite/1.12.780/aws-java-sdk-timestreamwrite-1.12.780.jar:/Users/daria/.m2/repository/com/amazonaws/aws-java-sdk-ssoadmin/1.12.780/aws-java-sdk-ssoadmin-1.12.780.jar:/Users/daria/.m2/repository/com/amazonaws/aws-java-sdk-redshiftdataapi/1.12.780/aws-java-sdk-redshiftdataapi-1.12.780.jar:/Users/daria/.m2/repository/com/amazonaws/aws-java-sdk-appflow/1.12.780/aws-java-sdk-appflow-1.12.780.jar:/Users/daria/.m2/repository/com/amazonaws/aws-java-sdk-identitystore/1.12.780/aws-java-sdk-identitystore-1.12.780.jar:/Users/daria/.m2/repository/com/amazonaws/aws-java-sdk-braket/1.12.780/aws-java-sdk-braket-1.12.780.jar:/Users/daria/.m2/repository/com/amazonaws/aws-java-sdk-ivs/1.12.780/aws-java-sdk-ivs-1.12.780.jar:/Users/daria/.m2/repository/com/amazonaws/aws-java-sdk-codeartifact/1.12.780/aws-java-sdk-codeartifact-1.12.780.jar:/Users/daria/.m2/repository/com/amazonaws/aws-java-sdk-macie2/1.12.780/aws-java-sdk-macie2-1.12.780.jar:/Users/daria/.m2/repository/com/amazonaws/aws-java-sdk-iotsitewise/1.12.780/aws-java-sdk-iotsitewise-1.12.780.jar:/Users/daria/.m2/repository/com/amazonaws/aws-java-sdk-synthetics/1.12.780/aws-java-sdk-synthetics-1.12.780.jar:/Users/daria/.m2/repository/com/amazonaws/aws-java-sdk-codestarconnections/1.12.780/aws-java-sdk-codestarconnections-1.12.780.jar:/Users/daria/.m2/repository/com/amazonaws/aws-java-sdk-detective/1.12.780/aws-java-sdk-detective-1.12.780.jar:/Users/daria/.m2/repository/com/amazonaws/aws-java-sdk-kinesisvideosignalingchannels/1.12.780/aws-java-sdk-kinesisvideosignalingchannels-1.12.780.jar:/Users/daria/.m2/repository/com/amazonaws/aws-java-sdk-ebs/1.12.780/aws-java-sdk-ebs-1.12.780.jar:/Users/daria/.m2/repository/com/amazonaws/aws-java-sdk-augmentedairuntime/1.12.780/aws-java-sdk-augmentedairuntime-1.12.780.jar:/Users/daria/.m2/repository/com/amazonaws/aws-java-sdk-outposts/1.12.780/aws-java-sdk-outposts-1.12.780.jar:/Users/daria/.m2/repository/com/amazonaws/aws-java-sdk-codeguruprofiler/1.12.780/aws-java-sdk-codeguruprofiler-1.12.780.jar:/Users/daria/.m2/repository/com/amazonaws/aws-java-sdk-codegurureviewer/1.12.780/aws-java-sdk-codegurureviewer-1.12.780.jar:/Users/daria/.m2/repository/com/amazonaws/aws-java-sdk-frauddetector/1.12.780/aws-java-sdk-frauddetector-1.12.780.jar:/Users/daria/.m2/repository/com/amazonaws/aws-java-sdk-kendra/1.12.780/aws-java-sdk-kendra-1.12.780.jar:/Users/daria/.m2/repository/com/amazonaws/aws-java-sdk-networkmanager/1.12.780/aws-java-sdk-networkmanager-1.12.780.jar:/Users/daria/.m2/repository/com/amazonaws/aws-java-sdk-computeoptimizer/1.12.780/aws-java-sdk-computeoptimizer-1.12.780.jar:/Users/daria/.m2/repository/com/amazonaws/aws-java-sdk-accessanalyzer/1.12.780/aws-java-sdk-accessanalyzer-1.12.780.jar:/Users/daria/.m2/repository/com/amazonaws/aws-java-sdk-schemas/1.12.780/aws-java-sdk-schemas-1.12.780.jar:/Users/daria/.m2/repository/com/amazonaws/aws-java-sdk-imagebuilder/1.12.780/aws-java-sdk-imagebuilder-1.12.780.jar:/Users/daria/.m2/repository/com/amazonaws/aws-java-sdk-elasticinference/1.12.780/aws-java-sdk-elasticinference-1.12.780.jar:/Users/daria/.m2/repository/com/amazonaws/aws-java-sdk-iotsecuretunneling/1.12.780/aws-java-sdk-iotsecuretunneling-1.12.780.jar:/Users/daria/.m2/repository/com/amazonaws/aws-java-sdk-appconfig/1.12.780/aws-java-sdk-appconfig-1.12.780.jar:/Users/daria/.m2/repository/com/amazonaws/aws-java-sdk-wafv2/1.12.780/aws-java-sdk-wafv2-1.12.780.jar:/Users/daria/.m2/repository/com/amazonaws/aws-java-sdk-connectparticipant/1.12.780/aws-java-sdk-connectparticipant-1.12.780.jar:/Users/daria/.m2/repository/com/amazonaws/aws-java-sdk-migrationhubconfig/1.12.780/aws-java-sdk-migrationhubconfig-1.12.780.jar:/Users/daria/.m2/repository/com/amazonaws/aws-java-sdk-dataexchange/1.12.780/aws-java-sdk-dataexchange-1.12.780.jar:/Users/daria/.m2/repository/com/amazonaws/aws-java-sdk-sesv2/1.12.780/aws-java-sdk-sesv2-1.12.780.jar:/Users/daria/.m2/repository/com/amazonaws/aws-java-sdk-marketplacecatalog/1.12.780/aws-java-sdk-marketplacecatalog-1.12.780.jar:/Users/daria/.m2/repository/com/amazonaws/aws-java-sdk-ssooidc/1.12.780/aws-java-sdk-ssooidc-1.12.780.jar:/Users/daria/.m2/repository/com/amazonaws/aws-java-sdk-sso/1.12.780/aws-java-sdk-sso-1.12.780.jar:/Users/daria/.m2/repository/com/amazonaws/aws-java-sdk-savingsplans/1.12.780/aws-java-sdk-savingsplans-1.12.780.jar:/Users/daria/.m2/repository/com/amazonaws/aws-java-sdk-codestarnotifications/1.12.780/aws-java-sdk-codestarnotifications-1.12.780.jar:/Users/daria/.m2/repository/com/amazonaws/aws-java-sdk-workmailmessageflow/1.12.780/aws-java-sdk-workmailmessageflow-1.12.780.jar:/Users/daria/.m2/repository/com/amazonaws/aws-java-sdk-qldbsession/1.12.780/aws-java-sdk-qldbsession-1.12.780.jar:/Users/daria/.m2/repository/com/amazonaws/aws-java-sdk-qldb/1.12.780/aws-java-sdk-qldb-1.12.780.jar:/Users/daria/.m2/repository/com/amazonaws/aws-java-sdk-forecastquery/1.12.780/aws-java-sdk-forecastquery-1.12.780.jar:/Users/daria/.m2/repository/com/amazonaws/aws-java-sdk-forecast/1.12.780/aws-java-sdk-forecast-1.12.780.jar:/Users/daria/.m2/repository/com/amazonaws/aws-java-sdk-lakeformation/1.12.780/aws-java-sdk-lakeformation-1.12.780.jar:/Users/daria/.m2/repository/com/amazonaws/aws-java-sdk-eventbridge/1.12.780/aws-java-sdk-eventbridge-1.12.780.jar:/Users/daria/.m2/repository/com/amazonaws/aws-java-sdk-ec2instanceconnect/1.12.780/aws-java-sdk-ec2instanceconnect-1.12.780.jar:/Users/daria/.m2/repository/com/amazonaws/aws-java-sdk-applicationinsights/1.12.780/aws-java-sdk-applicationinsights-1.12.780.jar:/Users/daria/.m2/repository/com/amazonaws/aws-java-sdk-servicequotas/1.12.780/aws-java-sdk-servicequotas-1.12.780.jar:/Users/daria/.m2/repository/com/amazonaws/aws-java-sdk-personalizeevents/1.12.780/aws-java-sdk-personalizeevents-1.12.780.jar:/Users/daria/.m2/repository/com/amazonaws/aws-java-sdk-personalize/1.12.780/aws-java-sdk-personalize-1.12.780.jar:/Users/daria/.m2/repository/com/amazonaws/aws-java-sdk-personalizeruntime/1.12.780/aws-java-sdk-personalizeruntime-1.12.780.jar:/Users/daria/.m2/repository/com/amazonaws/aws-java-sdk-ioteventsdata/1.12.780/aws-java-sdk-ioteventsdata-1.12.780.jar:/Users/daria/.m2/repository/com/amazonaws/aws-java-sdk-iotevents/1.12.780/aws-java-sdk-iotevents-1.12.780.jar:/Users/daria/.m2/repository/com/amazonaws/aws-java-sdk-iotthingsgraph/1.12.780/aws-java-sdk-iotthingsgraph-1.12.780.jar:/Users/daria/.m2/repository/com/amazonaws/aws-java-sdk-groundstation/1.12.780/aws-java-sdk-groundstation-1.12.780.jar:/Users/daria/.m2/repository/com/amazonaws/aws-java-sdk-mediapackagevod/1.12.780/aws-java-sdk-mediapackagevod-1.12.780.jar:/Users/daria/.m2/repository/com/amazonaws/aws-java-sdk-managedblockchain/1.12.780/aws-java-sdk-managedblockchain-1.12.780.jar:/Users/daria/.m2/repository/com/amazonaws/aws-java-sdk-textract/1.12.780/aws-java-sdk-textract-1.12.780.jar:/Users/daria/.m2/repository/com/amazonaws/aws-java-sdk-worklink/1.12.780/aws-java-sdk-worklink-1.12.780.jar:/Users/daria/.m2/repository/com/amazonaws/aws-java-sdk-backup/1.12.780/aws-java-sdk-backup-1.12.780.jar:/Users/daria/.m2/repository/com/amazonaws/aws-java-sdk-docdb/1.12.780/aws-java-sdk-docdb-1.12.780.jar:/Users/daria/.m2/repository/com/amazonaws/aws-java-sdk-apigatewayv2/1.12.780/aws-java-sdk-apigatewayv2-1.12.780.jar:/Users/daria/.m2/repository/com/amazonaws/aws-java-sdk-apigatewaymanagementapi/1.12.780/aws-java-sdk-apigatewaymanagementapi-1.12.780.jar:/Users/daria/.m2/repository/com/amazonaws/aws-java-sdk-kafka/1.12.780/aws-java-sdk-kafka-1.12.780.jar:/Users/daria/.m2/repository/com/amazonaws/aws-java-sdk-appmesh/1.12.780/aws-java-sdk-appmesh-1.12.780.jar:/Users/daria/.m2/repository/com/amazonaws/aws-java-sdk-licensemanager/1.12.780/aws-java-sdk-licensemanager-1.12.780.jar:/Users/daria/.m2/repository/com/amazonaws/aws-java-sdk-securityhub/1.12.780/aws-java-sdk-securityhub-1.12.780.jar:/Users/daria/.m2/repository/com/amazonaws/aws-java-sdk-fsx/1.12.780/aws-java-sdk-fsx-1.12.780.jar:/Users/daria/.m2/repository/com/amazonaws/aws-java-sdk-mediaconnect/1.12.780/aws-java-sdk-mediaconnect-1.12.780.jar:/Users/daria/.m2/repository/com/amazonaws/aws-java-sdk-kinesisanalyticsv2/1.12.780/aws-java-sdk-kinesisanalyticsv2-1.12.780.jar:/Users/daria/.m2/repository/com/amazonaws/aws-java-sdk-comprehendmedical/1.12.780/aws-java-sdk-comprehendmedical-1.12.780.jar:/Users/daria/.m2/repository/com/amazonaws/aws-java-sdk-globalaccelerator/1.12.780/aws-java-sdk-globalaccelerator-1.12.780.jar:/Users/daria/.m2/repository/com/amazonaws/aws-java-sdk-transfer/1.12.780/aws-java-sdk-transfer-1.12.780.jar:/Users/daria/.m2/repository/com/amazonaws/aws-java-sdk-datasync/1.12.780/aws-java-sdk-datasync-1.12.780.jar:/Users/daria/.m2/repository/com/amazonaws/aws-java-sdk-robomaker/1.12.780/aws-java-sdk-robomaker-1.12.780.jar:/Users/daria/.m2/repository/com/amazonaws/aws-java-sdk-amplify/1.12.780/aws-java-sdk-amplify-1.12.780.jar:/Users/daria/.m2/repository/com/amazonaws/aws-java-sdk-quicksight/1.12.780/aws-java-sdk-quicksight-1.12.780.jar:/Users/daria/.m2/repository/com/amazonaws/aws-java-sdk-rdsdata/1.12.780/aws-java-sdk-rdsdata-1.12.780.jar:/Users/daria/.m2/repository/com/amazonaws/aws-java-sdk-route53resolver/1.12.780/aws-java-sdk-route53resolver-1.12.780.jar:/Users/daria/.m2/repository/com/amazonaws/aws-java-sdk-ram/1.12.780/aws-java-sdk-ram-1.12.780.jar:/Users/daria/.m2/repository/com/amazonaws/aws-java-sdk-s3control/1.12.780/aws-java-sdk-s3control-1.12.780.jar:/Users/daria/.m2/repository/com/amazonaws/aws-java-sdk-pinpointsmsvoice/1.12.780/aws-java-sdk-pinpointsmsvoice-1.12.780.jar:/Users/daria/.m2/repository/com/amazonaws/aws-java-sdk-pinpointemail/1.12.780/aws-java-sdk-pinpointemail-1.12.780.jar:/Users/daria/.m2/repository/com/amazonaws/aws-java-sdk-chime/1.12.780/aws-java-sdk-chime-1.12.780.jar:/Users/daria/.m2/repository/com/amazonaws/aws-java-sdk-signer/1.12.780/aws-java-sdk-signer-1.12.780.jar:/Users/daria/.m2/repository/com/amazonaws/aws-java-sdk-dlm/1.12.780/aws-java-sdk-dlm-1.12.780.jar:/Users/daria/.m2/repository/com/amazonaws/aws-java-sdk-eks/1.12.780/aws-java-sdk-eks-1.12.780.jar:/Users/daria/.m2/repository/com/amazonaws/aws-java-sdk-mediatailor/1.12.780/aws-java-sdk-mediatailor-1.12.780.jar:/Users/daria/.m2/repository/com/amazonaws/aws-java-sdk-neptune/1.12.780/aws-java-sdk-neptune-1.12.780.jar:/Users/daria/.m2/repository/com/amazonaws/aws-java-sdk-pi/1.12.780/aws-java-sdk-pi-1.12.780.jar:/Users/daria/.m2/repository/com/amazonaws/aws-java-sdk-iot1clickprojects/1.12.780/aws-java-sdk-iot1clickprojects-1.12.780.jar:/Users/daria/.m2/repository/com/amazonaws/aws-java-sdk-iot1clickdevices/1.12.780/aws-java-sdk-iot1clickdevices-1.12.780.jar:/Users/daria/.m2/repository/com/amazonaws/aws-java-sdk-iotanalytics/1.12.780/aws-java-sdk-iotanalytics-1.12.780.jar:/Users/daria/.m2/repository/com/amazonaws/aws-java-sdk-acmpca/1.12.780/aws-java-sdk-acmpca-1.12.780.jar:/Users/daria/.m2/repository/com/amazonaws/aws-java-sdk-secretsmanager/1.12.780/aws-java-sdk-secretsmanager-1.12.780.jar:/Users/daria/.m2/repository/com/amazonaws/aws-java-sdk-fms/1.12.780/aws-java-sdk-fms-1.12.780.jar:/Users/daria/.m2/repository/com/amazonaws/aws-java-sdk-connect/1.12.780/aws-java-sdk-connect-1.12.780.jar:/Users/daria/.m2/repository/com/amazonaws/aws-java-sdk-transcribe/1.12.780/aws-java-sdk-transcribe-1.12.780.jar:/Users/daria/.m2/repository/com/amazonaws/aws-java-sdk-autoscalingplans/1.12.780/aws-java-sdk-autoscalingplans-1.12.780.jar:/Users/daria/.m2/repository/com/amazonaws/aws-java-sdk-workmail/1.12.780/aws-java-sdk-workmail-1.12.780.jar:/Users/daria/.m2/repository/com/amazonaws/aws-java-sdk-servicediscovery/1.12.780/aws-java-sdk-servicediscovery-1.12.780.jar:/Users/daria/.m2/repository/com/amazonaws/aws-java-sdk-cloud9/1.12.780/aws-java-sdk-cloud9-1.12.780.jar:/Users/daria/.m2/repository/com/amazonaws/aws-java-sdk-serverlessapplicationrepository/1.12.780/aws-java-sdk-serverlessapplicationrepository-1.12.780.jar:/Users/daria/.m2/repository/com/amazonaws/aws-java-sdk-resourcegroups/1.12.780/aws-java-sdk-resourcegroups-1.12.780.jar:/Users/daria/.m2/repository/com/amazonaws/aws-java-sdk-comprehend/1.12.780/aws-java-sdk-comprehend-1.12.780.jar:/Users/daria/.m2/repository/com/amazonaws/aws-java-sdk-translate/1.12.780/aws-java-sdk-translate-1.12.780.jar:/Users/daria/.m2/repository/com/amazonaws/aws-java-sdk-sagemaker/1.12.780/aws-java-sdk-sagemaker-1.12.780.jar:/Users/daria/.m2/repository/com/amazonaws/aws-java-sdk-iotjobsdataplane/1.12.780/aws-java-sdk-iotjobsdataplane-1.12.780.jar:/Users/daria/.m2/repository/com/amazonaws/aws-java-sdk-sagemakerruntime/1.12.780/aws-java-sdk-sagemakerruntime-1.12.780.jar:/Users/daria/.m2/repository/com/amazonaws/aws-java-sdk-kinesisvideo/1.12.780/aws-java-sdk-kinesisvideo-1.12.780.jar:/Users/daria/.m2/repository/io/netty/netty-codec-http/4.1.114.Final/netty-codec-http-4.1.114.Final.jar:/Users/daria/.m2/repository/io/netty/netty-common/4.1.114.Final/netty-common-4.1.114.Final.jar:/Users/daria/.m2/repository/io/netty/netty-buffer/4.1.114.Final/netty-buffer-4.1.114.Final.jar:/Users/daria/.m2/repository/io/netty/netty-transport/4.1.114.Final/netty-transport-4.1.114.Final.jar:/Users/daria/.m2/repository/io/netty/netty-codec/4.1.114.Final/netty-codec-4.1.114.Final.jar:/Users/daria/.m2/repository/io/netty/netty-handler/4.1.114.Final/netty-handler-4.1.114.Final.jar:/Users/daria/.m2/repository/io/netty/netty-resolver/4.1.114.Final/netty-resolver-4.1.114.Final.jar:/Users/daria/.m2/repository/io/netty/netty-transport-native-unix-common/4.1.114.Final/netty-transport-native-unix-common-4.1.114.Final.jar:/Users/daria/.m2/repository/com/amazonaws/aws-java-sdk-appsync/1.12.780/aws-java-sdk-appsync-1.12.780.jar:/Users/daria/.m2/repository/com/amazonaws/aws-java-sdk-guardduty/1.12.780/aws-java-sdk-guardduty-1.12.780.jar:/Users/daria/.m2/repository/com/amazonaws/aws-java-sdk-mq/1.12.780/aws-java-sdk-mq-1.12.780.jar:/Users/daria/.m2/repository/com/amazonaws/aws-java-sdk-mediaconvert/1.12.780/aws-java-sdk-mediaconvert-1.12.780.jar:/Users/daria/.m2/repository/com/amazonaws/aws-java-sdk-mediastore/1.12.780/aws-java-sdk-mediastore-1.12.780.jar:/Users/daria/.m2/repository/com/amazonaws/aws-java-sdk-mediastoredata/1.12.780/aws-java-sdk-mediastoredata-1.12.780.jar:/Users/daria/.m2/repository/com/amazonaws/aws-java-sdk-medialive/1.12.780/aws-java-sdk-medialive-1.12.780.jar:/Users/daria/.m2/repository/com/amazonaws/aws-java-sdk-mediapackage/1.12.780/aws-java-sdk-mediapackage-1.12.780.jar:/Users/daria/.m2/repository/com/amazonaws/aws-java-sdk-costexplorer/1.12.780/aws-java-sdk-costexplorer-1.12.780.jar:/Users/daria/.m2/repository/com/amazonaws/aws-java-sdk-pricing/1.12.780/aws-java-sdk-pricing-1.12.780.jar:/Users/daria/.m2/repository/com/amazonaws/aws-java-sdk-cloudhsmv2/1.12.780/aws-java-sdk-cloudhsmv2-1.12.780.jar:/Users/daria/.m2/repository/com/amazonaws/aws-java-sdk-glue/1.12.780/aws-java-sdk-glue-1.12.780.jar:/Users/daria/.m2/repository/com/amazonaws/aws-java-sdk-migrationhub/1.12.780/aws-java-sdk-migrationhub-1.12.780.jar:/Users/daria/.m2/repository/com/amazonaws/aws-java-sdk-dax/1.12.780/aws-java-sdk-dax-1.12.780.jar:/Users/daria/.m2/repository/com/amazonaws/aws-java-sdk-greengrass/1.12.780/aws-java-sdk-greengrass-1.12.780.jar:/Users/daria/.m2/repository/com/amazonaws/aws-java-sdk-athena/1.12.780/aws-java-sdk-athena-1.12.780.jar:/Users/daria/.m2/repository/com/amazonaws/aws-java-sdk-marketplaceentitlement/1.12.780/aws-java-sdk-marketplaceentitlement-1.12.780.jar:/Users/daria/.m2/repository/com/amazonaws/aws-java-sdk-codestar/1.12.780/aws-java-sdk-codestar-1.12.780.jar:/Users/daria/.m2/repository/com/amazonaws/aws-java-sdk-lexmodelbuilding/1.12.780/aws-java-sdk-lexmodelbuilding-1.12.780.jar:/Users/daria/.m2/repository/com/amazonaws/aws-java-sdk-resourcegroupstaggingapi/1.12.780/aws-java-sdk-resourcegroupstaggingapi-1.12.780.jar:/Users/daria/.m2/repository/com/amazonaws/aws-java-sdk-pinpoint/1.12.780/aws-java-sdk-pinpoint-1.12.780.jar:/Users/daria/.m2/repository/com/amazonaws/aws-java-sdk-xray/1.12.780/aws-java-sdk-xray-1.12.780.jar:/Users/daria/.m2/repository/com/amazonaws/aws-java-sdk-opsworkscm/1.12.780/aws-java-sdk-opsworkscm-1.12.780.jar:/Users/daria/.m2/repository/com/amazonaws/aws-java-sdk-support/1.12.780/aws-java-sdk-support-1.12.780.jar:/Users/daria/.m2/repository/com/amazonaws/aws-java-sdk-simpledb/1.12.780/aws-java-sdk-simpledb-1.12.780.jar:/Users/daria/.m2/repository/com/amazonaws/aws-java-sdk-servicecatalog/1.12.780/aws-java-sdk-servicecatalog-1.12.780.jar:/Users/daria/.m2/repository/com/amazonaws/aws-java-sdk-servermigration/1.12.780/aws-java-sdk-servermigration-1.12.780.jar:/Users/daria/.m2/repository/com/amazonaws/aws-java-sdk-simpleworkflow/1.12.780/aws-java-sdk-simpleworkflow-1.12.780.jar:/Users/daria/.m2/repository/com/amazonaws/aws-java-sdk-storagegateway/1.12.780/aws-java-sdk-storagegateway-1.12.780.jar:/Users/daria/.m2/repository/com/amazonaws/aws-java-sdk-route53/1.12.780/aws-java-sdk-route53-1.12.780.jar:/Users/daria/.m2/repository/com/amazonaws/aws-java-sdk-s3/1.12.780/aws-java-sdk-s3-1.12.780.jar:/Users/daria/.m2/repository/com/amazonaws/aws-java-sdk-importexport/1.12.780/aws-java-sdk-importexport-1.12.780.jar:/Users/daria/.m2/repository/com/amazonaws/aws-java-sdk-sts/1.12.780/aws-java-sdk-sts-1.12.780.jar:/Users/daria/.m2/repository/com/amazonaws/aws-java-sdk-sqs/1.12.780/aws-java-sdk-sqs-1.12.780.jar:/Users/daria/.m2/repository/com/amazonaws/aws-java-sdk-rds/1.12.780/aws-java-sdk-rds-1.12.780.jar:/Users/daria/.m2/repository/com/amazonaws/aws-java-sdk-redshift/1.12.780/aws-java-sdk-redshift-1.12.780.jar:/Users/daria/.m2/repository/com/amazonaws/aws-java-sdk-elasticbeanstalk/1.12.780/aws-java-sdk-elasticbeanstalk-1.12.780.jar:/Users/daria/.m2/repository/com/amazonaws/aws-java-sdk-glacier/1.12.780/aws-java-sdk-glacier-1.12.780.jar:/Users/daria/.m2/repository/com/amazonaws/aws-java-sdk-iam/1.12.780/aws-java-sdk-iam-1.12.780.jar:/Users/daria/.m2/repository/com/amazonaws/aws-java-sdk-datapipeline/1.12.780/aws-java-sdk-datapipeline-1.12.780.jar:/Users/daria/.m2/repository/com/amazonaws/aws-java-sdk-elasticloadbalancing/1.12.780/aws-java-sdk-elasticloadbalancing-1.12.780.jar:/Users/daria/.m2/repository/com/amazonaws/aws-java-sdk-elasticloadbalancingv2/1.12.780/aws-java-sdk-elasticloadbalancingv2-1.12.780.jar:/Users/daria/.m2/repository/com/amazonaws/aws-java-sdk-emr/1.12.780/aws-java-sdk-emr-1.12.780.jar:/Users/daria/.m2/repository/com/amazonaws/aws-java-sdk-elasticache/1.12.780/aws-java-sdk-elasticache-1.12.780.jar:/Users/daria/.m2/repository/com/amazonaws/aws-java-sdk-elastictranscoder/1.12.780/aws-java-sdk-elastictranscoder-1.12.780.jar:/Users/daria/.m2/repository/com/amazonaws/aws-java-sdk-ec2/1.12.780/aws-java-sdk-ec2-1.12.780.jar:/Users/daria/.m2/repository/com/amazonaws/aws-java-sdk-dynamodb/1.12.780/aws-java-sdk-dynamodb-1.12.780.jar:/Users/daria/.m2/repository/com/amazonaws/aws-java-sdk-sns/1.12.780/aws-java-sdk-sns-1.12.780.jar:/Users/daria/.m2/repository/com/amazonaws/aws-java-sdk-budgets/1.12.780/aws-java-sdk-budgets-1.12.780.jar:/Users/daria/.m2/repository/com/amazonaws/aws-java-sdk-cloudtrail/1.12.780/aws-java-sdk-cloudtrail-1.12.780.jar:/Users/daria/.m2/repository/com/amazonaws/aws-java-sdk-cloudwatch/1.12.780/aws-java-sdk-cloudwatch-1.12.780.jar:/Users/daria/.m2/repository/com/amazonaws/aws-java-sdk-logs/1.12.780/aws-java-sdk-logs-1.12.780.jar:/Users/daria/.m2/repository/com/amazonaws/aws-java-sdk-events/1.12.780/aws-java-sdk-events-1.12.780.jar:/Users/daria/.m2/repository/com/amazonaws/aws-java-sdk-cognitoidentity/1.12.780/aws-java-sdk-cognitoidentity-1.12.780.jar:/Users/daria/.m2/repository/com/amazonaws/aws-java-sdk-cognitosync/1.12.780/aws-java-sdk-cognitosync-1.12.780.jar:/Users/daria/.m2/repository/com/amazonaws/aws-java-sdk-directconnect/1.12.780/aws-java-sdk-directconnect-1.12.780.jar:/Users/daria/.m2/repository/com/amazonaws/aws-java-sdk-cloudformation/1.12.780/aws-java-sdk-cloudformation-1.12.780.jar:/Users/daria/.m2/repository/com/amazonaws/aws-java-sdk-cloudfront/1.12.780/aws-java-sdk-cloudfront-1.12.780.jar:/Users/daria/.m2/repository/com/amazonaws/aws-java-sdk-clouddirectory/1.12.780/aws-java-sdk-clouddirectory-1.12.780.jar:/Users/daria/.m2/repository/com/amazonaws/aws-java-sdk-kinesis/1.12.780/aws-java-sdk-kinesis-1.12.780.jar:/Users/daria/.m2/repository/com/amazonaws/aws-java-sdk-opsworks/1.12.780/aws-java-sdk-opsworks-1.12.780.jar:/Users/daria/.m2/repository/com/amazonaws/aws-java-sdk-ses/1.12.780/aws-java-sdk-ses-1.12.780.jar:/Users/daria/.m2/repository/com/amazonaws/aws-java-sdk-autoscaling/1.12.780/aws-java-sdk-autoscaling-1.12.780.jar:/Users/daria/.m2/repository/com/amazonaws/aws-java-sdk-cloudsearch/1.12.780/aws-java-sdk-cloudsearch-1.12.780.jar:/Users/daria/.m2/repository/com/amazonaws/aws-java-sdk-cloudwatchmetrics/1.12.780/aws-java-sdk-cloudwatchmetrics-1.12.780.jar:/Users/daria/.m2/repository/com/amazonaws/aws-java-sdk-codedeploy/1.12.780/aws-java-sdk-codedeploy-1.12.780.jar:/Users/daria/.m2/repository/com/amazonaws/aws-java-sdk-codepipeline/1.12.780/aws-java-sdk-codepipeline-1.12.780.jar:/Users/daria/.m2/repository/com/amazonaws/aws-java-sdk-kms/1.12.780/aws-java-sdk-kms-1.12.780.jar:/Users/daria/.m2/repository/com/amazonaws/aws-java-sdk-config/1.12.780/aws-java-sdk-config-1.12.780.jar:/Users/daria/.m2/repository/com/amazonaws/aws-java-sdk-lambda/1.12.780/aws-java-sdk-lambda-1.12.780.jar:/Users/daria/.m2/repository/com/amazonaws/aws-java-sdk-ecs/1.12.780/aws-java-sdk-ecs-1.12.780.jar:/Users/daria/.m2/repository/com/amazonaws/aws-java-sdk-ecr/1.12.780/aws-java-sdk-ecr-1.12.780.jar:/Users/daria/.m2/repository/com/amazonaws/aws-java-sdk-cloudhsm/1.12.780/aws-java-sdk-cloudhsm-1.12.780.jar:/Users/daria/.m2/repository/com/amazonaws/aws-java-sdk-ssm/1.12.780/aws-java-sdk-ssm-1.12.780.jar:/Users/daria/.m2/repository/com/amazonaws/aws-java-sdk-workspaces/1.12.780/aws-java-sdk-workspaces-1.12.780.jar:/Users/daria/.m2/repository/com/amazonaws/aws-java-sdk-machinelearning/1.12.780/aws-java-sdk-machinelearning-1.12.780.jar:/Users/daria/.m2/repository/com/amazonaws/aws-java-sdk-directory/1.12.780/aws-java-sdk-directory-1.12.780.jar:/Users/daria/.m2/repository/com/amazonaws/aws-java-sdk-efs/1.12.780/aws-java-sdk-efs-1.12.780.jar:/Users/daria/.m2/repository/com/amazonaws/aws-java-sdk-codecommit/1.12.780/aws-java-sdk-codecommit-1.12.780.jar:/Users/daria/.m2/repository/com/amazonaws/aws-java-sdk-devicefarm/1.12.780/aws-java-sdk-devicefarm-1.12.780.jar:/Users/daria/.m2/repository/com/amazonaws/aws-java-sdk-elasticsearch/1.12.780/aws-java-sdk-elasticsearch-1.12.780.jar:/Users/daria/.m2/repository/com/amazonaws/aws-java-sdk-waf/1.12.780/aws-java-sdk-waf-1.12.780.jar:/Users/daria/.m2/repository/com/amazonaws/aws-java-sdk-marketplacecommerceanalytics/1.12.780/aws-java-sdk-marketplacecommerceanalytics-1.12.780.jar:/Users/daria/.m2/repository/com/amazonaws/aws-java-sdk-inspector/1.12.780/aws-java-sdk-inspector-1.12.780.jar:/Users/daria/.m2/repository/com/amazonaws/aws-java-sdk-iot/1.12.780/aws-java-sdk-iot-1.12.780.jar:/Users/daria/.m2/repository/com/amazonaws/aws-java-sdk-api-gateway/1.12.780/aws-java-sdk-api-gateway-1.12.780.jar:/Users/daria/.m2/repository/com/amazonaws/aws-java-sdk-acm/1.12.780/aws-java-sdk-acm-1.12.780.jar:/Users/daria/.m2/repository/com/amazonaws/aws-java-sdk-gamelift/1.12.780/aws-java-sdk-gamelift-1.12.780.jar:/Users/daria/.m2/repository/com/amazonaws/aws-java-sdk-dms/1.12.780/aws-java-sdk-dms-1.12.780.jar:/Users/daria/.m2/repository/com/amazonaws/aws-java-sdk-marketplacemeteringservice/1.12.780/aws-java-sdk-marketplacemeteringservice-1.12.780.jar:/Users/daria/.m2/repository/com/amazonaws/aws-java-sdk-cognitoidp/1.12.780/aws-java-sdk-cognitoidp-1.12.780.jar:/Users/daria/.m2/repository/com/amazonaws/aws-java-sdk-discovery/1.12.780/aws-java-sdk-discovery-1.12.780.jar:/Users/daria/.m2/repository/com/amazonaws/aws-java-sdk-applicationautoscaling/1.12.780/aws-java-sdk-applicationautoscaling-1.12.780.jar:/Users/daria/.m2/repository/com/amazonaws/aws-java-sdk-snowball/1.12.780/aws-java-sdk-snowball-1.12.780.jar:/Users/daria/.m2/repository/com/amazonaws/aws-java-sdk-rekognition/1.12.780/aws-java-sdk-rekognition-1.12.780.jar:/Users/daria/.m2/repository/com/amazonaws/aws-java-sdk-polly/1.12.780/aws-java-sdk-polly-1.12.780.jar:/Users/daria/.m2/repository/com/amazonaws/aws-java-sdk-lightsail/1.12.780/aws-java-sdk-lightsail-1.12.780.jar:/Users/daria/.m2/repository/com/amazonaws/aws-java-sdk-stepfunctions/1.12.780/aws-java-sdk-stepfunctions-1.12.780.jar:/Users/daria/.m2/repository/com/amazonaws/aws-java-sdk-health/1.12.780/aws-java-sdk-health-1.12.780.jar:/Users/daria/.m2/repository/com/amazonaws/aws-java-sdk-costandusagereport/1.12.780/aws-java-sdk-costandusagereport-1.12.780.jar:/Users/daria/.m2/repository/com/amazonaws/aws-java-sdk-codebuild/1.12.780/aws-java-sdk-codebuild-1.12.780.jar:/Users/daria/.m2/repository/com/amazonaws/aws-java-sdk-appstream/1.12.780/aws-java-sdk-appstream-1.12.780.jar:/Users/daria/.m2/repository/com/amazonaws/aws-java-sdk-shield/1.12.780/aws-java-sdk-shield-1.12.780.jar:/Users/daria/.m2/repository/com/amazonaws/aws-java-sdk-batch/1.12.780/aws-java-sdk-batch-1.12.780.jar:/Users/daria/.m2/repository/com/amazonaws/aws-java-sdk-lex/1.12.780/aws-java-sdk-lex-1.12.780.jar:/Users/daria/.m2/repository/com/amazonaws/aws-java-sdk-mechanicalturkrequester/1.12.780/aws-java-sdk-mechanicalturkrequester-1.12.780.jar:/Users/daria/.m2/repository/com/amazonaws/aws-java-sdk-organizations/1.12.780/aws-java-sdk-organizations-1.12.780.jar:/Users/daria/.m2/repository/com/amazonaws/aws-java-sdk-workdocs/1.12.780/aws-java-sdk-workdocs-1.12.780.jar:/Users/daria/.m2/repository/com/amazonaws/aws-java-sdk-core/1.12.780/aws-java-sdk-core-1.12.780.jar:/Users/daria/.m2/repository/commons-logging/commons-logging/1.1.3/commons-logging-1.1.3.jar:/Users/daria/.m2/repository/org/apache/httpcomponents/httpclient/4.5.13/httpclient-4.5.13.jar:/Users/daria/.m2/repository/org/apache/httpcomponents/httpcore/4.4.16/httpcore-4.4.16.jar:/Users/daria/.m2/repository/com/fasterxml/jackson/dataformat/jackson-dataformat-cbor/2.17.2/jackson-dataformat-cbor-2.17.2.jar:/Users/daria/.m2/repository/joda-time/joda-time/2.12.7/joda-time-2.12.7.jar:/Users/daria/.m2/repository/com/amazonaws/aws-java-sdk-models/1.12.780/aws-java-sdk-models-1.12.780.jar:/Users/daria/.m2/repository/com/amazonaws/aws-java-sdk-swf-libraries/1.11.22/aws-java-sdk-swf-libraries-1.11.22.jar:/Users/daria/.m2/repository/org/springdoc/springdoc-openapi-starter-webmvc-ui/2.2.0/springdoc-openapi-starter-webmvc-ui-2.2.0.jar:/Users/daria/.m2/repository/org/springdoc/springdoc-openapi-starter-webmvc-api/2.2.0/springdoc-openapi-starter-webmvc-api-2.2.0.jar:/Users/daria/.m2/repository/org/springdoc/springdoc-openapi-starter-common/2.2.0/springdoc-openapi-starter-common-2.2.0.jar:/Users/daria/.m2/repository/io/swagger/core/v3/swagger-core-jakarta/2.2.15/swagger-core-jakarta-2.2.15.jar:/Users/daria/.m2/repository/io/swagger/core/v3/swagger-annotations-jakarta/2.2.15/swagger-annotations-jakarta-2.2.15.jar:/Users/daria/.m2/repository/io/swagger/core/v3/swagger-models-jakarta/2.2.15/swagger-models-jakarta-2.2.15.jar:/Users/daria/.m2/repository/com/fasterxml/jackson/dataformat/jackson-dataformat-yaml/2.17.2/jackson-dataformat-yaml-2.17.2.jar:/Users/daria/.m2/repository/org/webjars/swagger-ui/5.2.0/swagger-ui-5.2.0.jar:/Users/daria/.m2/repository/org/springframework/boot/spring-boot-starter-data-mongodb/3.3.5/spring-boot-starter-data-mongodb-3.3.5.jar:/Users/daria/.m2/repository/org/springframework/boot/spring-boot-starter/3.3.5/spring-boot-starter-3.3.5.jar:/Users/daria/.m2/repository/org/springframework/boot/spring-boot/3.3.5/spring-boot-3.3.5.jar:/Users/daria/.m2/repository/org/springframework/boot/spring-boot-autoconfigure/3.3.5/spring-boot-autoconfigure-3.3.5.jar:/Users/daria/.m2/repository/org/springframework/boot/spring-boot-starter-logging/3.3.5/spring-boot-starter-logging-3.3.5.jar:/Users/daria/.m2/repository/ch/qos/logback/logback-classic/1.5.11/logback-classic-1.5.11.jar:/Users/daria/.m2/repository/ch/qos/logback/logback-core/1.5.11/logback-core-1.5.11.jar:/Users/daria/.m2/repository/org/apache/logging/log4j/log4j-to-slf4j/2.23.1/log4j-to-slf4j-2.23.1.jar:/Users/daria/.m2/repository/org/apache/logging/log4j/log4j-api/2.23.1/log4j-api-2.23.1.jar:/Users/daria/.m2/repository/org/slf4j/jul-to-slf4j/2.0.16/jul-to-slf4j-2.0.16.jar:/Users/daria/.m2/repository/org/mongodb/mongodb-driver-sync/5.0.1/mongodb-driver-sync-5.0.1.jar:/Users/daria/.m2/repository/org/mongodb/bson/5.0.1/bson-5.0.1.jar:/Users/daria/.m2/repository/org/mongodb/mongodb-driver-core/5.0.1/mongodb-driver-core-5.0.1.jar:/Users/daria/.m2/repository/org/mongodb/bson-record-codec/5.0.1/bson-record-codec-5.0.1.jar:/Users/daria/.m2/repository/org/springframework/data/spring-data-mongodb/4.3.5/spring-data-mongodb-4.3.5.jar:/Users/daria/.m2/repository/org/springframework/spring-expression/6.1.14/spring-expression-6.1.14.jar:/Users/daria/.m2/repository/org/springframework/boot/spring-boot-starter-jdbc/3.3.5/spring-boot-starter-jdbc-3.3.5.jar:/Users/daria/.m2/repository/com/zaxxer/HikariCP/5.1.0/HikariCP-5.1.0.jar:/Users/daria/.m2/repository/org/springframework/spring-jdbc/6.1.14/spring-jdbc-6.1.14.jar:/Users/daria/.m2/repository/org/springframework/boot/spring-boot-starter-web/3.3.5/spring-boot-starter-web-3.3.5.jar:/Users/daria/.m2/repository/org/springframework/boot/spring-boot-starter-json/3.3.5/spring-boot-starter-json-3.3.5.jar:/Users/daria/.m2/repository/com/fasterxml/jackson/datatype/jackson-datatype-jdk8/2.17.2/jackson-datatype-jdk8-2.17.2.jar:/Users/daria/.m2/repository/com/fasterxml/jackson/datatype/jackson-datatype-jsr310/2.17.2/jackson-datatype-jsr310-2.17.2.jar:/Users/daria/.m2/repository/com/fasterxml/jackson/module/jackson-module-parameter-names/2.17.2/jackson-module-parameter-names-2.17.2.jar:/Users/daria/.m2/repository/org/springframework/boot/spring-boot-starter-tomcat/3.3.5/spring-boot-starter-tomcat-3.3.5.jar:/Users/daria/.m2/repository/org/apache/tomcat/embed/tomcat-embed-core/10.1.31/tomcat-embed-core-10.1.31.jar:/Users/daria/.m2/repository/org/apache/tomcat/embed/tomcat-embed-websocket/10.1.31/tomcat-embed-websocket-10.1.31.jar:/Users/daria/.m2/repository/org/springframework/spring-web/6.1.14/spring-web-6.1.14.jar:/Users/daria/.m2/repository/org/springframework/spring-webmvc/6.1.14/spring-webmvc-6.1.14.jar:/Users/daria/.m2/repository/org/springframework/boot/spring-boot-starter-validation/3.3.5/spring-boot-starter-validation-3.3.5.jar:/Users/daria/.m2/repository/org/apache/tomcat/embed/tomcat-embed-el/10.1.31/tomcat-embed-el-10.1.31.jar:/Users/daria/.m2/repository/org/hibernate/validator/hibernate-validator/8.0.1.Final/hibernate-validator-8.0.1.Final.jar:/Users/daria/.m2/repository/jakarta/validation/jakarta.validation-api/3.0.2/jakarta.validation-api-3.0.2.jar:/Users/daria/.m2/repository/org/springframework/boot/spring-boot-starter-security/3.3.5/spring-boot-starter-security-3.3.5.jar:/Users/daria/.m2/repository/org/springframework/spring-aop/6.1.14/spring-aop-6.1.14.jar:/Users/daria/.m2/repository/org/springframework/security/spring-security-config/6.3.4/spring-security-config-6.3.4.jar:/Users/daria/.m2/repository/org/springframework/security/spring-security-core/6.3.4/spring-security-core-6.3.4.jar:/Users/daria/.m2/repository/org/springframework/security/spring-security-crypto/6.3.4/spring-security-crypto-6.3.4.jar:/Users/daria/.m2/repository/org/springframework/security/spring-security-web/6.3.4/spring-security-web-6.3.4.jar:/Users/daria/.m2/repository/me/paulschwarz/spring-dotenv/4.0.0/spring-dotenv-4.0.0.jar:/Users/daria/.m2/repository/io/github/cdimascio/dotenv-java/3.0.0/dotenv-java-3.0.0.jar:/Users/daria/.m2/repository/io/jsonwebtoken/jjwt-api/0.11.5/jjwt-api-0.11.5.jar:/Users/daria/.m2/repository/org/mindrot/jbcrypt/0.4/jbcrypt-0.4.jar:/Users/daria/.m2/repository/io/jsonwebtoken/jjwt-impl/0.11.5/jjwt-impl-0.11.5.jar:/Users/daria/.m2/repository/io/jsonwebtoken/jjwt-jackson/0.11.5/jjwt-jackson-0.11.5.jar:/Users/daria/.m2/repository/com/fasterxml/jackson/core/jackson-databind/2.17.2/jackson-databind-2.17.2.jar:/Users/daria/.m2/repository/com/fasterxml/jackson/core/jackson-annotations/2.17.2/jackson-annotations-2.17.2.jar:/Users/daria/.m2/repository/com/fasterxml/jackson/core/jackson-core/2.17.2/jackson-core-2.17.2.jar:/Users/daria/.m2/repository/org/postgresql/postgresql/42.7.4/postgresql-42.7.4.jar:/Users/daria/.m2/repository/org/checkerframework/checker-qual/3.42.0/checker-qual-3.42.0.jar:/Users/daria/.m2/repository/org/projectlombok/lombok/1.18.30/lombok-1.18.30.jar:/Users/daria/.m2/repository/org/springframework/boot/spring-boot-starter-test/3.3.5/spring-boot-starter-test-3.3.5.jar:/Users/daria/.m2/repository/org/springframework/boot/spring-boot-test/3.3.5/spring-boot-test-3.3.5.jar:/Users/daria/.m2/repository/org/springframework/boot/spring-boot-test-autoconfigure/3.3.5/spring-boot-test-autoconfigure-3.3.5.jar:/Users/daria/.m2/repository/com/jayway/jsonpath/json-path/2.9.0/json-path-2.9.0.jar:/Users/daria/.m2/repository/jakarta/xml/bind/jakarta.xml.bind-api/4.0.2/jakarta.xml.bind-api-4.0.2.jar:/Users/daria/.m2/repository/jakarta/activation/jakarta.activation-api/2.1.3/jakarta.activation-api-2.1.3.jar:/Users/daria/.m2/repository/net/minidev/json-smart/2.5.1/json-smart-2.5.1.jar:/Users/daria/.m2/repository/net/minidev/accessors-smart/2.5.1/accessors-smart-2.5.1.jar:/Users/daria/.m2/repository/org/ow2/asm/asm/9.6/asm-9.6.jar:/Users/daria/.m2/repository/org/assertj/assertj-core/3.25.3/assertj-core-3.25.3.jar:/Users/daria/.m2/repository/org/awaitility/awaitility/4.2.2/awaitility-4.2.2.jar:/Users/daria/.m2/repository/org/hamcrest/hamcrest/2.2/hamcrest-2.2.jar:/Users/daria/.m2/repository/org/junit/jupiter/junit-jupiter/5.10.5/junit-jupiter-5.10.5.jar:/Users/daria/.m2/repository/org/junit/jupiter/junit-jupiter-api/5.10.5/junit-jupiter-api-5.10.5.jar:/Users/daria/.m2/repository/org/opentest4j/opentest4j/1.3.0/opentest4j-1.3.0.jar:/Users/daria/.m2/repository/org/junit/platform/junit-platform-commons/1.10.5/junit-platform-commons-1.10.5.jar:/Users/daria/.m2/repository/org/apiguardian/apiguardian-api/1.1.2/apiguardian-api-1.1.2.jar:/Users/daria/.m2/repository/org/junit/jupiter/junit-jupiter-params/5.10.5/junit-jupiter-params-5.10.5.jar:/Users/daria/.m2/repository/org/junit/jupiter/junit-jupiter-engine/5.10.5/junit-jupiter-engine-5.10.5.jar:/Users/daria/.m2/repository/org/junit/platform/junit-platform-engine/1.10.5/junit-platform-engine-1.10.5.jar:/Users/daria/.m2/repository/org/mockito/mockito-core/5.11.0/mockito-core-5.11.0.jar:/Users/daria/.m2/repository/net/bytebuddy/byte-buddy-agent/1.14.19/byte-buddy-agent-1.14.19.jar:/Users/daria/.m2/repository/org/objenesis/objenesis/3.3/objenesis-3.3.jar:/Users/daria/.m2/repository/org/mockito/mockito-junit-jupiter/5.11.0/mockito-junit-jupiter-5.11.0.jar:/Users/daria/.m2/repository/org/skyscreamer/jsonassert/1.5.3/jsonassert-1.5.3.jar:/Users/daria/.m2/repository/com/vaadin/external/google/android-json/0.0.20131108.vaadin1/android-json-0.0.20131108.vaadin1.jar:/Users/daria/.m2/repository/org/springframework/spring-core/6.1.14/spring-core-6.1.14.jar:/Users/daria/.m2/repository/org/springframework/spring-jcl/6.1.14/spring-jcl-6.1.14.jar:/Users/daria/.m2/repository/org/springframework/spring-test/6.1.14/spring-test-6.1.14.jar:/Users/daria/.m2/repository/org/xmlunit/xmlunit-core/2.9.1/xmlunit-core-2.9.1.jar:/Users/daria/.m2/repository/org/mapstruct/mapstruct/1.6.0/mapstruct-1.6.0.jar:/Users/daria/.m2/repository/org/mapstruct/mapstruct-processor/1.6.0/mapstruct-processor-1.6.0.jar:/Users/daria/.m2/repository/org/projectlombok/lombok-mapstruct-binding/0.2.0/lombok-mapstruct-binding-0.2.0.jar:/Users/daria/.m2/repository/org/springframework/kafka/spring-kafka/3.2.4/spring-kafka-3.2.4.jar:/Users/daria/.m2/repository/org/springframework/spring-context/6.1.14/spring-context-6.1.14.jar:/Users/daria/.m2/repository/org/springframework/spring-messaging/6.1.14/spring-messaging-6.1.14.jar:/Users/daria/.m2/repository/org/springframework/spring-tx/6.1.14/spring-tx-6.1.14.jar:/Users/daria/.m2/repository/org/springframework/retry/spring-retry/2.0.10/spring-retry-2.0.10.jar:/Users/daria/.m2/repository/org/apache/kafka/kafka-clients/3.7.1/kafka-clients-3.7.1.jar:/Users/daria/.m2/repository/com/github/luben/zstd-jni/1.5.6-3/zstd-jni-1.5.6-3.jar:/Users/daria/.m2/repository/org/lz4/lz4-java/1.8.0/lz4-java-1.8.0.jar:/Users/daria/.m2/repository/org/xerial/snappy/snappy-java/1.1.10.5/snappy-java-1.1.10.5.jar:/Users/daria/.m2/repository/io/micrometer/micrometer-observation/1.13.6/micrometer-observation-1.13.6.jar:/Users/daria/.m2/repository/io/micrometer/micrometer-commons/1.13.6/micrometer-commons-1.13.6.jar:"/>
    <property name="java.vm.vendor" value="Homebrew"/>
    <property name="sun.arch.data.model" value="64"/>
    <property name="java.vendor.url" value="https://github.com/Homebrew/homebrew-core/issues"/>
    <property name="user.timezone" value="Europe/Kiev"/>
    <property name="org.jboss.logging.provider" value="slf4j"/>
    <property name="os.name" value="Mac OS X"/>
    <property name="java.vm.specification.version" value="23"/>
    <property name="sun.java.launcher" value="SUN_STANDARD"/>
    <property name="user.country" value="FK"/>
    <property name="sun.boot.library.path" value="/opt/homebrew/Cellar/openjdk/23.0.2/libexec/openjdk.jdk/Contents/Home/lib"/>
    <property name="sun.java.command" value="/Users/daria/electroplan-backend/target/surefire/surefirebooter-20250414161438080_3.jar /Users/daria/electroplan-backend/target/surefire 2025-04-14T16-14-37_133-jvmRun1 surefire-20250414161438080_1tmp surefire_0-20250414161438080_2tmp"/>
    <property name="http.nonProxyHosts" value="local|*.local|169.254/16|*.169.254/16"/>
    <property name="jdk.debug" value="release"/>
    <property name="surefire.test.class.path" value="/Users/daria/electroplan-backend/target/test-classes:/Users/daria/electroplan-backend/target/classes:/Users/daria/.m2/repository/org/springframework/boot/spring-boot-starter-data-jdbc/3.3.5/spring-boot-starter-data-jdbc-3.3.5.jar:/Users/daria/.m2/repository/org/springframework/data/spring-data-jdbc/3.3.5/spring-data-jdbc-3.3.5.jar:/Users/daria/.m2/repository/org/springframework/data/spring-data-relational/3.3.5/spring-data-relational-3.3.5.jar:/Users/daria/.m2/repository/org/springframework/data/spring-data-commons/3.3.5/spring-data-commons-3.3.5.jar:/Users/daria/.m2/repository/org/springframework/spring-beans/6.1.14/spring-beans-6.1.14.jar:/Users/daria/.m2/repository/org/slf4j/slf4j-api/2.0.16/slf4j-api-2.0.16.jar:/Users/daria/.m2/repository/javax/xml/bind/jaxb-api/2.3.1/jaxb-api-2.3.1.jar:/Users/daria/.m2/repository/javax/activation/javax.activation-api/1.2.0/javax.activation-api-1.2.0.jar:/Users/daria/.m2/repository/org/liquibase/liquibase-core/4.27.0/liquibase-core-4.27.0.jar:/Users/daria/.m2/repository/com/opencsv/opencsv/5.9/opencsv-5.9.jar:/Users/daria/.m2/repository/org/apache/commons/commons-text/1.11.0/commons-text-1.11.0.jar:/Users/daria/.m2/repository/org/apache/commons/commons-collections4/4.4/commons-collections4-4.4.jar:/Users/daria/.m2/repository/org/yaml/snakeyaml/2.2/snakeyaml-2.2.jar:/Users/daria/.m2/repository/org/apache/commons/commons-lang3/3.14.0/commons-lang3-3.14.0.jar:/Users/daria/.m2/repository/org/springframework/boot/spring-boot-starter-data-jpa/3.3.5/spring-boot-starter-data-jpa-3.3.5.jar:/Users/daria/.m2/repository/org/springframework/boot/spring-boot-starter-aop/3.3.5/spring-boot-starter-aop-3.3.5.jar:/Users/daria/.m2/repository/org/aspectj/aspectjweaver/1.9.22.1/aspectjweaver-1.9.22.1.jar:/Users/daria/.m2/repository/org/hibernate/orm/hibernate-core/6.5.3.Final/hibernate-core-6.5.3.Final.jar:/Users/daria/.m2/repository/jakarta/persistence/jakarta.persistence-api/3.1.0/jakarta.persistence-api-3.1.0.jar:/Users/daria/.m2/repository/jakarta/transaction/jakarta.transaction-api/2.0.1/jakarta.transaction-api-2.0.1.jar:/Users/daria/.m2/repository/org/jboss/logging/jboss-logging/3.5.3.Final/jboss-logging-3.5.3.Final.jar:/Users/daria/.m2/repository/org/hibernate/common/hibernate-commons-annotations/6.0.6.Final/hibernate-commons-annotations-6.0.6.Final.jar:/Users/daria/.m2/repository/io/smallrye/jandex/3.1.2/jandex-3.1.2.jar:/Users/daria/.m2/repository/com/fasterxml/classmate/1.7.0/classmate-1.7.0.jar:/Users/daria/.m2/repository/net/bytebuddy/byte-buddy/1.14.19/byte-buddy-1.14.19.jar:/Users/daria/.m2/repository/org/glassfish/jaxb/jaxb-runtime/4.0.5/jaxb-runtime-4.0.5.jar:/Users/daria/.m2/repository/org/glassfish/jaxb/jaxb-core/4.0.5/jaxb-core-4.0.5.jar:/Users/daria/.m2/repository/org/eclipse/angus/angus-activation/2.0.2/angus-activation-2.0.2.jar:/Users/daria/.m2/repository/org/glassfish/jaxb/txw2/4.0.5/txw2-4.0.5.jar:/Users/daria/.m2/repository/com/sun/istack/istack-commons-runtime/4.1.2/istack-commons-runtime-4.1.2.jar:/Users/daria/.m2/repository/jakarta/inject/jakarta.inject-api/2.0.1/jakarta.inject-api-2.0.1.jar:/Users/daria/.m2/repository/org/antlr/antlr4-runtime/4.13.0/antlr4-runtime-4.13.0.jar:/Users/daria/.m2/repository/org/springframework/data/spring-data-jpa/3.3.5/spring-data-jpa-3.3.5.jar:/Users/daria/.m2/repository/org/springframework/spring-orm/6.1.14/spring-orm-6.1.14.jar:/Users/daria/.m2/repository/jakarta/annotation/jakarta.annotation-api/2.1.1/jakarta.annotation-api-2.1.1.jar:/Users/daria/.m2/repository/org/springframework/spring-aspects/6.1.14/spring-aspects-6.1.14.jar:/Users/daria/.m2/repository/commons-codec/commons-codec/1.17.1/commons-codec-1.17.1.jar:/Users/daria/.m2/repository/com/amazonaws/aws-java-sdk/1.12.780/aws-java-sdk-1.12.780.jar:/Users/daria/.m2/repository/com/amazonaws/aws-java-sdk-qapps/1.12.780/aws-java-sdk-qapps-1.12.780.jar:/Users/daria/.m2/repository/com/amazonaws/jmespath-java/1.12.780/jmespath-java-1.12.780.jar:/Users/daria/.m2/repository/com/amazonaws/aws-java-sdk-apptest/1.12.780/aws-java-sdk-apptest-1.12.780.jar:/Users/daria/.m2/repository/com/amazonaws/aws-java-sdk-pcaconnectorscep/1.12.780/aws-java-sdk-pcaconnectorscep-1.12.780.jar:/Users/daria/.m2/repository/com/amazonaws/aws-java-sdk-applicationsignals/1.12.780/aws-java-sdk-applicationsignals-1.12.780.jar:/Users/daria/.m2/repository/com/amazonaws/aws-java-sdk-taxsettings/1.12.780/aws-java-sdk-taxsettings-1.12.780.jar:/Users/daria/.m2/repository/com/amazonaws/aws-java-sdk-mailmanager/1.12.780/aws-java-sdk-mailmanager-1.12.780.jar:/Users/daria/.m2/repository/com/amazonaws/aws-java-sdk-route53profiles/1.12.780/aws-java-sdk-route53profiles-1.12.780.jar:/Users/daria/.m2/repository/com/amazonaws/aws-java-sdk-controlcatalog/1.12.780/aws-java-sdk-controlcatalog-1.12.780.jar:/Users/daria/.m2/repository/com/amazonaws/aws-java-sdk-deadline/1.12.780/aws-java-sdk-deadline-1.12.780.jar:/Users/daria/.m2/repository/com/amazonaws/aws-java-sdk-codeconnections/1.12.780/aws-java-sdk-codeconnections-1.12.780.jar:/Users/daria/.m2/repository/com/amazonaws/aws-java-sdk-timestreaminfluxdb/1.12.780/aws-java-sdk-timestreaminfluxdb-1.12.780.jar:/Users/daria/.m2/repository/com/amazonaws/aws-java-sdk-chatbot/1.12.780/aws-java-sdk-chatbot-1.12.780.jar:/Users/daria/.m2/repository/com/amazonaws/aws-java-sdk-artifact/1.12.780/aws-java-sdk-artifact-1.12.780.jar:/Users/daria/.m2/repository/com/amazonaws/aws-java-sdk-supplychain/1.12.780/aws-java-sdk-supplychain-1.12.780.jar:/Users/daria/.m2/repository/com/amazonaws/aws-java-sdk-networkmonitor/1.12.780/aws-java-sdk-networkmonitor-1.12.780.jar:/Users/daria/.m2/repository/com/amazonaws/aws-java-sdk-marketplaceagreement/1.12.780/aws-java-sdk-marketplaceagreement-1.12.780.jar:/Users/daria/.m2/repository/com/amazonaws/aws-java-sdk-marketplacedeployment/1.12.780/aws-java-sdk-marketplacedeployment-1.12.780.jar:/Users/daria/.m2/repository/com/amazonaws/aws-java-sdk-cleanroomsml/1.12.780/aws-java-sdk-cleanroomsml-1.12.780.jar:/Users/daria/.m2/repository/com/amazonaws/aws-java-sdk-bedrockagent/1.12.780/aws-java-sdk-bedrockagent-1.12.780.jar:/Users/daria/.m2/repository/com/amazonaws/aws-java-sdk-qconnect/1.12.780/aws-java-sdk-qconnect-1.12.780.jar:/Users/daria/.m2/repository/com/amazonaws/aws-java-sdk-qbusiness/1.12.780/aws-java-sdk-qbusiness-1.12.780.jar:/Users/daria/.m2/repository/com/amazonaws/aws-java-sdk-bedrockagentruntime/1.12.780/aws-java-sdk-bedrockagentruntime-1.12.780.jar:/Users/daria/.m2/repository/com/amazonaws/aws-java-sdk-b2bi/1.12.780/aws-java-sdk-b2bi-1.12.780.jar:/Users/daria/.m2/repository/com/amazonaws/aws-java-sdk-workspacesthinclient/1.12.780/aws-java-sdk-workspacesthinclient-1.12.780.jar:/Users/daria/.m2/repository/com/amazonaws/aws-java-sdk-eksauth/1.12.780/aws-java-sdk-eksauth-1.12.780.jar:/Users/daria/.m2/repository/com/amazonaws/aws-java-sdk-freetier/1.12.780/aws-java-sdk-freetier-1.12.780.jar:/Users/daria/.m2/repository/com/amazonaws/aws-java-sdk-bcmdataexports/1.12.780/aws-java-sdk-bcmdataexports-1.12.780.jar:/Users/daria/.m2/repository/com/amazonaws/aws-java-sdk-repostspace/1.12.780/aws-java-sdk-repostspace-1.12.780.jar:/Users/daria/.m2/repository/com/amazonaws/aws-java-sdk-costoptimizationhub/1.12.780/aws-java-sdk-costoptimizationhub-1.12.780.jar:/Users/daria/.m2/repository/com/amazonaws/aws-java-sdk-inspectorscan/1.12.780/aws-java-sdk-inspectorscan-1.12.780.jar:/Users/daria/.m2/repository/com/amazonaws/aws-java-sdk-trustedadvisor/1.12.780/aws-java-sdk-trustedadvisor-1.12.780.jar:/Users/daria/.m2/repository/com/amazonaws/aws-java-sdk-launchwizard/1.12.780/aws-java-sdk-launchwizard-1.12.780.jar:/Users/daria/.m2/repository/com/amazonaws/aws-java-sdk-datazoneexternal/1.12.780/aws-java-sdk-datazoneexternal-1.12.780.jar:/Users/daria/.m2/repository/com/amazonaws/aws-java-sdk-bedrock/1.12.780/aws-java-sdk-bedrock-1.12.780.jar:/Users/daria/.m2/repository/com/amazonaws/aws-java-sdk-bedrockruntime/1.12.780/aws-java-sdk-bedrockruntime-1.12.780.jar:/Users/daria/.m2/repository/com/amazonaws/aws-java-sdk-neptunedata/1.12.780/aws-java-sdk-neptunedata-1.12.780.jar:/Users/daria/.m2/repository/com/amazonaws/aws-java-sdk-pcaconnectorad/1.12.780/aws-java-sdk-pcaconnectorad-1.12.780.jar:/Users/daria/.m2/repository/com/amazonaws/aws-java-sdk-managedblockchainquery/1.12.780/aws-java-sdk-managedblockchainquery-1.12.780.jar:/Users/daria/.m2/repository/com/amazonaws/aws-java-sdk-entityresolution/1.12.780/aws-java-sdk-entityresolution-1.12.780.jar:/Users/daria/.m2/repository/com/amazonaws/aws-java-sdk-medicalimaging/1.12.780/aws-java-sdk-medicalimaging-1.12.780.jar:/Users/daria/.m2/repository/com/amazonaws/aws-java-sdk-appfabric/1.12.780/aws-java-sdk-appfabric-1.12.780.jar:/Users/daria/.m2/repository/com/amazonaws/aws-java-sdk-verifiedpermissions/1.12.780/aws-java-sdk-verifiedpermissions-1.12.780.jar:/Users/daria/.m2/repository/com/amazonaws/aws-java-sdk-codegurusecurity/1.12.780/aws-java-sdk-codegurusecurity-1.12.780.jar:/Users/daria/.m2/repository/com/amazonaws/aws-java-sdk-paymentcryptography/1.12.780/aws-java-sdk-paymentcryptography-1.12.780.jar:/Users/daria/.m2/repository/com/amazonaws/aws-java-sdk-paymentcryptographydata/1.12.780/aws-java-sdk-paymentcryptographydata-1.12.780.jar:/Users/daria/.m2/repository/com/amazonaws/aws-java-sdk-mediapackagev2/1.12.780/aws-java-sdk-mediapackagev2-1.12.780.jar:/Users/daria/.m2/repository/com/amazonaws/aws-java-sdk-osis/1.12.780/aws-java-sdk-osis-1.12.780.jar:/Users/daria/.m2/repository/com/amazonaws/aws-java-sdk-vpclattice/1.12.780/aws-java-sdk-vpclattice-1.12.780.jar:/Users/daria/.m2/repository/com/amazonaws/aws-java-sdk-ivsrealtime/1.12.780/aws-java-sdk-ivsrealtime-1.12.780.jar:/Users/daria/.m2/repository/com/amazonaws/aws-java-sdk-internetmonitor/1.12.780/aws-java-sdk-internetmonitor-1.12.780.jar:/Users/daria/.m2/repository/com/amazonaws/aws-java-sdk-tnb/1.12.780/aws-java-sdk-tnb-1.12.780.jar:/Users/daria/.m2/repository/com/amazonaws/aws-java-sdk-cloudtraildata/1.12.780/aws-java-sdk-cloudtraildata-1.12.780.jar:/Users/daria/.m2/repository/com/amazonaws/aws-java-sdk-cleanrooms/1.12.780/aws-java-sdk-cleanrooms-1.12.780.jar:/Users/daria/.m2/repository/com/amazonaws/aws-java-sdk-kendraranking/1.12.780/aws-java-sdk-kendraranking-1.12.780.jar:/Users/daria/.m2/repository/com/amazonaws/aws-java-sdk-licensemanagerlinuxsubscriptions/1.12.780/aws-java-sdk-licensemanagerlinuxsubscriptions-1.12.780.jar:/Users/daria/.m2/repository/com/amazonaws/aws-java-sdk-kinesisvideowebrtcstorage/1.12.780/aws-java-sdk-kinesisvideowebrtcstorage-1.12.780.jar:/Users/daria/.m2/repository/com/amazonaws/aws-java-sdk-sagemakermetrics/1.12.780/aws-java-sdk-sagemakermetrics-1.12.780.jar:/Users/daria/.m2/repository/com/amazonaws/aws-java-sdk-pipes/1.12.780/aws-java-sdk-pipes-1.12.780.jar:/Users/daria/.m2/repository/com/amazonaws/aws-java-sdk-sagemakergeospatial/1.12.780/aws-java-sdk-sagemakergeospatial-1.12.780.jar:/Users/daria/.m2/repository/com/amazonaws/aws-java-sdk-docdbelastic/1.12.780/aws-java-sdk-docdbelastic-1.12.780.jar:/Users/daria/.m2/repository/com/amazonaws/aws-java-sdk-omics/1.12.780/aws-java-sdk-omics-1.12.780.jar:/Users/daria/.m2/repository/com/amazonaws/aws-java-sdk-opensearchserverless/1.12.780/aws-java-sdk-opensearchserverless-1.12.780.jar:/Users/daria/.m2/repository/com/amazonaws/aws-java-sdk-securitylake/1.12.780/aws-java-sdk-securitylake-1.12.780.jar:/Users/daria/.m2/repository/com/amazonaws/aws-java-sdk-simspaceweaver/1.12.780/aws-java-sdk-simspaceweaver-1.12.780.jar:/Users/daria/.m2/repository/com/amazonaws/aws-java-sdk-arczonalshift/1.12.780/aws-java-sdk-arczonalshift-1.12.780.jar:/Users/daria/.m2/repository/com/amazonaws/aws-java-sdk-oam/1.12.780/aws-java-sdk-oam-1.12.780.jar:/Users/daria/.m2/repository/com/amazonaws/aws-java-sdk-chimesdkvoice/1.12.780/aws-java-sdk-chimesdkvoice-1.12.780.jar:/Users/daria/.m2/repository/com/amazonaws/aws-java-sdk-ssmsap/1.12.780/aws-java-sdk-ssmsap-1.12.780.jar:/Users/daria/.m2/repository/com/amazonaws/aws-java-sdk-scheduler/1.12.780/aws-java-sdk-scheduler-1.12.780.jar:/Users/daria/.m2/repository/com/amazonaws/aws-java-sdk-resourceexplorer2/1.12.780/aws-java-sdk-resourceexplorer2-1.12.780.jar:/Users/daria/.m2/repository/com/amazonaws/aws-java-sdk-connectcases/1.12.780/aws-java-sdk-connectcases-1.12.780.jar:/Users/daria/.m2/repository/com/amazonaws/aws-java-sdk-migrationhuborchestrator/1.12.780/aws-java-sdk-migrationhuborchestrator-1.12.780.jar:/Users/daria/.m2/repository/com/amazonaws/aws-java-sdk-iotfleetwise/1.12.780/aws-java-sdk-iotfleetwise-1.12.780.jar:/Users/daria/.m2/repository/com/amazonaws/aws-java-sdk-controltower/1.12.780/aws-java-sdk-controltower-1.12.780.jar:/Users/daria/.m2/repository/com/amazonaws/aws-java-sdk-supportapp/1.12.780/aws-java-sdk-supportapp-1.12.780.jar:/Users/daria/.m2/repository/com/amazonaws/aws-java-sdk-private5g/1.12.780/aws-java-sdk-private5g-1.12.780.jar:/Users/daria/.m2/repository/com/amazonaws/aws-java-sdk-licensemanagerusersubscriptions/1.12.780/aws-java-sdk-licensemanagerusersubscriptions-1.12.780.jar:/Users/daria/.m2/repository/com/amazonaws/aws-java-sdk-iamrolesanywhere/1.12.780/aws-java-sdk-iamrolesanywhere-1.12.780.jar:/Users/daria/.m2/repository/com/amazonaws/aws-java-sdk-redshiftserverless/1.12.780/aws-java-sdk-redshiftserverless-1.12.780.jar:/Users/daria/.m2/repository/com/amazonaws/aws-java-sdk-connectcampaign/1.12.780/aws-java-sdk-connectcampaign-1.12.780.jar:/Users/daria/.m2/repository/com/amazonaws/aws-java-sdk-mainframemodernization/1.12.780/aws-java-sdk-mainframemodernization-1.12.780.jar:/Users/daria/.m2/repository/com/amazonaws/aws-java-sdk-emrserverless/1.12.780/aws-java-sdk-emrserverless-1.12.780.jar:/Users/daria/.m2/repository/com/amazonaws/aws-java-sdk-chimesdkmediapipelines/1.12.780/aws-java-sdk-chimesdkmediapipelines-1.12.780.jar:/Users/daria/.m2/repository/com/amazonaws/aws-java-sdk-ivschat/1.12.780/aws-java-sdk-ivschat-1.12.780.jar:/Users/daria/.m2/repository/com/amazonaws/aws-java-sdk-pinpointsmsvoicev2/1.12.780/aws-java-sdk-pinpointsmsvoicev2-1.12.780.jar:/Users/daria/.m2/repository/com/amazonaws/aws-java-sdk-billingconductor/1.12.780/aws-java-sdk-billingconductor-1.12.780.jar:/Users/daria/.m2/repository/com/amazonaws/aws-java-sdk-keyspaces/1.12.780/aws-java-sdk-keyspaces-1.12.780.jar:/Users/daria/.m2/repository/com/amazonaws/aws-java-sdk-amplifyuibuilder/1.12.780/aws-java-sdk-amplifyuibuilder-1.12.780.jar:/Users/daria/.m2/repository/com/amazonaws/aws-java-sdk-backupgateway/1.12.780/aws-java-sdk-backupgateway-1.12.780.jar:/Users/daria/.m2/repository/com/amazonaws/aws-java-sdk-workspacesweb/1.12.780/aws-java-sdk-workspacesweb-1.12.780.jar:/Users/daria/.m2/repository/com/amazonaws/aws-java-sdk-iottwinmaker/1.12.780/aws-java-sdk-iottwinmaker-1.12.780.jar:/Users/daria/.m2/repository/com/amazonaws/aws-java-sdk-recyclebin/1.12.780/aws-java-sdk-recyclebin-1.12.780.jar:/Users/daria/.m2/repository/com/amazonaws/aws-java-sdk-cloudwatchrum/1.12.780/aws-java-sdk-cloudwatchrum-1.12.780.jar:/Users/daria/.m2/repository/com/amazonaws/aws-java-sdk-cloudwatchevidently/1.12.780/aws-java-sdk-cloudwatchevidently-1.12.780.jar:/Users/daria/.m2/repository/com/amazonaws/aws-java-sdk-inspector2/1.12.780/aws-java-sdk-inspector2-1.12.780.jar:/Users/daria/.m2/repository/com/amazonaws/aws-java-sdk-migrationhubrefactorspaces/1.12.780/aws-java-sdk-migrationhubrefactorspaces-1.12.780.jar:/Users/daria/.m2/repository/com/amazonaws/aws-java-sdk-appconfigdata/1.12.780/aws-java-sdk-appconfigdata-1.12.780.jar:/Users/daria/.m2/repository/com/amazonaws/aws-java-sdk-drs/1.12.780/aws-java-sdk-drs-1.12.780.jar:/Users/daria/.m2/repository/com/amazonaws/aws-java-sdk-migrationhubstrategyrecommendations/1.12.780/aws-java-sdk-migrationhubstrategyrecommendations-1.12.780.jar:/Users/daria/.m2/repository/com/amazonaws/aws-java-sdk-resiliencehub/1.12.780/aws-java-sdk-resiliencehub-1.12.780.jar:/Users/daria/.m2/repository/com/amazonaws/aws-java-sdk-chimesdkmeetings/1.12.780/aws-java-sdk-chimesdkmeetings-1.12.780.jar:/Users/daria/.m2/repository/com/amazonaws/aws-java-sdk-panorama/1.12.780/aws-java-sdk-panorama-1.12.780.jar:/Users/daria/.m2/repository/com/amazonaws/aws-java-sdk-managedgrafana/1.12.780/aws-java-sdk-managedgrafana-1.12.780.jar:/Users/daria/.m2/repository/com/amazonaws/aws-java-sdk-cloudcontrolapi/1.12.780/aws-java-sdk-cloudcontrolapi-1.12.780.jar:/Users/daria/.m2/repository/com/amazonaws/aws-java-sdk-account/1.12.780/aws-java-sdk-account-1.12.780.jar:/Users/daria/.m2/repository/com/amazonaws/aws-java-sdk-voiceid/1.12.780/aws-java-sdk-voiceid-1.12.780.jar:/Users/daria/.m2/repository/com/amazonaws/aws-java-sdk-connectwisdom/1.12.780/aws-java-sdk-connectwisdom-1.12.780.jar:/Users/daria/.m2/repository/com/amazonaws/aws-java-sdk-kafkaconnect/1.12.780/aws-java-sdk-kafkaconnect-1.12.780.jar:/Users/daria/.m2/repository/com/amazonaws/aws-java-sdk-opensearch/1.12.780/aws-java-sdk-opensearch-1.12.780.jar:/Users/daria/.m2/repository/com/amazonaws/aws-java-sdk-memorydb/1.12.780/aws-java-sdk-memorydb-1.12.780.jar:/Users/daria/.m2/repository/com/amazonaws/aws-java-sdk-snowdevicemanagement/1.12.780/aws-java-sdk-snowdevicemanagement-1.12.780.jar:/Users/daria/.m2/repository/com/amazonaws/aws-java-sdk-chimesdkidentity/1.12.780/aws-java-sdk-chimesdkidentity-1.12.780.jar:/Users/daria/.m2/repository/com/amazonaws/aws-java-sdk-chimesdkmessaging/1.12.780/aws-java-sdk-chimesdkmessaging-1.12.780.jar:/Users/daria/.m2/repository/com/amazonaws/aws-java-sdk-route53recoverycluster/1.12.780/aws-java-sdk-route53recoverycluster-1.12.780.jar:/Users/daria/.m2/repository/com/amazonaws/aws-java-sdk-route53recoverycontrolconfig/1.12.780/aws-java-sdk-route53recoverycontrolconfig-1.12.780.jar:/Users/daria/.m2/repository/com/amazonaws/aws-java-sdk-route53recoveryreadiness/1.12.780/aws-java-sdk-route53recoveryreadiness-1.12.780.jar:/Users/daria/.m2/repository/com/amazonaws/aws-java-sdk-proton/1.12.780/aws-java-sdk-proton-1.12.780.jar:/Users/daria/.m2/repository/com/amazonaws/aws-java-sdk-apprunner/1.12.780/aws-java-sdk-apprunner-1.12.780.jar:/Users/daria/.m2/repository/com/amazonaws/aws-java-sdk-applicationcostprofiler/1.12.780/aws-java-sdk-applicationcostprofiler-1.12.780.jar:/Users/daria/.m2/repository/com/amazonaws/aws-java-sdk-ssmcontacts/1.12.780/aws-java-sdk-ssmcontacts-1.12.780.jar:/Users/daria/.m2/repository/com/amazonaws/aws-java-sdk-ssmincidents/1.12.780/aws-java-sdk-ssmincidents-1.12.780.jar:/Users/daria/.m2/repository/com/amazonaws/aws-java-sdk-finspacedata/1.12.780/aws-java-sdk-finspacedata-1.12.780.jar:/Users/daria/.m2/repository/com/amazonaws/aws-java-sdk-finspace/1.12.780/aws-java-sdk-finspace-1.12.780.jar:/Users/daria/.m2/repository/com/amazonaws/aws-java-sdk-nimblestudio/1.12.780/aws-java-sdk-nimblestudio-1.12.780.jar:/Users/daria/.m2/repository/com/amazonaws/aws-java-sdk-lookoutequipment/1.12.780/aws-java-sdk-lookoutequipment-1.12.780.jar:/Users/daria/.m2/repository/com/amazonaws/aws-java-sdk-mgn/1.12.780/aws-java-sdk-mgn-1.12.780.jar:/Users/daria/.m2/repository/com/amazonaws/aws-java-sdk-lookoutmetrics/1.12.780/aws-java-sdk-lookoutmetrics-1.12.780.jar:/Users/daria/.m2/repository/com/amazonaws/aws-java-sdk-fis/1.12.780/aws-java-sdk-fis-1.12.780.jar:/Users/daria/.m2/repository/com/amazonaws/aws-java-sdk-lexmodelsv2/1.12.780/aws-java-sdk-lexmodelsv2-1.12.780.jar:/Users/daria/.m2/repository/com/amazonaws/aws-java-sdk-lexruntimev2/1.12.780/aws-java-sdk-lexruntimev2-1.12.780.jar:/Users/daria/.m2/repository/com/amazonaws/aws-java-sdk-wellarchitected/1.12.780/aws-java-sdk-wellarchitected-1.12.780.jar:/Users/daria/.m2/repository/com/amazonaws/aws-java-sdk-location/1.12.780/aws-java-sdk-location-1.12.780.jar:/Users/daria/.m2/repository/com/amazonaws/aws-java-sdk-iotdeviceadvisor/1.12.780/aws-java-sdk-iotdeviceadvisor-1.12.780.jar:/Users/daria/.m2/repository/com/amazonaws/aws-java-sdk-iotfleethub/1.12.780/aws-java-sdk-iotfleethub-1.12.780.jar:/Users/daria/.m2/repository/com/amazonaws/aws-java-sdk-iotwireless/1.12.780/aws-java-sdk-iotwireless-1.12.780.jar:/Users/daria/.m2/repository/com/amazonaws/aws-java-sdk-greengrassv2/1.12.780/aws-java-sdk-greengrassv2-1.12.780.jar:/Users/daria/.m2/repository/com/amazonaws/aws-java-sdk-prometheus/1.12.780/aws-java-sdk-prometheus-1.12.780.jar:/Users/daria/.m2/repository/com/amazonaws/aws-java-sdk-auditmanager/1.12.780/aws-java-sdk-auditmanager-1.12.780.jar:/Users/daria/.m2/repository/com/amazonaws/aws-java-sdk-healthlake/1.12.780/aws-java-sdk-healthlake-1.12.780.jar:/Users/daria/.m2/repository/com/amazonaws/aws-java-sdk-sagemakeredgemanager/1.12.780/aws-java-sdk-sagemakeredgemanager-1.12.780.jar:/Users/daria/.m2/repository/com/amazonaws/aws-java-sdk-emrcontainers/1.12.780/aws-java-sdk-emrcontainers-1.12.780.jar:/Users/daria/.m2/repository/com/amazonaws/aws-java-sdk-customerprofiles/1.12.780/aws-java-sdk-customerprofiles-1.12.780.jar:/Users/daria/.m2/repository/com/amazonaws/aws-java-sdk-lookoutforvision/1.12.780/aws-java-sdk-lookoutforvision-1.12.780.jar:/Users/daria/.m2/repository/com/amazonaws/aws-java-sdk-connectcontactlens/1.12.780/aws-java-sdk-connectcontactlens-1.12.780.jar:/Users/daria/.m2/repository/com/amazonaws/aws-java-sdk-amplifybackend/1.12.780/aws-java-sdk-amplifybackend-1.12.780.jar:/Users/daria/.m2/repository/com/amazonaws/aws-java-sdk-ecrpublic/1.12.780/aws-java-sdk-ecrpublic-1.12.780.jar:/Users/daria/.m2/repository/com/amazonaws/aws-java-sdk-appintegrations/1.12.780/aws-java-sdk-appintegrations-1.12.780.jar:/Users/daria/.m2/repository/com/amazonaws/aws-java-sdk-sagemakerfeaturestoreruntime/1.12.780/aws-java-sdk-sagemakerfeaturestoreruntime-1.12.780.jar:/Users/daria/.m2/repository/com/amazonaws/aws-java-sdk-devopsguru/1.12.780/aws-java-sdk-devopsguru-1.12.780.jar:/Users/daria/.m2/repository/com/amazonaws/aws-java-sdk-mwaa/1.12.780/aws-java-sdk-mwaa-1.12.780.jar:/Users/daria/.m2/repository/com/amazonaws/aws-java-sdk-networkfirewall/1.12.780/aws-java-sdk-networkfirewall-1.12.780.jar:/Users/daria/.m2/repository/com/amazonaws/aws-java-sdk-appregistry/1.12.780/aws-java-sdk-appregistry-1.12.780.jar:/Users/daria/.m2/repository/com/amazonaws/aws-java-sdk-gluedatabrew/1.12.780/aws-java-sdk-gluedatabrew-1.12.780.jar:/Users/daria/.m2/repository/com/amazonaws/aws-java-sdk-s3outposts/1.12.780/aws-java-sdk-s3outposts-1.12.780.jar:/Users/daria/.m2/repository/com/amazonaws/aws-java-sdk-timestreamquery/1.12.780/aws-java-sdk-timestreamquery-1.12.780.jar:/Users/daria/.m2/repository/com/amazonaws/aws-java-sdk-timestreamwrite/1.12.780/aws-java-sdk-timestreamwrite-1.12.780.jar:/Users/daria/.m2/repository/com/amazonaws/aws-java-sdk-ssoadmin/1.12.780/aws-java-sdk-ssoadmin-1.12.780.jar:/Users/daria/.m2/repository/com/amazonaws/aws-java-sdk-redshiftdataapi/1.12.780/aws-java-sdk-redshiftdataapi-1.12.780.jar:/Users/daria/.m2/repository/com/amazonaws/aws-java-sdk-appflow/1.12.780/aws-java-sdk-appflow-1.12.780.jar:/Users/daria/.m2/repository/com/amazonaws/aws-java-sdk-identitystore/1.12.780/aws-java-sdk-identitystore-1.12.780.jar:/Users/daria/.m2/repository/com/amazonaws/aws-java-sdk-braket/1.12.780/aws-java-sdk-braket-1.12.780.jar:/Users/daria/.m2/repository/com/amazonaws/aws-java-sdk-ivs/1.12.780/aws-java-sdk-ivs-1.12.780.jar:/Users/daria/.m2/repository/com/amazonaws/aws-java-sdk-codeartifact/1.12.780/aws-java-sdk-codeartifact-1.12.780.jar:/Users/daria/.m2/repository/com/amazonaws/aws-java-sdk-macie2/1.12.780/aws-java-sdk-macie2-1.12.780.jar:/Users/daria/.m2/repository/com/amazonaws/aws-java-sdk-iotsitewise/1.12.780/aws-java-sdk-iotsitewise-1.12.780.jar:/Users/daria/.m2/repository/com/amazonaws/aws-java-sdk-synthetics/1.12.780/aws-java-sdk-synthetics-1.12.780.jar:/Users/daria/.m2/repository/com/amazonaws/aws-java-sdk-codestarconnections/1.12.780/aws-java-sdk-codestarconnections-1.12.780.jar:/Users/daria/.m2/repository/com/amazonaws/aws-java-sdk-detective/1.12.780/aws-java-sdk-detective-1.12.780.jar:/Users/daria/.m2/repository/com/amazonaws/aws-java-sdk-kinesisvideosignalingchannels/1.12.780/aws-java-sdk-kinesisvideosignalingchannels-1.12.780.jar:/Users/daria/.m2/repository/com/amazonaws/aws-java-sdk-ebs/1.12.780/aws-java-sdk-ebs-1.12.780.jar:/Users/daria/.m2/repository/com/amazonaws/aws-java-sdk-augmentedairuntime/1.12.780/aws-java-sdk-augmentedairuntime-1.12.780.jar:/Users/daria/.m2/repository/com/amazonaws/aws-java-sdk-outposts/1.12.780/aws-java-sdk-outposts-1.12.780.jar:/Users/daria/.m2/repository/com/amazonaws/aws-java-sdk-codeguruprofiler/1.12.780/aws-java-sdk-codeguruprofiler-1.12.780.jar:/Users/daria/.m2/repository/com/amazonaws/aws-java-sdk-codegurureviewer/1.12.780/aws-java-sdk-codegurureviewer-1.12.780.jar:/Users/daria/.m2/repository/com/amazonaws/aws-java-sdk-frauddetector/1.12.780/aws-java-sdk-frauddetector-1.12.780.jar:/Users/daria/.m2/repository/com/amazonaws/aws-java-sdk-kendra/1.12.780/aws-java-sdk-kendra-1.12.780.jar:/Users/daria/.m2/repository/com/amazonaws/aws-java-sdk-networkmanager/1.12.780/aws-java-sdk-networkmanager-1.12.780.jar:/Users/daria/.m2/repository/com/amazonaws/aws-java-sdk-computeoptimizer/1.12.780/aws-java-sdk-computeoptimizer-1.12.780.jar:/Users/daria/.m2/repository/com/amazonaws/aws-java-sdk-accessanalyzer/1.12.780/aws-java-sdk-accessanalyzer-1.12.780.jar:/Users/daria/.m2/repository/com/amazonaws/aws-java-sdk-schemas/1.12.780/aws-java-sdk-schemas-1.12.780.jar:/Users/daria/.m2/repository/com/amazonaws/aws-java-sdk-imagebuilder/1.12.780/aws-java-sdk-imagebuilder-1.12.780.jar:/Users/daria/.m2/repository/com/amazonaws/aws-java-sdk-elasticinference/1.12.780/aws-java-sdk-elasticinference-1.12.780.jar:/Users/daria/.m2/repository/com/amazonaws/aws-java-sdk-iotsecuretunneling/1.12.780/aws-java-sdk-iotsecuretunneling-1.12.780.jar:/Users/daria/.m2/repository/com/amazonaws/aws-java-sdk-appconfig/1.12.780/aws-java-sdk-appconfig-1.12.780.jar:/Users/daria/.m2/repository/com/amazonaws/aws-java-sdk-wafv2/1.12.780/aws-java-sdk-wafv2-1.12.780.jar:/Users/daria/.m2/repository/com/amazonaws/aws-java-sdk-connectparticipant/1.12.780/aws-java-sdk-connectparticipant-1.12.780.jar:/Users/daria/.m2/repository/com/amazonaws/aws-java-sdk-migrationhubconfig/1.12.780/aws-java-sdk-migrationhubconfig-1.12.780.jar:/Users/daria/.m2/repository/com/amazonaws/aws-java-sdk-dataexchange/1.12.780/aws-java-sdk-dataexchange-1.12.780.jar:/Users/daria/.m2/repository/com/amazonaws/aws-java-sdk-sesv2/1.12.780/aws-java-sdk-sesv2-1.12.780.jar:/Users/daria/.m2/repository/com/amazonaws/aws-java-sdk-marketplacecatalog/1.12.780/aws-java-sdk-marketplacecatalog-1.12.780.jar:/Users/daria/.m2/repository/com/amazonaws/aws-java-sdk-ssooidc/1.12.780/aws-java-sdk-ssooidc-1.12.780.jar:/Users/daria/.m2/repository/com/amazonaws/aws-java-sdk-sso/1.12.780/aws-java-sdk-sso-1.12.780.jar:/Users/daria/.m2/repository/com/amazonaws/aws-java-sdk-savingsplans/1.12.780/aws-java-sdk-savingsplans-1.12.780.jar:/Users/daria/.m2/repository/com/amazonaws/aws-java-sdk-codestarnotifications/1.12.780/aws-java-sdk-codestarnotifications-1.12.780.jar:/Users/daria/.m2/repository/com/amazonaws/aws-java-sdk-workmailmessageflow/1.12.780/aws-java-sdk-workmailmessageflow-1.12.780.jar:/Users/daria/.m2/repository/com/amazonaws/aws-java-sdk-qldbsession/1.12.780/aws-java-sdk-qldbsession-1.12.780.jar:/Users/daria/.m2/repository/com/amazonaws/aws-java-sdk-qldb/1.12.780/aws-java-sdk-qldb-1.12.780.jar:/Users/daria/.m2/repository/com/amazonaws/aws-java-sdk-forecastquery/1.12.780/aws-java-sdk-forecastquery-1.12.780.jar:/Users/daria/.m2/repository/com/amazonaws/aws-java-sdk-forecast/1.12.780/aws-java-sdk-forecast-1.12.780.jar:/Users/daria/.m2/repository/com/amazonaws/aws-java-sdk-lakeformation/1.12.780/aws-java-sdk-lakeformation-1.12.780.jar:/Users/daria/.m2/repository/com/amazonaws/aws-java-sdk-eventbridge/1.12.780/aws-java-sdk-eventbridge-1.12.780.jar:/Users/daria/.m2/repository/com/amazonaws/aws-java-sdk-ec2instanceconnect/1.12.780/aws-java-sdk-ec2instanceconnect-1.12.780.jar:/Users/daria/.m2/repository/com/amazonaws/aws-java-sdk-applicationinsights/1.12.780/aws-java-sdk-applicationinsights-1.12.780.jar:/Users/daria/.m2/repository/com/amazonaws/aws-java-sdk-servicequotas/1.12.780/aws-java-sdk-servicequotas-1.12.780.jar:/Users/daria/.m2/repository/com/amazonaws/aws-java-sdk-personalizeevents/1.12.780/aws-java-sdk-personalizeevents-1.12.780.jar:/Users/daria/.m2/repository/com/amazonaws/aws-java-sdk-personalize/1.12.780/aws-java-sdk-personalize-1.12.780.jar:/Users/daria/.m2/repository/com/amazonaws/aws-java-sdk-personalizeruntime/1.12.780/aws-java-sdk-personalizeruntime-1.12.780.jar:/Users/daria/.m2/repository/com/amazonaws/aws-java-sdk-ioteventsdata/1.12.780/aws-java-sdk-ioteventsdata-1.12.780.jar:/Users/daria/.m2/repository/com/amazonaws/aws-java-sdk-iotevents/1.12.780/aws-java-sdk-iotevents-1.12.780.jar:/Users/daria/.m2/repository/com/amazonaws/aws-java-sdk-iotthingsgraph/1.12.780/aws-java-sdk-iotthingsgraph-1.12.780.jar:/Users/daria/.m2/repository/com/amazonaws/aws-java-sdk-groundstation/1.12.780/aws-java-sdk-groundstation-1.12.780.jar:/Users/daria/.m2/repository/com/amazonaws/aws-java-sdk-mediapackagevod/1.12.780/aws-java-sdk-mediapackagevod-1.12.780.jar:/Users/daria/.m2/repository/com/amazonaws/aws-java-sdk-managedblockchain/1.12.780/aws-java-sdk-managedblockchain-1.12.780.jar:/Users/daria/.m2/repository/com/amazonaws/aws-java-sdk-textract/1.12.780/aws-java-sdk-textract-1.12.780.jar:/Users/daria/.m2/repository/com/amazonaws/aws-java-sdk-worklink/1.12.780/aws-java-sdk-worklink-1.12.780.jar:/Users/daria/.m2/repository/com/amazonaws/aws-java-sdk-backup/1.12.780/aws-java-sdk-backup-1.12.780.jar:/Users/daria/.m2/repository/com/amazonaws/aws-java-sdk-docdb/1.12.780/aws-java-sdk-docdb-1.12.780.jar:/Users/daria/.m2/repository/com/amazonaws/aws-java-sdk-apigatewayv2/1.12.780/aws-java-sdk-apigatewayv2-1.12.780.jar:/Users/daria/.m2/repository/com/amazonaws/aws-java-sdk-apigatewaymanagementapi/1.12.780/aws-java-sdk-apigatewaymanagementapi-1.12.780.jar:/Users/daria/.m2/repository/com/amazonaws/aws-java-sdk-kafka/1.12.780/aws-java-sdk-kafka-1.12.780.jar:/Users/daria/.m2/repository/com/amazonaws/aws-java-sdk-appmesh/1.12.780/aws-java-sdk-appmesh-1.12.780.jar:/Users/daria/.m2/repository/com/amazonaws/aws-java-sdk-licensemanager/1.12.780/aws-java-sdk-licensemanager-1.12.780.jar:/Users/daria/.m2/repository/com/amazonaws/aws-java-sdk-securityhub/1.12.780/aws-java-sdk-securityhub-1.12.780.jar:/Users/daria/.m2/repository/com/amazonaws/aws-java-sdk-fsx/1.12.780/aws-java-sdk-fsx-1.12.780.jar:/Users/daria/.m2/repository/com/amazonaws/aws-java-sdk-mediaconnect/1.12.780/aws-java-sdk-mediaconnect-1.12.780.jar:/Users/daria/.m2/repository/com/amazonaws/aws-java-sdk-kinesisanalyticsv2/1.12.780/aws-java-sdk-kinesisanalyticsv2-1.12.780.jar:/Users/daria/.m2/repository/com/amazonaws/aws-java-sdk-comprehendmedical/1.12.780/aws-java-sdk-comprehendmedical-1.12.780.jar:/Users/daria/.m2/repository/com/amazonaws/aws-java-sdk-globalaccelerator/1.12.780/aws-java-sdk-globalaccelerator-1.12.780.jar:/Users/daria/.m2/repository/com/amazonaws/aws-java-sdk-transfer/1.12.780/aws-java-sdk-transfer-1.12.780.jar:/Users/daria/.m2/repository/com/amazonaws/aws-java-sdk-datasync/1.12.780/aws-java-sdk-datasync-1.12.780.jar:/Users/daria/.m2/repository/com/amazonaws/aws-java-sdk-robomaker/1.12.780/aws-java-sdk-robomaker-1.12.780.jar:/Users/daria/.m2/repository/com/amazonaws/aws-java-sdk-amplify/1.12.780/aws-java-sdk-amplify-1.12.780.jar:/Users/daria/.m2/repository/com/amazonaws/aws-java-sdk-quicksight/1.12.780/aws-java-sdk-quicksight-1.12.780.jar:/Users/daria/.m2/repository/com/amazonaws/aws-java-sdk-rdsdata/1.12.780/aws-java-sdk-rdsdata-1.12.780.jar:/Users/daria/.m2/repository/com/amazonaws/aws-java-sdk-route53resolver/1.12.780/aws-java-sdk-route53resolver-1.12.780.jar:/Users/daria/.m2/repository/com/amazonaws/aws-java-sdk-ram/1.12.780/aws-java-sdk-ram-1.12.780.jar:/Users/daria/.m2/repository/com/amazonaws/aws-java-sdk-s3control/1.12.780/aws-java-sdk-s3control-1.12.780.jar:/Users/daria/.m2/repository/com/amazonaws/aws-java-sdk-pinpointsmsvoice/1.12.780/aws-java-sdk-pinpointsmsvoice-1.12.780.jar:/Users/daria/.m2/repository/com/amazonaws/aws-java-sdk-pinpointemail/1.12.780/aws-java-sdk-pinpointemail-1.12.780.jar:/Users/daria/.m2/repository/com/amazonaws/aws-java-sdk-chime/1.12.780/aws-java-sdk-chime-1.12.780.jar:/Users/daria/.m2/repository/com/amazonaws/aws-java-sdk-signer/1.12.780/aws-java-sdk-signer-1.12.780.jar:/Users/daria/.m2/repository/com/amazonaws/aws-java-sdk-dlm/1.12.780/aws-java-sdk-dlm-1.12.780.jar:/Users/daria/.m2/repository/com/amazonaws/aws-java-sdk-eks/1.12.780/aws-java-sdk-eks-1.12.780.jar:/Users/daria/.m2/repository/com/amazonaws/aws-java-sdk-mediatailor/1.12.780/aws-java-sdk-mediatailor-1.12.780.jar:/Users/daria/.m2/repository/com/amazonaws/aws-java-sdk-neptune/1.12.780/aws-java-sdk-neptune-1.12.780.jar:/Users/daria/.m2/repository/com/amazonaws/aws-java-sdk-pi/1.12.780/aws-java-sdk-pi-1.12.780.jar:/Users/daria/.m2/repository/com/amazonaws/aws-java-sdk-iot1clickprojects/1.12.780/aws-java-sdk-iot1clickprojects-1.12.780.jar:/Users/daria/.m2/repository/com/amazonaws/aws-java-sdk-iot1clickdevices/1.12.780/aws-java-sdk-iot1clickdevices-1.12.780.jar:/Users/daria/.m2/repository/com/amazonaws/aws-java-sdk-iotanalytics/1.12.780/aws-java-sdk-iotanalytics-1.12.780.jar:/Users/daria/.m2/repository/com/amazonaws/aws-java-sdk-acmpca/1.12.780/aws-java-sdk-acmpca-1.12.780.jar:/Users/daria/.m2/repository/com/amazonaws/aws-java-sdk-secretsmanager/1.12.780/aws-java-sdk-secretsmanager-1.12.780.jar:/Users/daria/.m2/repository/com/amazonaws/aws-java-sdk-fms/1.12.780/aws-java-sdk-fms-1.12.780.jar:/Users/daria/.m2/repository/com/amazonaws/aws-java-sdk-connect/1.12.780/aws-java-sdk-connect-1.12.780.jar:/Users/daria/.m2/repository/com/amazonaws/aws-java-sdk-transcribe/1.12.780/aws-java-sdk-transcribe-1.12.780.jar:/Users/daria/.m2/repository/com/amazonaws/aws-java-sdk-autoscalingplans/1.12.780/aws-java-sdk-autoscalingplans-1.12.780.jar:/Users/daria/.m2/repository/com/amazonaws/aws-java-sdk-workmail/1.12.780/aws-java-sdk-workmail-1.12.780.jar:/Users/daria/.m2/repository/com/amazonaws/aws-java-sdk-servicediscovery/1.12.780/aws-java-sdk-servicediscovery-1.12.780.jar:/Users/daria/.m2/repository/com/amazonaws/aws-java-sdk-cloud9/1.12.780/aws-java-sdk-cloud9-1.12.780.jar:/Users/daria/.m2/repository/com/amazonaws/aws-java-sdk-serverlessapplicationrepository/1.12.780/aws-java-sdk-serverlessapplicationrepository-1.12.780.jar:/Users/daria/.m2/repository/com/amazonaws/aws-java-sdk-resourcegroups/1.12.780/aws-java-sdk-resourcegroups-1.12.780.jar:/Users/daria/.m2/repository/com/amazonaws/aws-java-sdk-comprehend/1.12.780/aws-java-sdk-comprehend-1.12.780.jar:/Users/daria/.m2/repository/com/amazonaws/aws-java-sdk-translate/1.12.780/aws-java-sdk-translate-1.12.780.jar:/Users/daria/.m2/repository/com/amazonaws/aws-java-sdk-sagemaker/1.12.780/aws-java-sdk-sagemaker-1.12.780.jar:/Users/daria/.m2/repository/com/amazonaws/aws-java-sdk-iotjobsdataplane/1.12.780/aws-java-sdk-iotjobsdataplane-1.12.780.jar:/Users/daria/.m2/repository/com/amazonaws/aws-java-sdk-sagemakerruntime/1.12.780/aws-java-sdk-sagemakerruntime-1.12.780.jar:/Users/daria/.m2/repository/com/amazonaws/aws-java-sdk-kinesisvideo/1.12.780/aws-java-sdk-kinesisvideo-1.12.780.jar:/Users/daria/.m2/repository/io/netty/netty-codec-http/4.1.114.Final/netty-codec-http-4.1.114.Final.jar:/Users/daria/.m2/repository/io/netty/netty-common/4.1.114.Final/netty-common-4.1.114.Final.jar:/Users/daria/.m2/repository/io/netty/netty-buffer/4.1.114.Final/netty-buffer-4.1.114.Final.jar:/Users/daria/.m2/repository/io/netty/netty-transport/4.1.114.Final/netty-transport-4.1.114.Final.jar:/Users/daria/.m2/repository/io/netty/netty-codec/4.1.114.Final/netty-codec-4.1.114.Final.jar:/Users/daria/.m2/repository/io/netty/netty-handler/4.1.114.Final/netty-handler-4.1.114.Final.jar:/Users/daria/.m2/repository/io/netty/netty-resolver/4.1.114.Final/netty-resolver-4.1.114.Final.jar:/Users/daria/.m2/repository/io/netty/netty-transport-native-unix-common/4.1.114.Final/netty-transport-native-unix-common-4.1.114.Final.jar:/Users/daria/.m2/repository/com/amazonaws/aws-java-sdk-appsync/1.12.780/aws-java-sdk-appsync-1.12.780.jar:/Users/daria/.m2/repository/com/amazonaws/aws-java-sdk-guardduty/1.12.780/aws-java-sdk-guardduty-1.12.780.jar:/Users/daria/.m2/repository/com/amazonaws/aws-java-sdk-mq/1.12.780/aws-java-sdk-mq-1.12.780.jar:/Users/daria/.m2/repository/com/amazonaws/aws-java-sdk-mediaconvert/1.12.780/aws-java-sdk-mediaconvert-1.12.780.jar:/Users/daria/.m2/repository/com/amazonaws/aws-java-sdk-mediastore/1.12.780/aws-java-sdk-mediastore-1.12.780.jar:/Users/daria/.m2/repository/com/amazonaws/aws-java-sdk-mediastoredata/1.12.780/aws-java-sdk-mediastoredata-1.12.780.jar:/Users/daria/.m2/repository/com/amazonaws/aws-java-sdk-medialive/1.12.780/aws-java-sdk-medialive-1.12.780.jar:/Users/daria/.m2/repository/com/amazonaws/aws-java-sdk-mediapackage/1.12.780/aws-java-sdk-mediapackage-1.12.780.jar:/Users/daria/.m2/repository/com/amazonaws/aws-java-sdk-costexplorer/1.12.780/aws-java-sdk-costexplorer-1.12.780.jar:/Users/daria/.m2/repository/com/amazonaws/aws-java-sdk-pricing/1.12.780/aws-java-sdk-pricing-1.12.780.jar:/Users/daria/.m2/repository/com/amazonaws/aws-java-sdk-cloudhsmv2/1.12.780/aws-java-sdk-cloudhsmv2-1.12.780.jar:/Users/daria/.m2/repository/com/amazonaws/aws-java-sdk-glue/1.12.780/aws-java-sdk-glue-1.12.780.jar:/Users/daria/.m2/repository/com/amazonaws/aws-java-sdk-migrationhub/1.12.780/aws-java-sdk-migrationhub-1.12.780.jar:/Users/daria/.m2/repository/com/amazonaws/aws-java-sdk-dax/1.12.780/aws-java-sdk-dax-1.12.780.jar:/Users/daria/.m2/repository/com/amazonaws/aws-java-sdk-greengrass/1.12.780/aws-java-sdk-greengrass-1.12.780.jar:/Users/daria/.m2/repository/com/amazonaws/aws-java-sdk-athena/1.12.780/aws-java-sdk-athena-1.12.780.jar:/Users/daria/.m2/repository/com/amazonaws/aws-java-sdk-marketplaceentitlement/1.12.780/aws-java-sdk-marketplaceentitlement-1.12.780.jar:/Users/daria/.m2/repository/com/amazonaws/aws-java-sdk-codestar/1.12.780/aws-java-sdk-codestar-1.12.780.jar:/Users/daria/.m2/repository/com/amazonaws/aws-java-sdk-lexmodelbuilding/1.12.780/aws-java-sdk-lexmodelbuilding-1.12.780.jar:/Users/daria/.m2/repository/com/amazonaws/aws-java-sdk-resourcegroupstaggingapi/1.12.780/aws-java-sdk-resourcegroupstaggingapi-1.12.780.jar:/Users/daria/.m2/repository/com/amazonaws/aws-java-sdk-pinpoint/1.12.780/aws-java-sdk-pinpoint-1.12.780.jar:/Users/daria/.m2/repository/com/amazonaws/aws-java-sdk-xray/1.12.780/aws-java-sdk-xray-1.12.780.jar:/Users/daria/.m2/repository/com/amazonaws/aws-java-sdk-opsworkscm/1.12.780/aws-java-sdk-opsworkscm-1.12.780.jar:/Users/daria/.m2/repository/com/amazonaws/aws-java-sdk-support/1.12.780/aws-java-sdk-support-1.12.780.jar:/Users/daria/.m2/repository/com/amazonaws/aws-java-sdk-simpledb/1.12.780/aws-java-sdk-simpledb-1.12.780.jar:/Users/daria/.m2/repository/com/amazonaws/aws-java-sdk-servicecatalog/1.12.780/aws-java-sdk-servicecatalog-1.12.780.jar:/Users/daria/.m2/repository/com/amazonaws/aws-java-sdk-servermigration/1.12.780/aws-java-sdk-servermigration-1.12.780.jar:/Users/daria/.m2/repository/com/amazonaws/aws-java-sdk-simpleworkflow/1.12.780/aws-java-sdk-simpleworkflow-1.12.780.jar:/Users/daria/.m2/repository/com/amazonaws/aws-java-sdk-storagegateway/1.12.780/aws-java-sdk-storagegateway-1.12.780.jar:/Users/daria/.m2/repository/com/amazonaws/aws-java-sdk-route53/1.12.780/aws-java-sdk-route53-1.12.780.jar:/Users/daria/.m2/repository/com/amazonaws/aws-java-sdk-s3/1.12.780/aws-java-sdk-s3-1.12.780.jar:/Users/daria/.m2/repository/com/amazonaws/aws-java-sdk-importexport/1.12.780/aws-java-sdk-importexport-1.12.780.jar:/Users/daria/.m2/repository/com/amazonaws/aws-java-sdk-sts/1.12.780/aws-java-sdk-sts-1.12.780.jar:/Users/daria/.m2/repository/com/amazonaws/aws-java-sdk-sqs/1.12.780/aws-java-sdk-sqs-1.12.780.jar:/Users/daria/.m2/repository/com/amazonaws/aws-java-sdk-rds/1.12.780/aws-java-sdk-rds-1.12.780.jar:/Users/daria/.m2/repository/com/amazonaws/aws-java-sdk-redshift/1.12.780/aws-java-sdk-redshift-1.12.780.jar:/Users/daria/.m2/repository/com/amazonaws/aws-java-sdk-elasticbeanstalk/1.12.780/aws-java-sdk-elasticbeanstalk-1.12.780.jar:/Users/daria/.m2/repository/com/amazonaws/aws-java-sdk-glacier/1.12.780/aws-java-sdk-glacier-1.12.780.jar:/Users/daria/.m2/repository/com/amazonaws/aws-java-sdk-iam/1.12.780/aws-java-sdk-iam-1.12.780.jar:/Users/daria/.m2/repository/com/amazonaws/aws-java-sdk-datapipeline/1.12.780/aws-java-sdk-datapipeline-1.12.780.jar:/Users/daria/.m2/repository/com/amazonaws/aws-java-sdk-elasticloadbalancing/1.12.780/aws-java-sdk-elasticloadbalancing-1.12.780.jar:/Users/daria/.m2/repository/com/amazonaws/aws-java-sdk-elasticloadbalancingv2/1.12.780/aws-java-sdk-elasticloadbalancingv2-1.12.780.jar:/Users/daria/.m2/repository/com/amazonaws/aws-java-sdk-emr/1.12.780/aws-java-sdk-emr-1.12.780.jar:/Users/daria/.m2/repository/com/amazonaws/aws-java-sdk-elasticache/1.12.780/aws-java-sdk-elasticache-1.12.780.jar:/Users/daria/.m2/repository/com/amazonaws/aws-java-sdk-elastictranscoder/1.12.780/aws-java-sdk-elastictranscoder-1.12.780.jar:/Users/daria/.m2/repository/com/amazonaws/aws-java-sdk-ec2/1.12.780/aws-java-sdk-ec2-1.12.780.jar:/Users/daria/.m2/repository/com/amazonaws/aws-java-sdk-dynamodb/1.12.780/aws-java-sdk-dynamodb-1.12.780.jar:/Users/daria/.m2/repository/com/amazonaws/aws-java-sdk-sns/1.12.780/aws-java-sdk-sns-1.12.780.jar:/Users/daria/.m2/repository/com/amazonaws/aws-java-sdk-budgets/1.12.780/aws-java-sdk-budgets-1.12.780.jar:/Users/daria/.m2/repository/com/amazonaws/aws-java-sdk-cloudtrail/1.12.780/aws-java-sdk-cloudtrail-1.12.780.jar:/Users/daria/.m2/repository/com/amazonaws/aws-java-sdk-cloudwatch/1.12.780/aws-java-sdk-cloudwatch-1.12.780.jar:/Users/daria/.m2/repository/com/amazonaws/aws-java-sdk-logs/1.12.780/aws-java-sdk-logs-1.12.780.jar:/Users/daria/.m2/repository/com/amazonaws/aws-java-sdk-events/1.12.780/aws-java-sdk-events-1.12.780.jar:/Users/daria/.m2/repository/com/amazonaws/aws-java-sdk-cognitoidentity/1.12.780/aws-java-sdk-cognitoidentity-1.12.780.jar:/Users/daria/.m2/repository/com/amazonaws/aws-java-sdk-cognitosync/1.12.780/aws-java-sdk-cognitosync-1.12.780.jar:/Users/daria/.m2/repository/com/amazonaws/aws-java-sdk-directconnect/1.12.780/aws-java-sdk-directconnect-1.12.780.jar:/Users/daria/.m2/repository/com/amazonaws/aws-java-sdk-cloudformation/1.12.780/aws-java-sdk-cloudformation-1.12.780.jar:/Users/daria/.m2/repository/com/amazonaws/aws-java-sdk-cloudfront/1.12.780/aws-java-sdk-cloudfront-1.12.780.jar:/Users/daria/.m2/repository/com/amazonaws/aws-java-sdk-clouddirectory/1.12.780/aws-java-sdk-clouddirectory-1.12.780.jar:/Users/daria/.m2/repository/com/amazonaws/aws-java-sdk-kinesis/1.12.780/aws-java-sdk-kinesis-1.12.780.jar:/Users/daria/.m2/repository/com/amazonaws/aws-java-sdk-opsworks/1.12.780/aws-java-sdk-opsworks-1.12.780.jar:/Users/daria/.m2/repository/com/amazonaws/aws-java-sdk-ses/1.12.780/aws-java-sdk-ses-1.12.780.jar:/Users/daria/.m2/repository/com/amazonaws/aws-java-sdk-autoscaling/1.12.780/aws-java-sdk-autoscaling-1.12.780.jar:/Users/daria/.m2/repository/com/amazonaws/aws-java-sdk-cloudsearch/1.12.780/aws-java-sdk-cloudsearch-1.12.780.jar:/Users/daria/.m2/repository/com/amazonaws/aws-java-sdk-cloudwatchmetrics/1.12.780/aws-java-sdk-cloudwatchmetrics-1.12.780.jar:/Users/daria/.m2/repository/com/amazonaws/aws-java-sdk-codedeploy/1.12.780/aws-java-sdk-codedeploy-1.12.780.jar:/Users/daria/.m2/repository/com/amazonaws/aws-java-sdk-codepipeline/1.12.780/aws-java-sdk-codepipeline-1.12.780.jar:/Users/daria/.m2/repository/com/amazonaws/aws-java-sdk-kms/1.12.780/aws-java-sdk-kms-1.12.780.jar:/Users/daria/.m2/repository/com/amazonaws/aws-java-sdk-config/1.12.780/aws-java-sdk-config-1.12.780.jar:/Users/daria/.m2/repository/com/amazonaws/aws-java-sdk-lambda/1.12.780/aws-java-sdk-lambda-1.12.780.jar:/Users/daria/.m2/repository/com/amazonaws/aws-java-sdk-ecs/1.12.780/aws-java-sdk-ecs-1.12.780.jar:/Users/daria/.m2/repository/com/amazonaws/aws-java-sdk-ecr/1.12.780/aws-java-sdk-ecr-1.12.780.jar:/Users/daria/.m2/repository/com/amazonaws/aws-java-sdk-cloudhsm/1.12.780/aws-java-sdk-cloudhsm-1.12.780.jar:/Users/daria/.m2/repository/com/amazonaws/aws-java-sdk-ssm/1.12.780/aws-java-sdk-ssm-1.12.780.jar:/Users/daria/.m2/repository/com/amazonaws/aws-java-sdk-workspaces/1.12.780/aws-java-sdk-workspaces-1.12.780.jar:/Users/daria/.m2/repository/com/amazonaws/aws-java-sdk-machinelearning/1.12.780/aws-java-sdk-machinelearning-1.12.780.jar:/Users/daria/.m2/repository/com/amazonaws/aws-java-sdk-directory/1.12.780/aws-java-sdk-directory-1.12.780.jar:/Users/daria/.m2/repository/com/amazonaws/aws-java-sdk-efs/1.12.780/aws-java-sdk-efs-1.12.780.jar:/Users/daria/.m2/repository/com/amazonaws/aws-java-sdk-codecommit/1.12.780/aws-java-sdk-codecommit-1.12.780.jar:/Users/daria/.m2/repository/com/amazonaws/aws-java-sdk-devicefarm/1.12.780/aws-java-sdk-devicefarm-1.12.780.jar:/Users/daria/.m2/repository/com/amazonaws/aws-java-sdk-elasticsearch/1.12.780/aws-java-sdk-elasticsearch-1.12.780.jar:/Users/daria/.m2/repository/com/amazonaws/aws-java-sdk-waf/1.12.780/aws-java-sdk-waf-1.12.780.jar:/Users/daria/.m2/repository/com/amazonaws/aws-java-sdk-marketplacecommerceanalytics/1.12.780/aws-java-sdk-marketplacecommerceanalytics-1.12.780.jar:/Users/daria/.m2/repository/com/amazonaws/aws-java-sdk-inspector/1.12.780/aws-java-sdk-inspector-1.12.780.jar:/Users/daria/.m2/repository/com/amazonaws/aws-java-sdk-iot/1.12.780/aws-java-sdk-iot-1.12.780.jar:/Users/daria/.m2/repository/com/amazonaws/aws-java-sdk-api-gateway/1.12.780/aws-java-sdk-api-gateway-1.12.780.jar:/Users/daria/.m2/repository/com/amazonaws/aws-java-sdk-acm/1.12.780/aws-java-sdk-acm-1.12.780.jar:/Users/daria/.m2/repository/com/amazonaws/aws-java-sdk-gamelift/1.12.780/aws-java-sdk-gamelift-1.12.780.jar:/Users/daria/.m2/repository/com/amazonaws/aws-java-sdk-dms/1.12.780/aws-java-sdk-dms-1.12.780.jar:/Users/daria/.m2/repository/com/amazonaws/aws-java-sdk-marketplacemeteringservice/1.12.780/aws-java-sdk-marketplacemeteringservice-1.12.780.jar:/Users/daria/.m2/repository/com/amazonaws/aws-java-sdk-cognitoidp/1.12.780/aws-java-sdk-cognitoidp-1.12.780.jar:/Users/daria/.m2/repository/com/amazonaws/aws-java-sdk-discovery/1.12.780/aws-java-sdk-discovery-1.12.780.jar:/Users/daria/.m2/repository/com/amazonaws/aws-java-sdk-applicationautoscaling/1.12.780/aws-java-sdk-applicationautoscaling-1.12.780.jar:/Users/daria/.m2/repository/com/amazonaws/aws-java-sdk-snowball/1.12.780/aws-java-sdk-snowball-1.12.780.jar:/Users/daria/.m2/repository/com/amazonaws/aws-java-sdk-rekognition/1.12.780/aws-java-sdk-rekognition-1.12.780.jar:/Users/daria/.m2/repository/com/amazonaws/aws-java-sdk-polly/1.12.780/aws-java-sdk-polly-1.12.780.jar:/Users/daria/.m2/repository/com/amazonaws/aws-java-sdk-lightsail/1.12.780/aws-java-sdk-lightsail-1.12.780.jar:/Users/daria/.m2/repository/com/amazonaws/aws-java-sdk-stepfunctions/1.12.780/aws-java-sdk-stepfunctions-1.12.780.jar:/Users/daria/.m2/repository/com/amazonaws/aws-java-sdk-health/1.12.780/aws-java-sdk-health-1.12.780.jar:/Users/daria/.m2/repository/com/amazonaws/aws-java-sdk-costandusagereport/1.12.780/aws-java-sdk-costandusagereport-1.12.780.jar:/Users/daria/.m2/repository/com/amazonaws/aws-java-sdk-codebuild/1.12.780/aws-java-sdk-codebuild-1.12.780.jar:/Users/daria/.m2/repository/com/amazonaws/aws-java-sdk-appstream/1.12.780/aws-java-sdk-appstream-1.12.780.jar:/Users/daria/.m2/repository/com/amazonaws/aws-java-sdk-shield/1.12.780/aws-java-sdk-shield-1.12.780.jar:/Users/daria/.m2/repository/com/amazonaws/aws-java-sdk-batch/1.12.780/aws-java-sdk-batch-1.12.780.jar:/Users/daria/.m2/repository/com/amazonaws/aws-java-sdk-lex/1.12.780/aws-java-sdk-lex-1.12.780.jar:/Users/daria/.m2/repository/com/amazonaws/aws-java-sdk-mechanicalturkrequester/1.12.780/aws-java-sdk-mechanicalturkrequester-1.12.780.jar:/Users/daria/.m2/repository/com/amazonaws/aws-java-sdk-organizations/1.12.780/aws-java-sdk-organizations-1.12.780.jar:/Users/daria/.m2/repository/com/amazonaws/aws-java-sdk-workdocs/1.12.780/aws-java-sdk-workdocs-1.12.780.jar:/Users/daria/.m2/repository/com/amazonaws/aws-java-sdk-core/1.12.780/aws-java-sdk-core-1.12.780.jar:/Users/daria/.m2/repository/commons-logging/commons-logging/1.1.3/commons-logging-1.1.3.jar:/Users/daria/.m2/repository/org/apache/httpcomponents/httpclient/4.5.13/httpclient-4.5.13.jar:/Users/daria/.m2/repository/org/apache/httpcomponents/httpcore/4.4.16/httpcore-4.4.16.jar:/Users/daria/.m2/repository/com/fasterxml/jackson/dataformat/jackson-dataformat-cbor/2.17.2/jackson-dataformat-cbor-2.17.2.jar:/Users/daria/.m2/repository/joda-time/joda-time/2.12.7/joda-time-2.12.7.jar:/Users/daria/.m2/repository/com/amazonaws/aws-java-sdk-models/1.12.780/aws-java-sdk-models-1.12.780.jar:/Users/daria/.m2/repository/com/amazonaws/aws-java-sdk-swf-libraries/1.11.22/aws-java-sdk-swf-libraries-1.11.22.jar:/Users/daria/.m2/repository/org/springdoc/springdoc-openapi-starter-webmvc-ui/2.2.0/springdoc-openapi-starter-webmvc-ui-2.2.0.jar:/Users/daria/.m2/repository/org/springdoc/springdoc-openapi-starter-webmvc-api/2.2.0/springdoc-openapi-starter-webmvc-api-2.2.0.jar:/Users/daria/.m2/repository/org/springdoc/springdoc-openapi-starter-common/2.2.0/springdoc-openapi-starter-common-2.2.0.jar:/Users/daria/.m2/repository/io/swagger/core/v3/swagger-core-jakarta/2.2.15/swagger-core-jakarta-2.2.15.jar:/Users/daria/.m2/repository/io/swagger/core/v3/swagger-annotations-jakarta/2.2.15/swagger-annotations-jakarta-2.2.15.jar:/Users/daria/.m2/repository/io/swagger/core/v3/swagger-models-jakarta/2.2.15/swagger-models-jakarta-2.2.15.jar:/Users/daria/.m2/repository/com/fasterxml/jackson/dataformat/jackson-dataformat-yaml/2.17.2/jackson-dataformat-yaml-2.17.2.jar:/Users/daria/.m2/repository/org/webjars/swagger-ui/5.2.0/swagger-ui-5.2.0.jar:/Users/daria/.m2/repository/org/springframework/boot/spring-boot-starter-data-mongodb/3.3.5/spring-boot-starter-data-mongodb-3.3.5.jar:/Users/daria/.m2/repository/org/springframework/boot/spring-boot-starter/3.3.5/spring-boot-starter-3.3.5.jar:/Users/daria/.m2/repository/org/springframework/boot/spring-boot/3.3.5/spring-boot-3.3.5.jar:/Users/daria/.m2/repository/org/springframework/boot/spring-boot-autoconfigure/3.3.5/spring-boot-autoconfigure-3.3.5.jar:/Users/daria/.m2/repository/org/springframework/boot/spring-boot-starter-logging/3.3.5/spring-boot-starter-logging-3.3.5.jar:/Users/daria/.m2/repository/ch/qos/logback/logback-classic/1.5.11/logback-classic-1.5.11.jar:/Users/daria/.m2/repository/ch/qos/logback/logback-core/1.5.11/logback-core-1.5.11.jar:/Users/daria/.m2/repository/org/apache/logging/log4j/log4j-to-slf4j/2.23.1/log4j-to-slf4j-2.23.1.jar:/Users/daria/.m2/repository/org/apache/logging/log4j/log4j-api/2.23.1/log4j-api-2.23.1.jar:/Users/daria/.m2/repository/org/slf4j/jul-to-slf4j/2.0.16/jul-to-slf4j-2.0.16.jar:/Users/daria/.m2/repository/org/mongodb/mongodb-driver-sync/5.0.1/mongodb-driver-sync-5.0.1.jar:/Users/daria/.m2/repository/org/mongodb/bson/5.0.1/bson-5.0.1.jar:/Users/daria/.m2/repository/org/mongodb/mongodb-driver-core/5.0.1/mongodb-driver-core-5.0.1.jar:/Users/daria/.m2/repository/org/mongodb/bson-record-codec/5.0.1/bson-record-codec-5.0.1.jar:/Users/daria/.m2/repository/org/springframework/data/spring-data-mongodb/4.3.5/spring-data-mongodb-4.3.5.jar:/Users/daria/.m2/repository/org/springframework/spring-expression/6.1.14/spring-expression-6.1.14.jar:/Users/daria/.m2/repository/org/springframework/boot/spring-boot-starter-jdbc/3.3.5/spring-boot-starter-jdbc-3.3.5.jar:/Users/daria/.m2/repository/com/zaxxer/HikariCP/5.1.0/HikariCP-5.1.0.jar:/Users/daria/.m2/repository/org/springframework/spring-jdbc/6.1.14/spring-jdbc-6.1.14.jar:/Users/daria/.m2/repository/org/springframework/boot/spring-boot-starter-web/3.3.5/spring-boot-starter-web-3.3.5.jar:/Users/daria/.m2/repository/org/springframework/boot/spring-boot-starter-json/3.3.5/spring-boot-starter-json-3.3.5.jar:/Users/daria/.m2/repository/com/fasterxml/jackson/datatype/jackson-datatype-jdk8/2.17.2/jackson-datatype-jdk8-2.17.2.jar:/Users/daria/.m2/repository/com/fasterxml/jackson/datatype/jackson-datatype-jsr310/2.17.2/jackson-datatype-jsr310-2.17.2.jar:/Users/daria/.m2/repository/com/fasterxml/jackson/module/jackson-module-parameter-names/2.17.2/jackson-module-parameter-names-2.17.2.jar:/Users/daria/.m2/repository/org/springframework/boot/spring-boot-starter-tomcat/3.3.5/spring-boot-starter-tomcat-3.3.5.jar:/Users/daria/.m2/repository/org/apache/tomcat/embed/tomcat-embed-core/10.1.31/tomcat-embed-core-10.1.31.jar:/Users/daria/.m2/repository/org/apache/tomcat/embed/tomcat-embed-websocket/10.1.31/tomcat-embed-websocket-10.1.31.jar:/Users/daria/.m2/repository/org/springframework/spring-web/6.1.14/spring-web-6.1.14.jar:/Users/daria/.m2/repository/org/springframework/spring-webmvc/6.1.14/spring-webmvc-6.1.14.jar:/Users/daria/.m2/repository/org/springframework/boot/spring-boot-starter-validation/3.3.5/spring-boot-starter-validation-3.3.5.jar:/Users/daria/.m2/repository/org/apache/tomcat/embed/tomcat-embed-el/10.1.31/tomcat-embed-el-10.1.31.jar:/Users/daria/.m2/repository/org/hibernate/validator/hibernate-validator/8.0.1.Final/hibernate-validator-8.0.1.Final.jar:/Users/daria/.m2/repository/jakarta/validation/jakarta.validation-api/3.0.2/jakarta.validation-api-3.0.2.jar:/Users/daria/.m2/repository/org/springframework/boot/spring-boot-starter-security/3.3.5/spring-boot-starter-security-3.3.5.jar:/Users/daria/.m2/repository/org/springframework/spring-aop/6.1.14/spring-aop-6.1.14.jar:/Users/daria/.m2/repository/org/springframework/security/spring-security-config/6.3.4/spring-security-config-6.3.4.jar:/Users/daria/.m2/repository/org/springframework/security/spring-security-core/6.3.4/spring-security-core-6.3.4.jar:/Users/daria/.m2/repository/org/springframework/security/spring-security-crypto/6.3.4/spring-security-crypto-6.3.4.jar:/Users/daria/.m2/repository/org/springframework/security/spring-security-web/6.3.4/spring-security-web-6.3.4.jar:/Users/daria/.m2/repository/me/paulschwarz/spring-dotenv/4.0.0/spring-dotenv-4.0.0.jar:/Users/daria/.m2/repository/io/github/cdimascio/dotenv-java/3.0.0/dotenv-java-3.0.0.jar:/Users/daria/.m2/repository/io/jsonwebtoken/jjwt-api/0.11.5/jjwt-api-0.11.5.jar:/Users/daria/.m2/repository/org/mindrot/jbcrypt/0.4/jbcrypt-0.4.jar:/Users/daria/.m2/repository/io/jsonwebtoken/jjwt-impl/0.11.5/jjwt-impl-0.11.5.jar:/Users/daria/.m2/repository/io/jsonwebtoken/jjwt-jackson/0.11.5/jjwt-jackson-0.11.5.jar:/Users/daria/.m2/repository/com/fasterxml/jackson/core/jackson-databind/2.17.2/jackson-databind-2.17.2.jar:/Users/daria/.m2/repository/com/fasterxml/jackson/core/jackson-annotations/2.17.2/jackson-annotations-2.17.2.jar:/Users/daria/.m2/repository/com/fasterxml/jackson/core/jackson-core/2.17.2/jackson-core-2.17.2.jar:/Users/daria/.m2/repository/org/postgresql/postgresql/42.7.4/postgresql-42.7.4.jar:/Users/daria/.m2/repository/org/checkerframework/checker-qual/3.42.0/checker-qual-3.42.0.jar:/Users/daria/.m2/repository/org/projectlombok/lombok/1.18.30/lombok-1.18.30.jar:/Users/daria/.m2/repository/org/springframework/boot/spring-boot-starter-test/3.3.5/spring-boot-starter-test-3.3.5.jar:/Users/daria/.m2/repository/org/springframework/boot/spring-boot-test/3.3.5/spring-boot-test-3.3.5.jar:/Users/daria/.m2/repository/org/springframework/boot/spring-boot-test-autoconfigure/3.3.5/spring-boot-test-autoconfigure-3.3.5.jar:/Users/daria/.m2/repository/com/jayway/jsonpath/json-path/2.9.0/json-path-2.9.0.jar:/Users/daria/.m2/repository/jakarta/xml/bind/jakarta.xml.bind-api/4.0.2/jakarta.xml.bind-api-4.0.2.jar:/Users/daria/.m2/repository/jakarta/activation/jakarta.activation-api/2.1.3/jakarta.activation-api-2.1.3.jar:/Users/daria/.m2/repository/net/minidev/json-smart/2.5.1/json-smart-2.5.1.jar:/Users/daria/.m2/repository/net/minidev/accessors-smart/2.5.1/accessors-smart-2.5.1.jar:/Users/daria/.m2/repository/org/ow2/asm/asm/9.6/asm-9.6.jar:/Users/daria/.m2/repository/org/assertj/assertj-core/3.25.3/assertj-core-3.25.3.jar:/Users/daria/.m2/repository/org/awaitility/awaitility/4.2.2/awaitility-4.2.2.jar:/Users/daria/.m2/repository/org/hamcrest/hamcrest/2.2/hamcrest-2.2.jar:/Users/daria/.m2/repository/org/junit/jupiter/junit-jupiter/5.10.5/junit-jupiter-5.10.5.jar:/Users/daria/.m2/repository/org/junit/jupiter/junit-jupiter-api/5.10.5/junit-jupiter-api-5.10.5.jar:/Users/daria/.m2/repository/org/opentest4j/opentest4j/1.3.0/opentest4j-1.3.0.jar:/Users/daria/.m2/repository/org/junit/platform/junit-platform-commons/1.10.5/junit-platform-commons-1.10.5.jar:/Users/daria/.m2/repository/org/apiguardian/apiguardian-api/1.1.2/apiguardian-api-1.1.2.jar:/Users/daria/.m2/repository/org/junit/jupiter/junit-jupiter-params/5.10.5/junit-jupiter-params-5.10.5.jar:/Users/daria/.m2/repository/org/junit/jupiter/junit-jupiter-engine/5.10.5/junit-jupiter-engine-5.10.5.jar:/Users/daria/.m2/repository/org/junit/platform/junit-platform-engine/1.10.5/junit-platform-engine-1.10.5.jar:/Users/daria/.m2/repository/org/mockito/mockito-core/5.11.0/mockito-core-5.11.0.jar:/Users/daria/.m2/repository/net/bytebuddy/byte-buddy-agent/1.14.19/byte-buddy-agent-1.14.19.jar:/Users/daria/.m2/repository/org/objenesis/objenesis/3.3/objenesis-3.3.jar:/Users/daria/.m2/repository/org/mockito/mockito-junit-jupiter/5.11.0/mockito-junit-jupiter-5.11.0.jar:/Users/daria/.m2/repository/org/skyscreamer/jsonassert/1.5.3/jsonassert-1.5.3.jar:/Users/daria/.m2/repository/com/vaadin/external/google/android-json/0.0.20131108.vaadin1/android-json-0.0.20131108.vaadin1.jar:/Users/daria/.m2/repository/org/springframework/spring-core/6.1.14/spring-core-6.1.14.jar:/Users/daria/.m2/repository/org/springframework/spring-jcl/6.1.14/spring-jcl-6.1.14.jar:/Users/daria/.m2/repository/org/springframework/spring-test/6.1.14/spring-test-6.1.14.jar:/Users/daria/.m2/repository/org/xmlunit/xmlunit-core/2.9.1/xmlunit-core-2.9.1.jar:/Users/daria/.m2/repository/org/mapstruct/mapstruct/1.6.0/mapstruct-1.6.0.jar:/Users/daria/.m2/repository/org/mapstruct/mapstruct-processor/1.6.0/mapstruct-processor-1.6.0.jar:/Users/daria/.m2/repository/org/projectlombok/lombok-mapstruct-binding/0.2.0/lombok-mapstruct-binding-0.2.0.jar:/Users/daria/.m2/repository/org/springframework/kafka/spring-kafka/3.2.4/spring-kafka-3.2.4.jar:/Users/daria/.m2/repository/org/springframework/spring-context/6.1.14/spring-context-6.1.14.jar:/Users/daria/.m2/repository/org/springframework/spring-messaging/6.1.14/spring-messaging-6.1.14.jar:/Users/daria/.m2/repository/org/springframework/spring-tx/6.1.14/spring-tx-6.1.14.jar:/Users/daria/.m2/repository/org/springframework/retry/spring-retry/2.0.10/spring-retry-2.0.10.jar:/Users/daria/.m2/repository/org/apache/kafka/kafka-clients/3.7.1/kafka-clients-3.7.1.jar:/Users/daria/.m2/repository/com/github/luben/zstd-jni/1.5.6-3/zstd-jni-1.5.6-3.jar:/Users/daria/.m2/repository/org/lz4/lz4-java/1.8.0/lz4-java-1.8.0.jar:/Users/daria/.m2/repository/org/xerial/snappy/snappy-java/1.1.10.5/snappy-java-1.1.10.5.jar:/Users/daria/.m2/repository/io/micrometer/micrometer-observation/1.13.6/micrometer-observation-1.13.6.jar:/Users/daria/.m2/repository/io/micrometer/micrometer-commons/1.13.6/micrometer-commons-1.13.6.jar:"/>
    <property name="sun.cpu.endian" value="little"/>
    <property name="user.home" value="/Users/daria"/>
    <property name="user.language" value="en"/>
    <property name="java.specification.vendor" value="Oracle Corporation"/>
    <property name="java.version.date" value="2025-01-21"/>
    <property name="java.home" value="/opt/homebrew/Cellar/openjdk/23.0.2/libexec/openjdk.jdk/Contents/Home"/>
    <property name="file.separator" value="/"/>
    <property name="basedir" value="/Users/daria/electroplan-backend"/>
    <property name="java.vm.compressedOopsMode" value="Zero based"/>
    <property name="line.separator" value="&#10;"/>
    <property name="java.vm.specification.vendor" value="Oracle Corporation"/>
    <property name="java.specification.name" value="Java Platform API Specification"/>
    <property name="FILE_LOG_CHARSET" value="UTF-8"/>
    <property name="java.awt.headless" value="true"/>
    <property name="apple.awt.application.name" value="ForkedBooter"/>
    <property name="surefire.real.class.path" value="/Users/daria/electroplan-backend/target/surefire/surefirebooter-20250414161438080_3.jar"/>
    <property name="sun.management.compiler" value="HotSpot 64-Bit Tiered Compilers"/>
    <property name="ftp.nonProxyHosts" value="local|*.local|169.254/16|*.169.254/16"/>
    <property name="java.runtime.version" value="23.0.2"/>
    <property name="user.name" value="daria"/>
    <property name="stdout.encoding" value="UTF-8"/>
    <property name="path.separator" value=":"/>
    <property name="os.version" value="15.1.1"/>
    <property name="java.runtime.name" value="OpenJDK Runtime Environment"/>
    <property name="file.encoding" value="UTF-8"/>
    <property name="java.vm.name" value="OpenJDK 64-Bit Server VM"/>
    <property name="java.vendor.version" value="Homebrew"/>
    <property name="localRepository" value="/Users/daria/.m2/repository"/>
    <property name="java.vendor.url.bug" value="https://github.com/Homebrew/homebrew-core/issues"/>
    <property name="java.io.tmpdir" value="/var/folders/y0/fhr_dkv10kx8cr148242j6wh0000gn/T/"/>
    <property name="com.zaxxer.hikari.pool_number" value="1"/>
    <property name="java.version" value="23.0.2"/>
    <property name="user.dir" value="/Users/daria/electroplan-backend"/>
    <property name="os.arch" value="aarch64"/>
    <property name="java.vm.specification.name" value="Java Virtual Machine Specification"/>
    <property name="PID" value="42838"/>
    <property name="CONSOLE_LOG_CHARSET" value="UTF-8"/>
    <property name="native.encoding" value="UTF-8"/>
    <property name="java.library.path" value="/Users/daria/Library/Java/Extensions:/Library/Java/Extensions:/Network/Library/Java/Extensions:/System/Library/Java/Extensions:/usr/lib/java:."/>
    <property name="java.vm.info" value="mixed mode, sharing"/>
    <property name="stderr.encoding" value="UTF-8"/>
    <property name="java.vendor" value="Homebrew"/>
    <property name="java.vm.version" value="23.0.2"/>
    <property name="sun.io.unicode.encoding" value="UnicodeBig"/>
    <property name="socksNonProxyHosts" value="local|*.local|169.254/16|*.169.254/16"/>
    <property name="java.class.version" value="67.0"/>
    <property name="LOGGED_APPLICATION_NAME" value="[electroplan-backend] "/>
  </properties>
  <testcase name="contextLoads" classname="com.example.electroplan_backend.ElectroplanBackendApplicationTests" time="0.007">
    <error message="Failed to load ApplicationContext for [WebMergedContextConfiguration@41f964f9 testClass = com.example.electroplan_backend.ElectroplanBackendApplicationTests, locations = [], classes = [com.example.electroplan_backend.ElectroplanBackendApplication], contextInitializerClasses = [], activeProfiles = [], propertySourceDescriptors = [], propertySourceProperties = [&quot;org.springframework.boot.test.context.SpringBootTestContextBootstrapper=true&quot;], contextCustomizers = [org.springframework.boot.test.context.filter.ExcludeFilterContextCustomizer@ab7395e, org.springframework.boot.test.json.DuplicateJsonObjectContextCustomizerFactory$DuplicateJsonObjectContextCustomizer@64a40280, org.springframework.boot.test.mock.mockito.MockitoContextCustomizer@0, org.springframework.boot.test.web.client.TestRestTemplateContextCustomizer@5bf8fa12, org.springframework.boot.test.web.reactor.netty.DisableReactorResourceFactoryGlobalResourcesContextCustomizerFactory$DisableReactorResourceFactoryGlobalResourcesContextCustomizerCustomizer@6d025197, org.springframework.boot.test.autoconfigure.OnFailureConditionReportContextCustomizerFactory$OnFailureConditionReportContextCustomizer@b7c4869, org.springframework.boot.test.autoconfigure.actuate.observability.ObservabilityContextCustomizerFactory$DisableObservabilityContextCustomizer@1f, org.springframework.boot.test.autoconfigure.properties.PropertyMappingContextCustomizer@0, org.springframework.boot.test.autoconfigure.web.servlet.WebDriverContextCustomizer@344f4dea, org.springframework.boot.test.context.SpringBootTestAnnotation@97d940e0], resourceBasePath = &quot;src/main/webapp&quot;, contextLoader = org.springframework.boot.test.context.SpringBootContextLoader, parent = null]" type="java.lang.IllegalStateException"><![CDATA[java.lang.IllegalStateException: Failed to load ApplicationContext for [WebMergedContextConfiguration@41f964f9 testClass = com.example.electroplan_backend.ElectroplanBackendApplicationTests, locations = [], classes = [com.example.electroplan_backend.ElectroplanBackendApplication], contextInitializerClasses = [], activeProfiles = [], propertySourceDescriptors = [], propertySourceProperties = ["org.springframework.boot.test.context.SpringBootTestContextBootstrapper=true"], contextCustomizers = [org.springframework.boot.test.context.filter.ExcludeFilterContextCustomizer@ab7395e, org.springframework.boot.test.json.DuplicateJsonObjectContextCustomizerFactory$DuplicateJsonObjectContextCustomizer@64a40280, org.springframework.boot.test.mock.mockito.MockitoContextCustomizer@0, org.springframework.boot.test.web.client.TestRestTemplateContextCustomizer@5bf8fa12, org.springframework.boot.test.web.reactor.netty.DisableReactorResourceFactoryGlobalResourcesContextCustomizerFactory$DisableReactorResourceFactoryGlobalResourcesContextCustomizerCustomizer@6d025197, org.springframework.boot.test.autoconfigure.OnFailureConditionReportContextCustomizerFactory$OnFailureConditionReportContextCustomizer@b7c4869, org.springframework.boot.test.autoconfigure.actuate.observability.ObservabilityContextCustomizerFactory$DisableObservabilityContextCustomizer@1f, org.springframework.boot.test.autoconfigure.properties.PropertyMappingContextCustomizer@0, org.springframework.boot.test.autoconfigure.web.servlet.WebDriverContextCustomizer@344f4dea, org.springframework.boot.test.context.SpringBootTestAnnotation@97d940e0], resourceBasePath = "src/main/webapp", contextLoader = org.springframework.boot.test.context.SpringBootContextLoader, parent = null]
	at org.springframework.test.context.cache.DefaultCacheAwareContextLoaderDelegate.loadContext(DefaultCacheAwareContextLoaderDelegate.java:180)
	at org.springframework.test.context.support.DefaultTestContext.getApplicationContext(DefaultTestContext.java:130)
	at org.springframework.test.context.web.ServletTestExecutionListener.setUpRequestContextIfNecessary(ServletTestExecutionListener.java:191)
	at org.springframework.test.context.web.ServletTestExecutionListener.prepareTestInstance(ServletTestExecutionListener.java:130)
	at org.springframework.test.context.TestContextManager.prepareTestInstance(TestContextManager.java:260)
	at org.springframework.test.context.junit.jupiter.SpringExtension.postProcessTestInstance(SpringExtension.java:163)
	at java.base/java.util.stream.ReferencePipeline$3$1.accept(ReferencePipeline.java:215)
	at java.base/java.util.stream.ReferencePipeline$2$1.accept(ReferencePipeline.java:197)
	at java.base/java.util.ArrayList$ArrayListSpliterator.forEachRemaining(ArrayList.java:1709)
	at java.base/java.util.stream.AbstractPipeline.copyInto(AbstractPipeline.java:570)
	at java.base/java.util.stream.AbstractPipeline.wrapAndCopyInto(AbstractPipeline.java:560)
	at java.base/java.util.stream.StreamSpliterators$WrappingSpliterator.forEachRemaining(StreamSpliterators.java:315)
	at java.base/java.util.stream.Streams$ConcatSpliterator.forEachRemaining(Streams.java:735)
	at java.base/java.util.stream.Streams$ConcatSpliterator.forEachRemaining(Streams.java:734)
	at java.base/java.util.stream.ReferencePipeline$Head.forEach(ReferencePipeline.java:807)
	at java.base/java.util.Optional.orElseGet(Optional.java:364)
	at java.base/java.util.ArrayList.forEach(ArrayList.java:1597)
	at java.base/java.util.ArrayList.forEach(ArrayList.java:1597)
Caused by: org.springframework.beans.factory.BeanCreationException: Error creating bean with name 'entityManagerFactory' defined in class path resource [org/springframework/boot/autoconfigure/orm/jpa/HibernateJpaConfiguration.class]: Failed to initialize dependency 'liquibase' of LoadTimeWeaverAware bean 'entityManagerFactory': Error creating bean with name 'liquibase' defined in class path resource [org/springframework/boot/autoconfigure/liquibase/LiquibaseAutoConfiguration$LiquibaseConfiguration.class]: liquibase.exception.DatabaseException: org.postgresql.util.PSQLException: FATAL: role "postgres" does not exist
	at org.springframework.beans.factory.support.AbstractBeanFactory.doGetBean(AbstractBeanFactory.java:326)
	at org.springframework.beans.factory.support.AbstractBeanFactory.getBean(AbstractBeanFactory.java:205)
	at org.springframework.context.support.AbstractApplicationContext.finishBeanFactoryInitialization(AbstractApplicationContext.java:954)
	at org.springframework.context.support.AbstractApplicationContext.refresh(AbstractApplicationContext.java:625)
	at org.springframework.boot.SpringApplication.refresh(SpringApplication.java:754)
	at org.springframework.boot.SpringApplication.refreshContext(SpringApplication.java:456)
	at org.springframework.boot.SpringApplication.run(SpringApplication.java:335)
	at org.springframework.boot.test.context.SpringBootContextLoader.lambda$loadContext$3(SpringBootContextLoader.java:137)
	at org.springframework.util.function.ThrowingSupplier.get(ThrowingSupplier.java:58)
	at org.springframework.util.function.ThrowingSupplier.get(ThrowingSupplier.java:46)
	at org.springframework.boot.SpringApplication.withHook(SpringApplication.java:1463)
	at org.springframework.boot.test.context.SpringBootContextLoader$ContextLoaderHook.run(SpringBootContextLoader.java:553)
	at org.springframework.boot.test.context.SpringBootContextLoader.loadContext(SpringBootContextLoader.java:137)
	at org.springframework.boot.test.context.SpringBootContextLoader.loadContext(SpringBootContextLoader.java:108)
	at org.springframework.test.context.cache.DefaultCacheAwareContextLoaderDelegate.loadContextInternal(DefaultCacheAwareContextLoaderDelegate.java:225)
	at org.springframework.test.context.cache.DefaultCacheAwareContextLoaderDelegate.loadContext(DefaultCacheAwareContextLoaderDelegate.java:152)
	... 17 more
Caused by: org.springframework.beans.factory.BeanCreationException: Error creating bean with name 'liquibase' defined in class path resource [org/springframework/boot/autoconfigure/liquibase/LiquibaseAutoConfiguration$LiquibaseConfiguration.class]: liquibase.exception.DatabaseException: org.postgresql.util.PSQLException: FATAL: role "postgres" does not exist
	at org.springframework.beans.factory.support.AbstractAutowireCapableBeanFactory.initializeBean(AbstractAutowireCapableBeanFactory.java:1806)
	at org.springframework.beans.factory.support.AbstractAutowireCapableBeanFactory.doCreateBean(AbstractAutowireCapableBeanFactory.java:600)
	at org.springframework.beans.factory.support.AbstractAutowireCapableBeanFactory.createBean(AbstractAutowireCapableBeanFactory.java:522)
	at org.springframework.beans.factory.support.AbstractBeanFactory.lambda$doGetBean$0(AbstractBeanFactory.java:337)
	at org.springframework.beans.factory.support.DefaultSingletonBeanRegistry.getSingleton(DefaultSingletonBeanRegistry.java:234)
	at org.springframework.beans.factory.support.AbstractBeanFactory.doGetBean(AbstractBeanFactory.java:335)
	at org.springframework.beans.factory.support.AbstractBeanFactory.getBean(AbstractBeanFactory.java:200)
	at org.springframework.beans.factory.support.AbstractBeanFactory.doGetBean(AbstractBeanFactory.java:313)
	... 32 more
Caused by: liquibase.exception.UnexpectedLiquibaseException: liquibase.exception.DatabaseException: org.postgresql.util.PSQLException: FATAL: role "postgres" does not exist
	at liquibase.integration.spring.SpringLiquibase.afterPropertiesSet(SpringLiquibase.java:259)
	at org.springframework.beans.factory.support.AbstractAutowireCapableBeanFactory.invokeInitMethods(AbstractAutowireCapableBeanFactory.java:1853)
	at org.springframework.beans.factory.support.AbstractAutowireCapableBeanFactory.initializeBean(AbstractAutowireCapableBeanFactory.java:1802)
	... 39 more
Caused by: liquibase.exception.DatabaseException: org.postgresql.util.PSQLException: FATAL: role "postgres" does not exist
	at liquibase.integration.spring.SpringLiquibase.lambda$afterPropertiesSet$0(SpringLiquibase.java:251)
	at liquibase.Scope.lambda$child$0(Scope.java:190)
	at liquibase.Scope.child(Scope.java:199)
	at liquibase.Scope.child(Scope.java:189)
	at liquibase.Scope.child(Scope.java:168)
	at liquibase.Scope.child(Scope.java:256)
	at liquibase.integration.spring.SpringLiquibase.afterPropertiesSet(SpringLiquibase.java:242)
	... 41 more
Caused by: org.postgresql.util.PSQLException: FATAL: role "postgres" does not exist
	at org.postgresql.core.v3.QueryExecutorImpl.receiveErrorResponse(QueryExecutorImpl.java:2733)
	at org.postgresql.core.v3.QueryExecutorImpl.readStartupMessages(QueryExecutorImpl.java:2845)
	at org.postgresql.core.v3.QueryExecutorImpl.<init>(QueryExecutorImpl.java:176)
	at org.postgresql.core.v3.ConnectionFactoryImpl.openConnectionImpl(ConnectionFactoryImpl.java:323)
	at org.postgresql.core.ConnectionFactory.openConnection(ConnectionFactory.java:54)
	at org.postgresql.jdbc.PgConnection.<init>(PgConnection.java:273)
	at org.postgresql.Driver.makeConnection(Driver.java:446)
	at org.postgresql.Driver.connect(Driver.java:298)
	at com.zaxxer.hikari.util.DriverDataSource.getConnection(DriverDataSource.java:137)
	at com.zaxxer.hikari.pool.PoolBase.newConnection(PoolBase.java:360)
	at com.zaxxer.hikari.pool.PoolBase.newPoolEntry(PoolBase.java:202)
	at com.zaxxer.hikari.pool.HikariPool.createPoolEntry(HikariPool.java:461)
	at com.zaxxer.hikari.pool.HikariPool.checkFailFast(HikariPool.java:550)
	at com.zaxxer.hikari.pool.HikariPool.<init>(HikariPool.java:98)
	at com.zaxxer.hikari.HikariDataSource.getConnection(HikariDataSource.java:111)
	at liquibase.integration.spring.SpringLiquibase.lambda$afterPropertiesSet$0(SpringLiquibase.java:246)
	... 47 more
]]></error>
    <system-out><![CDATA[Standard Commons Logging discovery in action with spring-jcl: please remove commons-logging.jar from classpath in order to avoid potential conflicts
16:14:38.912 [main] INFO org.springframework.test.context.support.AnnotationConfigContextLoaderUtils -- Could not detect default configuration classes for test class [com.example.electroplan_backend.ElectroplanBackendApplicationTests]: ElectroplanBackendApplicationTests does not declare any static, non-private, non-final, nested classes annotated with @Configuration.
16:14:39.040 [main] INFO org.springframework.boot.test.context.SpringBootTestContextBootstrapper -- Found @SpringBootConfiguration com.example.electroplan_backend.ElectroplanBackendApplication for test class com.example.electroplan_backend.ElectroplanBackendApplicationTests

  .   ____          _            __ _ _
 /\\ / ___'_ __ _ _(_)_ __  __ _ \ \ \ \
( ( )\___ | '_ | '_| | '_ \/ _` | \ \ \ \
 \\/  ___)| |_)| | | | | || (_| |  ) ) ) )
  '  |____| .__|_| |_|_| |_\__, | / / / /
 =========|_|==============|___/=/_/_/_/

 :: Spring Boot ::                (v3.3.5)

2025-04-14T16:14:39.479+03:00  INFO 42838 --- [electroplan-backend] [           main] c.e.e.ElectroplanBackendApplicationTests : Starting ElectroplanBackendApplicationTests using Java 23.0.2 with PID 42838 (started by daria in /Users/daria/electroplan-backend)
2025-04-14T16:14:39.481+03:00  INFO 42838 --- [electroplan-backend] [           main] c.e.e.ElectroplanBackendApplicationTests : No active profile set, falling back to 1 default profile: "default"
2025-04-14T16:14:40.241+03:00  INFO 42838 --- [electroplan-backend] [           main] .s.d.r.c.RepositoryConfigurationDelegate : Multiple Spring Data modules found, entering strict repository configuration mode
2025-04-14T16:14:40.242+03:00  INFO 42838 --- [electroplan-backend] [           main] .s.d.r.c.RepositoryConfigurationDelegate : Bootstrapping Spring Data JDBC repositories in DEFAULT mode.
2025-04-14T16:14:40.253+03:00  INFO 42838 --- [electroplan-backend] [           main] .RepositoryConfigurationExtensionSupport : Spring Data JDBC - Could not safely identify store assignment for repository candidate interface com.example.electroplan_backend.repositories.UserRepository; If you want this repository to be a JDBC repository, consider annotating your entities with one of these annotations: org.springframework.data.relational.core.mapping.Table.
2025-04-14T16:14:40.253+03:00  INFO 42838 --- [electroplan-backend] [           main] .s.d.r.c.RepositoryConfigurationDelegate : Finished Spring Data repository scanning in 9 ms. Found 0 JDBC repository interfaces.
2025-04-14T16:14:40.259+03:00  INFO 42838 --- [electroplan-backend] [           main] .s.d.r.c.RepositoryConfigurationDelegate : Multiple Spring Data modules found, entering strict repository configuration mode
2025-04-14T16:14:40.260+03:00  INFO 42838 --- [electroplan-backend] [           main] .s.d.r.c.RepositoryConfigurationDelegate : Bootstrapping Spring Data JPA repositories in DEFAULT mode.
2025-04-14T16:14:40.269+03:00  INFO 42838 --- [electroplan-backend] [           main] .s.d.r.c.RepositoryConfigurationDelegate : Finished Spring Data repository scanning in 7 ms. Found 1 JPA repository interface.
2025-04-14T16:14:40.287+03:00  INFO 42838 --- [electroplan-backend] [           main] .s.d.r.c.RepositoryConfigurationDelegate : Multiple Spring Data modules found, entering strict repository configuration mode
2025-04-14T16:14:40.287+03:00  INFO 42838 --- [electroplan-backend] [           main] .s.d.r.c.RepositoryConfigurationDelegate : Bootstrapping Spring Data MongoDB repositories in DEFAULT mode.
2025-04-14T16:14:40.288+03:00  INFO 42838 --- [electroplan-backend] [           main] .RepositoryConfigurationExtensionSupport : Spring Data MongoDB - Could not safely identify store assignment for repository candidate interface com.example.electroplan_backend.repositories.UserRepository; If you want this repository to be a MongoDB repository, consider annotating your entities with one of these annotations: org.springframework.data.mongodb.core.mapping.Document (preferred), or consider extending one of the following types with your repository: org.springframework.data.mongodb.repository.MongoRepository
2025-04-14T16:14:40.288+03:00  INFO 42838 --- [electroplan-backend] [           main] .s.d.r.c.RepositoryConfigurationDelegate : Finished Spring Data repository scanning in 1 ms. Found 0 MongoDB repository interfaces.
2025-04-14T16:14:40.551+03:00  INFO 42838 --- [electroplan-backend] [           main] com.zaxxer.hikari.HikariDataSource       : HikariPool-1 - Starting...
2025-04-14T16:14:41.609+03:00  WARN 42838 --- [electroplan-backend] [           main] o.s.w.c.s.GenericWebApplicationContext   : Exception encountered during context initialization - cancelling refresh attempt: org.springframework.beans.factory.BeanCreationException: Error creating bean with name 'entityManagerFactory' defined in class path resource [org/springframework/boot/autoconfigure/orm/jpa/HibernateJpaConfiguration.class]: Failed to initialize dependency 'liquibase' of LoadTimeWeaverAware bean 'entityManagerFactory': Error creating bean with name 'liquibase' defined in class path resource [org/springframework/boot/autoconfigure/liquibase/LiquibaseAutoConfiguration$LiquibaseConfiguration.class]: liquibase.exception.DatabaseException: org.postgresql.util.PSQLException: FATAL: role "postgres" does not exist
2025-04-14T16:14:41.644+03:00  INFO 42838 --- [electroplan-backend] [           main] .s.b.a.l.ConditionEvaluationReportLogger : 

Error starting ApplicationContext. To display the condition evaluation report re-run your application with 'debug' enabled.
2025-04-14T16:14:41.660+03:00 ERROR 42838 --- [electroplan-backend] [           main] o.s.boot.SpringApplication               : Application run failed

org.springframework.beans.factory.BeanCreationException: Error creating bean with name 'entityManagerFactory' defined in class path resource [org/springframework/boot/autoconfigure/orm/jpa/HibernateJpaConfiguration.class]: Failed to initialize dependency 'liquibase' of LoadTimeWeaverAware bean 'entityManagerFactory': Error creating bean with name 'liquibase' defined in class path resource [org/springframework/boot/autoconfigure/liquibase/LiquibaseAutoConfiguration$LiquibaseConfiguration.class]: liquibase.exception.DatabaseException: org.postgresql.util.PSQLException: FATAL: role "postgres" does not exist
	at org.springframework.beans.factory.support.AbstractBeanFactory.doGetBean(AbstractBeanFactory.java:326) ~[spring-beans-6.1.14.jar:6.1.14]
	at org.springframework.beans.factory.support.AbstractBeanFactory.getBean(AbstractBeanFactory.java:205) ~[spring-beans-6.1.14.jar:6.1.14]
	at org.springframework.context.support.AbstractApplicationContext.finishBeanFactoryInitialization(AbstractApplicationContext.java:954) ~[spring-context-6.1.14.jar:6.1.14]
	at org.springframework.context.support.AbstractApplicationContext.refresh(AbstractApplicationContext.java:625) ~[spring-context-6.1.14.jar:6.1.14]
	at org.springframework.boot.SpringApplication.refresh(SpringApplication.java:754) ~[spring-boot-3.3.5.jar:3.3.5]
	at org.springframework.boot.SpringApplication.refreshContext(SpringApplication.java:456) ~[spring-boot-3.3.5.jar:3.3.5]
	at org.springframework.boot.SpringApplication.run(SpringApplication.java:335) ~[spring-boot-3.3.5.jar:3.3.5]
	at org.springframework.boot.test.context.SpringBootContextLoader.lambda$loadContext$3(SpringBootContextLoader.java:137) ~[spring-boot-test-3.3.5.jar:3.3.5]
	at org.springframework.util.function.ThrowingSupplier.get(ThrowingSupplier.java:58) ~[spring-core-6.1.14.jar:6.1.14]
	at org.springframework.util.function.ThrowingSupplier.get(ThrowingSupplier.java:46) ~[spring-core-6.1.14.jar:6.1.14]
	at org.springframework.boot.SpringApplication.withHook(SpringApplication.java:1463) ~[spring-boot-3.3.5.jar:3.3.5]
	at org.springframework.boot.test.context.SpringBootContextLoader$ContextLoaderHook.run(SpringBootContextLoader.java:553) ~[spring-boot-test-3.3.5.jar:3.3.5]
	at org.springframework.boot.test.context.SpringBootContextLoader.loadContext(SpringBootContextLoader.java:137) ~[spring-boot-test-3.3.5.jar:3.3.5]
	at org.springframework.boot.test.context.SpringBootContextLoader.loadContext(SpringBootContextLoader.java:108) ~[spring-boot-test-3.3.5.jar:3.3.5]
	at org.springframework.test.context.cache.DefaultCacheAwareContextLoaderDelegate.loadContextInternal(DefaultCacheAwareContextLoaderDelegate.java:225) ~[spring-test-6.1.14.jar:6.1.14]
	at org.springframework.test.context.cache.DefaultCacheAwareContextLoaderDelegate.loadContext(DefaultCacheAwareContextLoaderDelegate.java:152) ~[spring-test-6.1.14.jar:6.1.14]
	at org.springframework.test.context.support.DefaultTestContext.getApplicationContext(DefaultTestContext.java:130) ~[spring-test-6.1.14.jar:6.1.14]
	at org.springframework.test.context.web.ServletTestExecutionListener.setUpRequestContextIfNecessary(ServletTestExecutionListener.java:191) ~[spring-test-6.1.14.jar:6.1.14]
	at org.springframework.test.context.web.ServletTestExecutionListener.prepareTestInstance(ServletTestExecutionListener.java:130) ~[spring-test-6.1.14.jar:6.1.14]
	at org.springframework.test.context.TestContextManager.prepareTestInstance(TestContextManager.java:260) ~[spring-test-6.1.14.jar:6.1.14]
	at org.springframework.test.context.junit.jupiter.SpringExtension.postProcessTestInstance(SpringExtension.java:163) ~[spring-test-6.1.14.jar:6.1.14]
	at org.junit.jupiter.engine.descriptor.ClassBasedTestDescriptor.lambda$invokeTestInstancePostProcessors$10(ClassBasedTestDescriptor.java:378) ~[junit-jupiter-engine-5.10.5.jar:5.10.5]
	at org.junit.jupiter.engine.descriptor.ClassBasedTestDescriptor.executeAndMaskThrowable(ClassBasedTestDescriptor.java:383) ~[junit-jupiter-engine-5.10.5.jar:5.10.5]
	at org.junit.jupiter.engine.descriptor.ClassBasedTestDescriptor.lambda$invokeTestInstancePostProcessors$11(ClassBasedTestDescriptor.java:378) ~[junit-jupiter-engine-5.10.5.jar:5.10.5]
	at java.base/java.util.stream.ReferencePipeline$3$1.accept(ReferencePipeline.java:215) ~[na:na]
	at java.base/java.util.stream.ReferencePipeline$2$1.accept(ReferencePipeline.java:197) ~[na:na]
	at java.base/java.util.ArrayList$ArrayListSpliterator.forEachRemaining(ArrayList.java:1709) ~[na:na]
	at java.base/java.util.stream.AbstractPipeline.copyInto(AbstractPipeline.java:570) ~[na:na]
	at java.base/java.util.stream.AbstractPipeline.wrapAndCopyInto(AbstractPipeline.java:560) ~[na:na]
	at java.base/java.util.stream.StreamSpliterators$WrappingSpliterator.forEachRemaining(StreamSpliterators.java:315) ~[na:na]
	at java.base/java.util.stream.Streams$ConcatSpliterator.forEachRemaining(Streams.java:735) ~[na:na]
	at java.base/java.util.stream.Streams$ConcatSpliterator.forEachRemaining(Streams.java:734) ~[na:na]
	at java.base/java.util.stream.ReferencePipeline$Head.forEach(ReferencePipeline.java:807) ~[na:na]
	at org.junit.jupiter.engine.descriptor.ClassBasedTestDescriptor.invokeTestInstancePostProcessors(ClassBasedTestDescriptor.java:377) ~[junit-jupiter-engine-5.10.5.jar:5.10.5]
	at org.junit.jupiter.engine.descriptor.ClassBasedTestDescriptor.lambda$instantiateAndPostProcessTestInstance$6(ClassBasedTestDescriptor.java:290) ~[junit-jupiter-engine-5.10.5.jar:5.10.5]
	at org.junit.platform.engine.support.hierarchical.ThrowableCollector.execute(ThrowableCollector.java:73) ~[junit-platform-engine-1.10.5.jar:1.10.5]
	at org.junit.jupiter.engine.descriptor.ClassBasedTestDescriptor.instantiateAndPostProcessTestInstance(ClassBasedTestDescriptor.java:289) ~[junit-jupiter-engine-5.10.5.jar:5.10.5]
	at org.junit.jupiter.engine.descriptor.ClassBasedTestDescriptor.lambda$testInstancesProvider$4(ClassBasedTestDescriptor.java:279) ~[junit-jupiter-engine-5.10.5.jar:5.10.5]
	at java.base/java.util.Optional.orElseGet(Optional.java:364) ~[na:na]
	at org.junit.jupiter.engine.descriptor.ClassBasedTestDescriptor.lambda$testInstancesProvider$5(ClassBasedTestDescriptor.java:278) ~[junit-jupiter-engine-5.10.5.jar:5.10.5]
	at org.junit.jupiter.engine.execution.TestInstancesProvider.getTestInstances(TestInstancesProvider.java:31) ~[junit-jupiter-engine-5.10.5.jar:5.10.5]
	at org.junit.jupiter.engine.descriptor.TestMethodTestDescriptor.lambda$prepare$0(TestMethodTestDescriptor.java:106) ~[junit-jupiter-engine-5.10.5.jar:5.10.5]
	at org.junit.platform.engine.support.hierarchical.ThrowableCollector.execute(ThrowableCollector.java:73) ~[junit-platform-engine-1.10.5.jar:1.10.5]
	at org.junit.jupiter.engine.descriptor.TestMethodTestDescriptor.prepare(TestMethodTestDescriptor.java:105) ~[junit-jupiter-engine-5.10.5.jar:5.10.5]
	at org.junit.jupiter.engine.descriptor.TestMethodTestDescriptor.prepare(TestMethodTestDescriptor.java:69) ~[junit-jupiter-engine-5.10.5.jar:5.10.5]
	at org.junit.platform.engine.support.hierarchical.NodeTestTask.lambda$prepare$2(NodeTestTask.java:128) ~[junit-platform-engine-1.10.5.jar:1.10.5]
	at org.junit.platform.engine.support.hierarchical.ThrowableCollector.execute(ThrowableCollector.java:73) ~[junit-platform-engine-1.10.5.jar:1.10.5]
	at org.junit.platform.engine.support.hierarchical.NodeTestTask.prepare(NodeTestTask.java:128) ~[junit-platform-engine-1.10.5.jar:1.10.5]
	at org.junit.platform.engine.support.hierarchical.NodeTestTask.execute(NodeTestTask.java:95) ~[junit-platform-engine-1.10.5.jar:1.10.5]
	at java.base/java.util.ArrayList.forEach(ArrayList.java:1597) ~[na:na]
	at org.junit.platform.engine.support.hierarchical.SameThreadHierarchicalTestExecutorService.invokeAll(SameThreadHierarchicalTestExecutorService.java:41) ~[junit-platform-engine-1.10.5.jar:1.10.5]
	at org.junit.platform.engine.support.hierarchical.NodeTestTask.lambda$executeRecursively$6(NodeTestTask.java:160) ~[junit-platform-engine-1.10.5.jar:1.10.5]
	at org.junit.platform.engine.support.hierarchical.ThrowableCollector.execute(ThrowableCollector.java:73) ~[junit-platform-engine-1.10.5.jar:1.10.5]
	at org.junit.platform.engine.support.hierarchical.NodeTestTask.lambda$executeRecursively$8(NodeTestTask.java:146) ~[junit-platform-engine-1.10.5.jar:1.10.5]
	at org.junit.platform.engine.support.hierarchical.Node.around(Node.java:137) ~[junit-platform-engine-1.10.5.jar:1.10.5]
	at org.junit.platform.engine.support.hierarchical.NodeTestTask.lambda$executeRecursively$9(NodeTestTask.java:144) ~[junit-platform-engine-1.10.5.jar:1.10.5]
	at org.junit.platform.engine.support.hierarchical.ThrowableCollector.execute(ThrowableCollector.java:73) ~[junit-platform-engine-1.10.5.jar:1.10.5]
	at org.junit.platform.engine.support.hierarchical.NodeTestTask.executeRecursively(NodeTestTask.java:143) ~[junit-platform-engine-1.10.5.jar:1.10.5]
	at org.junit.platform.engine.support.hierarchical.NodeTestTask.execute(NodeTestTask.java:100) ~[junit-platform-engine-1.10.5.jar:1.10.5]
	at java.base/java.util.ArrayList.forEach(ArrayList.java:1597) ~[na:na]
	at org.junit.platform.engine.support.hierarchical.SameThreadHierarchicalTestExecutorService.invokeAll(SameThreadHierarchicalTestExecutorService.java:41) ~[junit-platform-engine-1.10.5.jar:1.10.5]
	at org.junit.platform.engine.support.hierarchical.NodeTestTask.lambda$executeRecursively$6(NodeTestTask.java:160) ~[junit-platform-engine-1.10.5.jar:1.10.5]
	at org.junit.platform.engine.support.hierarchical.ThrowableCollector.execute(ThrowableCollector.java:73) ~[junit-platform-engine-1.10.5.jar:1.10.5]
	at org.junit.platform.engine.support.hierarchical.NodeTestTask.lambda$executeRecursively$8(NodeTestTask.java:146) ~[junit-platform-engine-1.10.5.jar:1.10.5]
	at org.junit.platform.engine.support.hierarchical.Node.around(Node.java:137) ~[junit-platform-engine-1.10.5.jar:1.10.5]
	at org.junit.platform.engine.support.hierarchical.NodeTestTask.lambda$executeRecursively$9(NodeTestTask.java:144) ~[junit-platform-engine-1.10.5.jar:1.10.5]
	at org.junit.platform.engine.support.hierarchical.ThrowableCollector.execute(ThrowableCollector.java:73) ~[junit-platform-engine-1.10.5.jar:1.10.5]
	at org.junit.platform.engine.support.hierarchical.NodeTestTask.executeRecursively(NodeTestTask.java:143) ~[junit-platform-engine-1.10.5.jar:1.10.5]
	at org.junit.platform.engine.support.hierarchical.NodeTestTask.execute(NodeTestTask.java:100) ~[junit-platform-engine-1.10.5.jar:1.10.5]
	at org.junit.platform.engine.support.hierarchical.SameThreadHierarchicalTestExecutorService.submit(SameThreadHierarchicalTestExecutorService.java:35) ~[junit-platform-engine-1.10.5.jar:1.10.5]
	at org.junit.platform.engine.support.hierarchical.HierarchicalTestExecutor.execute(HierarchicalTestExecutor.java:57) ~[junit-platform-engine-1.10.5.jar:1.10.5]
	at org.junit.platform.engine.support.hierarchical.HierarchicalTestEngine.execute(HierarchicalTestEngine.java:54) ~[junit-platform-engine-1.10.5.jar:1.10.5]
	at org.junit.platform.launcher.core.EngineExecutionOrchestrator.execute(EngineExecutionOrchestrator.java:198) ~[junit-platform-launcher-1.10.5.jar:1.10.5]
	at org.junit.platform.launcher.core.EngineExecutionOrchestrator.execute(EngineExecutionOrchestrator.java:169) ~[junit-platform-launcher-1.10.5.jar:1.10.5]
	at org.junit.platform.launcher.core.EngineExecutionOrchestrator.execute(EngineExecutionOrchestrator.java:93) ~[junit-platform-launcher-1.10.5.jar:1.10.5]
	at org.junit.platform.launcher.core.EngineExecutionOrchestrator.lambda$execute$0(EngineExecutionOrchestrator.java:58) ~[junit-platform-launcher-1.10.5.jar:1.10.5]
	at org.junit.platform.launcher.core.EngineExecutionOrchestrator.withInterceptedStreams(EngineExecutionOrchestrator.java:141) ~[junit-platform-launcher-1.10.5.jar:1.10.5]
	at org.junit.platform.launcher.core.EngineExecutionOrchestrator.execute(EngineExecutionOrchestrator.java:57) ~[junit-platform-launcher-1.10.5.jar:1.10.5]
	at org.junit.platform.launcher.core.DefaultLauncher.execute(DefaultLauncher.java:103) ~[junit-platform-launcher-1.10.5.jar:1.10.5]
	at org.junit.platform.launcher.core.DefaultLauncher.execute(DefaultLauncher.java:85) ~[junit-platform-launcher-1.10.5.jar:1.10.5]
	at org.junit.platform.launcher.core.DelegatingLauncher.execute(DelegatingLauncher.java:47) ~[junit-platform-launcher-1.10.5.jar:1.10.5]
	at org.apache.maven.surefire.junitplatform.LazyLauncher.execute(LazyLauncher.java:56) ~[surefire-junit-platform-3.2.5.jar:3.2.5]
	at org.apache.maven.surefire.junitplatform.JUnitPlatformProvider.execute(JUnitPlatformProvider.java:184) ~[surefire-junit-platform-3.2.5.jar:3.2.5]
	at org.apache.maven.surefire.junitplatform.JUnitPlatformProvider.invokeAllTests(JUnitPlatformProvider.java:148) ~[surefire-junit-platform-3.2.5.jar:3.2.5]
	at org.apache.maven.surefire.junitplatform.JUnitPlatformProvider.invoke(JUnitPlatformProvider.java:122) ~[surefire-junit-platform-3.2.5.jar:3.2.5]
	at org.apache.maven.surefire.booter.ForkedBooter.runSuitesInProcess(ForkedBooter.java:385) ~[surefire-booter-3.2.5.jar:3.2.5]
	at org.apache.maven.surefire.booter.ForkedBooter.execute(ForkedBooter.java:162) ~[surefire-booter-3.2.5.jar:3.2.5]
	at org.apache.maven.surefire.booter.ForkedBooter.run(ForkedBooter.java:507) ~[surefire-booter-3.2.5.jar:3.2.5]
	at org.apache.maven.surefire.booter.ForkedBooter.main(ForkedBooter.java:495) ~[surefire-booter-3.2.5.jar:3.2.5]
Caused by: org.springframework.beans.factory.BeanCreationException: Error creating bean with name 'liquibase' defined in class path resource [org/springframework/boot/autoconfigure/liquibase/LiquibaseAutoConfiguration$LiquibaseConfiguration.class]: liquibase.exception.DatabaseException: org.postgresql.util.PSQLException: FATAL: role "postgres" does not exist
	at org.springframework.beans.factory.support.AbstractAutowireCapableBeanFactory.initializeBean(AbstractAutowireCapableBeanFactory.java:1806) ~[spring-beans-6.1.14.jar:6.1.14]
	at org.springframework.beans.factory.support.AbstractAutowireCapableBeanFactory.doCreateBean(AbstractAutowireCapableBeanFactory.java:600) ~[spring-beans-6.1.14.jar:6.1.14]
	at org.springframework.beans.factory.support.AbstractAutowireCapableBeanFactory.createBean(AbstractAutowireCapableBeanFactory.java:522) ~[spring-beans-6.1.14.jar:6.1.14]
	at org.springframework.beans.factory.support.AbstractBeanFactory.lambda$doGetBean$0(AbstractBeanFactory.java:337) ~[spring-beans-6.1.14.jar:6.1.14]
	at org.springframework.beans.factory.support.DefaultSingletonBeanRegistry.getSingleton(DefaultSingletonBeanRegistry.java:234) ~[spring-beans-6.1.14.jar:6.1.14]
	at org.springframework.beans.factory.support.AbstractBeanFactory.doGetBean(AbstractBeanFactory.java:335) ~[spring-beans-6.1.14.jar:6.1.14]
	at org.springframework.beans.factory.support.AbstractBeanFactory.getBean(AbstractBeanFactory.java:200) ~[spring-beans-6.1.14.jar:6.1.14]
	at org.springframework.beans.factory.support.AbstractBeanFactory.doGetBean(AbstractBeanFactory.java:313) ~[spring-beans-6.1.14.jar:6.1.14]
	... 88 common frames omitted
Caused by: liquibase.exception.UnexpectedLiquibaseException: liquibase.exception.DatabaseException: org.postgresql.util.PSQLException: FATAL: role "postgres" does not exist
	at liquibase.integration.spring.SpringLiquibase.afterPropertiesSet(SpringLiquibase.java:259) ~[liquibase-core-4.27.0.jar:na]
	at org.springframework.beans.factory.support.AbstractAutowireCapableBeanFactory.invokeInitMethods(AbstractAutowireCapableBeanFactory.java:1853) ~[spring-beans-6.1.14.jar:6.1.14]
	at org.springframework.beans.factory.support.AbstractAutowireCapableBeanFactory.initializeBean(AbstractAutowireCapableBeanFactory.java:1802) ~[spring-beans-6.1.14.jar:6.1.14]
	... 95 common frames omitted
Caused by: liquibase.exception.DatabaseException: org.postgresql.util.PSQLException: FATAL: role "postgres" does not exist
	at liquibase.integration.spring.SpringLiquibase.lambda$afterPropertiesSet$0(SpringLiquibase.java:251) ~[liquibase-core-4.27.0.jar:na]
	at liquibase.Scope.lambda$child$0(Scope.java:190) ~[liquibase-core-4.27.0.jar:na]
	at liquibase.Scope.child(Scope.java:199) ~[liquibase-core-4.27.0.jar:na]
	at liquibase.Scope.child(Scope.java:189) ~[liquibase-core-4.27.0.jar:na]
	at liquibase.Scope.child(Scope.java:168) ~[liquibase-core-4.27.0.jar:na]
	at liquibase.Scope.child(Scope.java:256) ~[liquibase-core-4.27.0.jar:na]
	at liquibase.integration.spring.SpringLiquibase.afterPropertiesSet(SpringLiquibase.java:242) ~[liquibase-core-4.27.0.jar:na]
	... 97 common frames omitted
Caused by: org.postgresql.util.PSQLException: FATAL: role "postgres" does not exist
	at org.postgresql.core.v3.QueryExecutorImpl.receiveErrorResponse(QueryExecutorImpl.java:2733) ~[postgresql-42.7.4.jar:42.7.4]
	at org.postgresql.core.v3.QueryExecutorImpl.readStartupMessages(QueryExecutorImpl.java:2845) ~[postgresql-42.7.4.jar:42.7.4]
	at org.postgresql.core.v3.QueryExecutorImpl.<init>(QueryExecutorImpl.java:176) ~[postgresql-42.7.4.jar:42.7.4]
	at org.postgresql.core.v3.ConnectionFactoryImpl.openConnectionImpl(ConnectionFactoryImpl.java:323) ~[postgresql-42.7.4.jar:42.7.4]
	at org.postgresql.core.ConnectionFactory.openConnection(ConnectionFactory.java:54) ~[postgresql-42.7.4.jar:42.7.4]
	at org.postgresql.jdbc.PgConnection.<init>(PgConnection.java:273) ~[postgresql-42.7.4.jar:42.7.4]
	at org.postgresql.Driver.makeConnection(Driver.java:446) ~[postgresql-42.7.4.jar:42.7.4]
	at org.postgresql.Driver.connect(Driver.java:298) ~[postgresql-42.7.4.jar:42.7.4]
	at com.zaxxer.hikari.util.DriverDataSource.getConnection(DriverDataSource.java:137) ~[HikariCP-5.1.0.jar:na]
	at com.zaxxer.hikari.pool.PoolBase.newConnection(PoolBase.java:360) ~[HikariCP-5.1.0.jar:na]
	at com.zaxxer.hikari.pool.PoolBase.newPoolEntry(PoolBase.java:202) ~[HikariCP-5.1.0.jar:na]
	at com.zaxxer.hikari.pool.HikariPool.createPoolEntry(HikariPool.java:461) ~[HikariCP-5.1.0.jar:na]
	at com.zaxxer.hikari.pool.HikariPool.checkFailFast(HikariPool.java:550) ~[HikariCP-5.1.0.jar:na]
	at com.zaxxer.hikari.pool.HikariPool.<init>(HikariPool.java:98) ~[HikariCP-5.1.0.jar:na]
	at com.zaxxer.hikari.HikariDataSource.getConnection(HikariDataSource.java:111) ~[HikariCP-5.1.0.jar:na]
	at liquibase.integration.spring.SpringLiquibase.lambda$afterPropertiesSet$0(SpringLiquibase.java:246) ~[liquibase-core-4.27.0.jar:na]
	... 103 common frames omitted

2025-04-14T16:14:41.669+03:00  WARN 42838 --- [electroplan-backend] [           main] o.s.test.context.TestContextManager      : Caught exception while allowing TestExecutionListener [org.springframework.test.context.web.ServletTestExecutionListener] to prepare test instance [com.example.electroplan_backend.ElectroplanBackendApplicationTests@652e345]

java.lang.IllegalStateException: Failed to load ApplicationContext for [WebMergedContextConfiguration@41f964f9 testClass = com.example.electroplan_backend.ElectroplanBackendApplicationTests, locations = [], classes = [com.example.electroplan_backend.ElectroplanBackendApplication], contextInitializerClasses = [], activeProfiles = [], propertySourceDescriptors = [], propertySourceProperties = ["org.springframework.boot.test.context.SpringBootTestContextBootstrapper=true"], contextCustomizers = [org.springframework.boot.test.context.filter.ExcludeFilterContextCustomizer@ab7395e, org.springframework.boot.test.json.DuplicateJsonObjectContextCustomizerFactory$DuplicateJsonObjectContextCustomizer@64a40280, org.springframework.boot.test.mock.mockito.MockitoContextCustomizer@0, org.springframework.boot.test.web.client.TestRestTemplateContextCustomizer@5bf8fa12, org.springframework.boot.test.web.reactor.netty.DisableReactorResourceFactoryGlobalResourcesContextCustomizerFactory$DisableReactorResourceFactoryGlobalResourcesContextCustomizerCustomizer@6d025197, org.springframework.boot.test.autoconfigure.OnFailureConditionReportContextCustomizerFactory$OnFailureConditionReportContextCustomizer@b7c4869, org.springframework.boot.test.autoconfigure.actuate.observability.ObservabilityContextCustomizerFactory$DisableObservabilityContextCustomizer@1f, org.springframework.boot.test.autoconfigure.properties.PropertyMappingContextCustomizer@0, org.springframework.boot.test.autoconfigure.web.servlet.WebDriverContextCustomizer@344f4dea, org.springframework.boot.test.context.SpringBootTestAnnotation@97d940e0], resourceBasePath = "src/main/webapp", contextLoader = org.springframework.boot.test.context.SpringBootContextLoader, parent = null]
	at org.springframework.test.context.cache.DefaultCacheAwareContextLoaderDelegate.loadContext(DefaultCacheAwareContextLoaderDelegate.java:180) ~[spring-test-6.1.14.jar:6.1.14]
	at org.springframework.test.context.support.DefaultTestContext.getApplicationContext(DefaultTestContext.java:130) ~[spring-test-6.1.14.jar:6.1.14]
	at org.springframework.test.context.web.ServletTestExecutionListener.setUpRequestContextIfNecessary(ServletTestExecutionListener.java:191) ~[spring-test-6.1.14.jar:6.1.14]
	at org.springframework.test.context.web.ServletTestExecutionListener.prepareTestInstance(ServletTestExecutionListener.java:130) ~[spring-test-6.1.14.jar:6.1.14]
	at org.springframework.test.context.TestContextManager.prepareTestInstance(TestContextManager.java:260) ~[spring-test-6.1.14.jar:6.1.14]
	at org.springframework.test.context.junit.jupiter.SpringExtension.postProcessTestInstance(SpringExtension.java:163) ~[spring-test-6.1.14.jar:6.1.14]
	at org.junit.jupiter.engine.descriptor.ClassBasedTestDescriptor.lambda$invokeTestInstancePostProcessors$10(ClassBasedTestDescriptor.java:378) ~[junit-jupiter-engine-5.10.5.jar:5.10.5]
	at org.junit.jupiter.engine.descriptor.ClassBasedTestDescriptor.executeAndMaskThrowable(ClassBasedTestDescriptor.java:383) ~[junit-jupiter-engine-5.10.5.jar:5.10.5]
	at org.junit.jupiter.engine.descriptor.ClassBasedTestDescriptor.lambda$invokeTestInstancePostProcessors$11(ClassBasedTestDescriptor.java:378) ~[junit-jupiter-engine-5.10.5.jar:5.10.5]
	at java.base/java.util.stream.ReferencePipeline$3$1.accept(ReferencePipeline.java:215) ~[na:na]
	at java.base/java.util.stream.ReferencePipeline$2$1.accept(ReferencePipeline.java:197) ~[na:na]
	at java.base/java.util.ArrayList$ArrayListSpliterator.forEachRemaining(ArrayList.java:1709) ~[na:na]
	at java.base/java.util.stream.AbstractPipeline.copyInto(AbstractPipeline.java:570) ~[na:na]
	at java.base/java.util.stream.AbstractPipeline.wrapAndCopyInto(AbstractPipeline.java:560) ~[na:na]
	at java.base/java.util.stream.StreamSpliterators$WrappingSpliterator.forEachRemaining(StreamSpliterators.java:315) ~[na:na]
	at java.base/java.util.stream.Streams$ConcatSpliterator.forEachRemaining(Streams.java:735) ~[na:na]
	at java.base/java.util.stream.Streams$ConcatSpliterator.forEachRemaining(Streams.java:734) ~[na:na]
	at java.base/java.util.stream.ReferencePipeline$Head.forEach(ReferencePipeline.java:807) ~[na:na]
	at org.junit.jupiter.engine.descriptor.ClassBasedTestDescriptor.invokeTestInstancePostProcessors(ClassBasedTestDescriptor.java:377) ~[junit-jupiter-engine-5.10.5.jar:5.10.5]
	at org.junit.jupiter.engine.descriptor.ClassBasedTestDescriptor.lambda$instantiateAndPostProcessTestInstance$6(ClassBasedTestDescriptor.java:290) ~[junit-jupiter-engine-5.10.5.jar:5.10.5]
	at org.junit.platform.engine.support.hierarchical.ThrowableCollector.execute(ThrowableCollector.java:73) ~[junit-platform-engine-1.10.5.jar:1.10.5]
	at org.junit.jupiter.engine.descriptor.ClassBasedTestDescriptor.instantiateAndPostProcessTestInstance(ClassBasedTestDescriptor.java:289) ~[junit-jupiter-engine-5.10.5.jar:5.10.5]
	at org.junit.jupiter.engine.descriptor.ClassBasedTestDescriptor.lambda$testInstancesProvider$4(ClassBasedTestDescriptor.java:279) ~[junit-jupiter-engine-5.10.5.jar:5.10.5]
	at java.base/java.util.Optional.orElseGet(Optional.java:364) ~[na:na]
	at org.junit.jupiter.engine.descriptor.ClassBasedTestDescriptor.lambda$testInstancesProvider$5(ClassBasedTestDescriptor.java:278) ~[junit-jupiter-engine-5.10.5.jar:5.10.5]
	at org.junit.jupiter.engine.execution.TestInstancesProvider.getTestInstances(TestInstancesProvider.java:31) ~[junit-jupiter-engine-5.10.5.jar:5.10.5]
	at org.junit.jupiter.engine.descriptor.TestMethodTestDescriptor.lambda$prepare$0(TestMethodTestDescriptor.java:106) ~[junit-jupiter-engine-5.10.5.jar:5.10.5]
	at org.junit.platform.engine.support.hierarchical.ThrowableCollector.execute(ThrowableCollector.java:73) ~[junit-platform-engine-1.10.5.jar:1.10.5]
	at org.junit.jupiter.engine.descriptor.TestMethodTestDescriptor.prepare(TestMethodTestDescriptor.java:105) ~[junit-jupiter-engine-5.10.5.jar:5.10.5]
	at org.junit.jupiter.engine.descriptor.TestMethodTestDescriptor.prepare(TestMethodTestDescriptor.java:69) ~[junit-jupiter-engine-5.10.5.jar:5.10.5]
	at org.junit.platform.engine.support.hierarchical.NodeTestTask.lambda$prepare$2(NodeTestTask.java:128) ~[junit-platform-engine-1.10.5.jar:1.10.5]
	at org.junit.platform.engine.support.hierarchical.ThrowableCollector.execute(ThrowableCollector.java:73) ~[junit-platform-engine-1.10.5.jar:1.10.5]
	at org.junit.platform.engine.support.hierarchical.NodeTestTask.prepare(NodeTestTask.java:128) ~[junit-platform-engine-1.10.5.jar:1.10.5]
	at org.junit.platform.engine.support.hierarchical.NodeTestTask.execute(NodeTestTask.java:95) ~[junit-platform-engine-1.10.5.jar:1.10.5]
	at java.base/java.util.ArrayList.forEach(ArrayList.java:1597) ~[na:na]
	at org.junit.platform.engine.support.hierarchical.SameThreadHierarchicalTestExecutorService.invokeAll(SameThreadHierarchicalTestExecutorService.java:41) ~[junit-platform-engine-1.10.5.jar:1.10.5]
	at org.junit.platform.engine.support.hierarchical.NodeTestTask.lambda$executeRecursively$6(NodeTestTask.java:160) ~[junit-platform-engine-1.10.5.jar:1.10.5]
	at org.junit.platform.engine.support.hierarchical.ThrowableCollector.execute(ThrowableCollector.java:73) ~[junit-platform-engine-1.10.5.jar:1.10.5]
	at org.junit.platform.engine.support.hierarchical.NodeTestTask.lambda$executeRecursively$8(NodeTestTask.java:146) ~[junit-platform-engine-1.10.5.jar:1.10.5]
	at org.junit.platform.engine.support.hierarchical.Node.around(Node.java:137) ~[junit-platform-engine-1.10.5.jar:1.10.5]
	at org.junit.platform.engine.support.hierarchical.NodeTestTask.lambda$executeRecursively$9(NodeTestTask.java:144) ~[junit-platform-engine-1.10.5.jar:1.10.5]
	at org.junit.platform.engine.support.hierarchical.ThrowableCollector.execute(ThrowableCollector.java:73) ~[junit-platform-engine-1.10.5.jar:1.10.5]
	at org.junit.platform.engine.support.hierarchical.NodeTestTask.executeRecursively(NodeTestTask.java:143) ~[junit-platform-engine-1.10.5.jar:1.10.5]
	at org.junit.platform.engine.support.hierarchical.NodeTestTask.execute(NodeTestTask.java:100) ~[junit-platform-engine-1.10.5.jar:1.10.5]
	at java.base/java.util.ArrayList.forEach(ArrayList.java:1597) ~[na:na]
	at org.junit.platform.engine.support.hierarchical.SameThreadHierarchicalTestExecutorService.invokeAll(SameThreadHierarchicalTestExecutorService.java:41) ~[junit-platform-engine-1.10.5.jar:1.10.5]
	at org.junit.platform.engine.support.hierarchical.NodeTestTask.lambda$executeRecursively$6(NodeTestTask.java:160) ~[junit-platform-engine-1.10.5.jar:1.10.5]
	at org.junit.platform.engine.support.hierarchical.ThrowableCollector.execute(ThrowableCollector.java:73) ~[junit-platform-engine-1.10.5.jar:1.10.5]
	at org.junit.platform.engine.support.hierarchical.NodeTestTask.lambda$executeRecursively$8(NodeTestTask.java:146) ~[junit-platform-engine-1.10.5.jar:1.10.5]
	at org.junit.platform.engine.support.hierarchical.Node.around(Node.java:137) ~[junit-platform-engine-1.10.5.jar:1.10.5]
	at org.junit.platform.engine.support.hierarchical.NodeTestTask.lambda$executeRecursively$9(NodeTestTask.java:144) ~[junit-platform-engine-1.10.5.jar:1.10.5]
	at org.junit.platform.engine.support.hierarchical.ThrowableCollector.execute(ThrowableCollector.java:73) ~[junit-platform-engine-1.10.5.jar:1.10.5]
	at org.junit.platform.engine.support.hierarchical.NodeTestTask.executeRecursively(NodeTestTask.java:143) ~[junit-platform-engine-1.10.5.jar:1.10.5]
	at org.junit.platform.engine.support.hierarchical.NodeTestTask.execute(NodeTestTask.java:100) ~[junit-platform-engine-1.10.5.jar:1.10.5]
	at org.junit.platform.engine.support.hierarchical.SameThreadHierarchicalTestExecutorService.submit(SameThreadHierarchicalTestExecutorService.java:35) ~[junit-platform-engine-1.10.5.jar:1.10.5]
	at org.junit.platform.engine.support.hierarchical.HierarchicalTestExecutor.execute(HierarchicalTestExecutor.java:57) ~[junit-platform-engine-1.10.5.jar:1.10.5]
	at org.junit.platform.engine.support.hierarchical.HierarchicalTestEngine.execute(HierarchicalTestEngine.java:54) ~[junit-platform-engine-1.10.5.jar:1.10.5]
	at org.junit.platform.launcher.core.EngineExecutionOrchestrator.execute(EngineExecutionOrchestrator.java:198) ~[junit-platform-launcher-1.10.5.jar:1.10.5]
	at org.junit.platform.launcher.core.EngineExecutionOrchestrator.execute(EngineExecutionOrchestrator.java:169) ~[junit-platform-launcher-1.10.5.jar:1.10.5]
	at org.junit.platform.launcher.core.EngineExecutionOrchestrator.execute(EngineExecutionOrchestrator.java:93) ~[junit-platform-launcher-1.10.5.jar:1.10.5]
	at org.junit.platform.launcher.core.EngineExecutionOrchestrator.lambda$execute$0(EngineExecutionOrchestrator.java:58) ~[junit-platform-launcher-1.10.5.jar:1.10.5]
	at org.junit.platform.launcher.core.EngineExecutionOrchestrator.withInterceptedStreams(EngineExecutionOrchestrator.java:141) ~[junit-platform-launcher-1.10.5.jar:1.10.5]
	at org.junit.platform.launcher.core.EngineExecutionOrchestrator.execute(EngineExecutionOrchestrator.java:57) ~[junit-platform-launcher-1.10.5.jar:1.10.5]
	at org.junit.platform.launcher.core.DefaultLauncher.execute(DefaultLauncher.java:103) ~[junit-platform-launcher-1.10.5.jar:1.10.5]
	at org.junit.platform.launcher.core.DefaultLauncher.execute(DefaultLauncher.java:85) ~[junit-platform-launcher-1.10.5.jar:1.10.5]
	at org.junit.platform.launcher.core.DelegatingLauncher.execute(DelegatingLauncher.java:47) ~[junit-platform-launcher-1.10.5.jar:1.10.5]
	at org.apache.maven.surefire.junitplatform.LazyLauncher.execute(LazyLauncher.java:56) ~[surefire-junit-platform-3.2.5.jar:3.2.5]
	at org.apache.maven.surefire.junitplatform.JUnitPlatformProvider.execute(JUnitPlatformProvider.java:184) ~[surefire-junit-platform-3.2.5.jar:3.2.5]
	at org.apache.maven.surefire.junitplatform.JUnitPlatformProvider.invokeAllTests(JUnitPlatformProvider.java:148) ~[surefire-junit-platform-3.2.5.jar:3.2.5]
	at org.apache.maven.surefire.junitplatform.JUnitPlatformProvider.invoke(JUnitPlatformProvider.java:122) ~[surefire-junit-platform-3.2.5.jar:3.2.5]
	at org.apache.maven.surefire.booter.ForkedBooter.runSuitesInProcess(ForkedBooter.java:385) ~[surefire-booter-3.2.5.jar:3.2.5]
	at org.apache.maven.surefire.booter.ForkedBooter.execute(ForkedBooter.java:162) ~[surefire-booter-3.2.5.jar:3.2.5]
	at org.apache.maven.surefire.booter.ForkedBooter.run(ForkedBooter.java:507) ~[surefire-booter-3.2.5.jar:3.2.5]
	at org.apache.maven.surefire.booter.ForkedBooter.main(ForkedBooter.java:495) ~[surefire-booter-3.2.5.jar:3.2.5]
Caused by: org.springframework.beans.factory.BeanCreationException: Error creating bean with name 'entityManagerFactory' defined in class path resource [org/springframework/boot/autoconfigure/orm/jpa/HibernateJpaConfiguration.class]: Failed to initialize dependency 'liquibase' of LoadTimeWeaverAware bean 'entityManagerFactory': Error creating bean with name 'liquibase' defined in class path resource [org/springframework/boot/autoconfigure/liquibase/LiquibaseAutoConfiguration$LiquibaseConfiguration.class]: liquibase.exception.DatabaseException: org.postgresql.util.PSQLException: FATAL: role "postgres" does not exist
	at org.springframework.beans.factory.support.AbstractBeanFactory.doGetBean(AbstractBeanFactory.java:326) ~[spring-beans-6.1.14.jar:6.1.14]
	at org.springframework.beans.factory.support.AbstractBeanFactory.getBean(AbstractBeanFactory.java:205) ~[spring-beans-6.1.14.jar:6.1.14]
	at org.springframework.context.support.AbstractApplicationContext.finishBeanFactoryInitialization(AbstractApplicationContext.java:954) ~[spring-context-6.1.14.jar:6.1.14]
	at org.springframework.context.support.AbstractApplicationContext.refresh(AbstractApplicationContext.java:625) ~[spring-context-6.1.14.jar:6.1.14]
	at org.springframework.boot.SpringApplication.refresh(SpringApplication.java:754) ~[spring-boot-3.3.5.jar:3.3.5]
	at org.springframework.boot.SpringApplication.refreshContext(SpringApplication.java:456) ~[spring-boot-3.3.5.jar:3.3.5]
	at org.springframework.boot.SpringApplication.run(SpringApplication.java:335) ~[spring-boot-3.3.5.jar:3.3.5]
	at org.springframework.boot.test.context.SpringBootContextLoader.lambda$loadContext$3(SpringBootContextLoader.java:137) ~[spring-boot-test-3.3.5.jar:3.3.5]
	at org.springframework.util.function.ThrowingSupplier.get(ThrowingSupplier.java:58) ~[spring-core-6.1.14.jar:6.1.14]
	at org.springframework.util.function.ThrowingSupplier.get(ThrowingSupplier.java:46) ~[spring-core-6.1.14.jar:6.1.14]
	at org.springframework.boot.SpringApplication.withHook(SpringApplication.java:1463) ~[spring-boot-3.3.5.jar:3.3.5]
	at org.springframework.boot.test.context.SpringBootContextLoader$ContextLoaderHook.run(SpringBootContextLoader.java:553) ~[spring-boot-test-3.3.5.jar:3.3.5]
	at org.springframework.boot.test.context.SpringBootContextLoader.loadContext(SpringBootContextLoader.java:137) ~[spring-boot-test-3.3.5.jar:3.3.5]
	at org.springframework.boot.test.context.SpringBootContextLoader.loadContext(SpringBootContextLoader.java:108) ~[spring-boot-test-3.3.5.jar:3.3.5]
	at org.springframework.test.context.cache.DefaultCacheAwareContextLoaderDelegate.loadContextInternal(DefaultCacheAwareContextLoaderDelegate.java:225) ~[spring-test-6.1.14.jar:6.1.14]
	at org.springframework.test.context.cache.DefaultCacheAwareContextLoaderDelegate.loadContext(DefaultCacheAwareContextLoaderDelegate.java:152) ~[spring-test-6.1.14.jar:6.1.14]
	... 73 common frames omitted
Caused by: org.springframework.beans.factory.BeanCreationException: Error creating bean with name 'liquibase' defined in class path resource [org/springframework/boot/autoconfigure/liquibase/LiquibaseAutoConfiguration$LiquibaseConfiguration.class]: liquibase.exception.DatabaseException: org.postgresql.util.PSQLException: FATAL: role "postgres" does not exist
	at org.springframework.beans.factory.support.AbstractAutowireCapableBeanFactory.initializeBean(AbstractAutowireCapableBeanFactory.java:1806) ~[spring-beans-6.1.14.jar:6.1.14]
	at org.springframework.beans.factory.support.AbstractAutowireCapableBeanFactory.doCreateBean(AbstractAutowireCapableBeanFactory.java:600) ~[spring-beans-6.1.14.jar:6.1.14]
	at org.springframework.beans.factory.support.AbstractAutowireCapableBeanFactory.createBean(AbstractAutowireCapableBeanFactory.java:522) ~[spring-beans-6.1.14.jar:6.1.14]
	at org.springframework.beans.factory.support.AbstractBeanFactory.lambda$doGetBean$0(AbstractBeanFactory.java:337) ~[spring-beans-6.1.14.jar:6.1.14]
	at org.springframework.beans.factory.support.DefaultSingletonBeanRegistry.getSingleton(DefaultSingletonBeanRegistry.java:234) ~[spring-beans-6.1.14.jar:6.1.14]
	at org.springframework.beans.factory.support.AbstractBeanFactory.doGetBean(AbstractBeanFactory.java:335) ~[spring-beans-6.1.14.jar:6.1.14]
	at org.springframework.beans.factory.support.AbstractBeanFactory.getBean(AbstractBeanFactory.java:200) ~[spring-beans-6.1.14.jar:6.1.14]
	at org.springframework.beans.factory.support.AbstractBeanFactory.doGetBean(AbstractBeanFactory.java:313) ~[spring-beans-6.1.14.jar:6.1.14]
	... 88 common frames omitted
Caused by: liquibase.exception.UnexpectedLiquibaseException: liquibase.exception.DatabaseException: org.postgresql.util.PSQLException: FATAL: role "postgres" does not exist
	at liquibase.integration.spring.SpringLiquibase.afterPropertiesSet(SpringLiquibase.java:259) ~[liquibase-core-4.27.0.jar:na]
	at org.springframework.beans.factory.support.AbstractAutowireCapableBeanFactory.invokeInitMethods(AbstractAutowireCapableBeanFactory.java:1853) ~[spring-beans-6.1.14.jar:6.1.14]
	at org.springframework.beans.factory.support.AbstractAutowireCapableBeanFactory.initializeBean(AbstractAutowireCapableBeanFactory.java:1802) ~[spring-beans-6.1.14.jar:6.1.14]
	... 95 common frames omitted
Caused by: liquibase.exception.DatabaseException: org.postgresql.util.PSQLException: FATAL: role "postgres" does not exist
	at liquibase.integration.spring.SpringLiquibase.lambda$afterPropertiesSet$0(SpringLiquibase.java:251) ~[liquibase-core-4.27.0.jar:na]
	at liquibase.Scope.lambda$child$0(Scope.java:190) ~[liquibase-core-4.27.0.jar:na]
	at liquibase.Scope.child(Scope.java:199) ~[liquibase-core-4.27.0.jar:na]
	at liquibase.Scope.child(Scope.java:189) ~[liquibase-core-4.27.0.jar:na]
	at liquibase.Scope.child(Scope.java:168) ~[liquibase-core-4.27.0.jar:na]
	at liquibase.Scope.child(Scope.java:256) ~[liquibase-core-4.27.0.jar:na]
	at liquibase.integration.spring.SpringLiquibase.afterPropertiesSet(SpringLiquibase.java:242) ~[liquibase-core-4.27.0.jar:na]
	... 97 common frames omitted
Caused by: org.postgresql.util.PSQLException: FATAL: role "postgres" does not exist
	at org.postgresql.core.v3.QueryExecutorImpl.receiveErrorResponse(QueryExecutorImpl.java:2733) ~[postgresql-42.7.4.jar:42.7.4]
	at org.postgresql.core.v3.QueryExecutorImpl.readStartupMessages(QueryExecutorImpl.java:2845) ~[postgresql-42.7.4.jar:42.7.4]
	at org.postgresql.core.v3.QueryExecutorImpl.<init>(QueryExecutorImpl.java:176) ~[postgresql-42.7.4.jar:42.7.4]
	at org.postgresql.core.v3.ConnectionFactoryImpl.openConnectionImpl(ConnectionFactoryImpl.java:323) ~[postgresql-42.7.4.jar:42.7.4]
	at org.postgresql.core.ConnectionFactory.openConnection(ConnectionFactory.java:54) ~[postgresql-42.7.4.jar:42.7.4]
	at org.postgresql.jdbc.PgConnection.<init>(PgConnection.java:273) ~[postgresql-42.7.4.jar:42.7.4]
	at org.postgresql.Driver.makeConnection(Driver.java:446) ~[postgresql-42.7.4.jar:42.7.4]
	at org.postgresql.Driver.connect(Driver.java:298) ~[postgresql-42.7.4.jar:42.7.4]
	at com.zaxxer.hikari.util.DriverDataSource.getConnection(DriverDataSource.java:137) ~[HikariCP-5.1.0.jar:na]
	at com.zaxxer.hikari.pool.PoolBase.newConnection(PoolBase.java:360) ~[HikariCP-5.1.0.jar:na]
	at com.zaxxer.hikari.pool.PoolBase.newPoolEntry(PoolBase.java:202) ~[HikariCP-5.1.0.jar:na]
	at com.zaxxer.hikari.pool.HikariPool.createPoolEntry(HikariPool.java:461) ~[HikariCP-5.1.0.jar:na]
	at com.zaxxer.hikari.pool.HikariPool.checkFailFast(HikariPool.java:550) ~[HikariCP-5.1.0.jar:na]
	at com.zaxxer.hikari.pool.HikariPool.<init>(HikariPool.java:98) ~[HikariCP-5.1.0.jar:na]
	at com.zaxxer.hikari.HikariDataSource.getConnection(HikariDataSource.java:111) ~[HikariCP-5.1.0.jar:na]
	at liquibase.integration.spring.SpringLiquibase.lambda$afterPropertiesSet$0(SpringLiquibase.java:246) ~[liquibase-core-4.27.0.jar:na]
	... 103 common frames omitted

]]></system-out>
    <system-err><![CDATA[


============================
CONDITIONS EVALUATION REPORT
============================


Positive matches:
-----------------

   AopAutoConfiguration matched:
      - @ConditionalOnProperty (spring.aop.auto=true) matched (OnPropertyCondition)

   AopAutoConfiguration.AspectJAutoProxyingConfiguration matched:
      - @ConditionalOnClass found required class 'org.aspectj.weaver.Advice' (OnClassCondition)

   AopAutoConfiguration.AspectJAutoProxyingConfiguration.CglibAutoProxyConfiguration matched:
      - @ConditionalOnProperty (spring.aop.proxy-target-class=true) matched (OnPropertyCondition)

   ApplicationAvailabilityAutoConfiguration#applicationAvailability matched:
      - @ConditionalOnMissingBean (types: org.springframework.boot.availability.ApplicationAvailability; SearchStrategy: all) did not find any beans (OnBeanCondition)

   DataSourceAutoConfiguration matched:
      - @ConditionalOnClass found required classes 'javax.sql.DataSource', 'org.springframework.jdbc.datasource.embedded.EmbeddedDatabaseType' (OnClassCondition)
      - @ConditionalOnMissingBean (types: io.r2dbc.spi.ConnectionFactory; SearchStrategy: all) did not find any beans (OnBeanCondition)

   DataSourceAutoConfiguration.PooledDataSourceConfiguration matched:
      - AnyNestedCondition 1 matched 1 did not; NestedCondition on DataSourceAutoConfiguration.PooledDataSourceCondition.PooledDataSourceAvailable PooledDataSource found supported DataSource; NestedCondition on DataSourceAutoConfiguration.PooledDataSourceCondition.ExplicitType @ConditionalOnProperty (spring.datasource.type) did not find property 'type' (DataSourceAutoConfiguration.PooledDataSourceCondition)
      - @ConditionalOnMissingBean (types: javax.sql.DataSource,javax.sql.XADataSource; SearchStrategy: all) did not find any beans (OnBeanCondition)

   DataSourceAutoConfiguration.PooledDataSourceConfiguration#jdbcConnectionDetails matched:
      - @ConditionalOnMissingBean (types: org.springframework.boot.autoconfigure.jdbc.JdbcConnectionDetails; SearchStrategy: all) did not find any beans (OnBeanCondition)

   DataSourceConfiguration.Hikari matched:
      - @ConditionalOnClass found required class 'com.zaxxer.hikari.HikariDataSource' (OnClassCondition)
      - @ConditionalOnProperty (spring.datasource.type=com.zaxxer.hikari.HikariDataSource) matched (OnPropertyCondition)
      - @ConditionalOnMissingBean (types: javax.sql.DataSource; SearchStrategy: all) did not find any beans (OnBeanCondition)

   DataSourceInitializationConfiguration matched:
      - @ConditionalOnClass found required class 'org.springframework.jdbc.datasource.init.DatabasePopulator' (OnClassCondition)
      - @ConditionalOnSingleCandidate (types: javax.sql.DataSource; SearchStrategy: all) found a single bean 'dataSource'; @ConditionalOnMissingBean (types: org.springframework.boot.autoconfigure.sql.init.SqlDataSourceScriptDatabaseInitializer,org.springframework.boot.autoconfigure.sql.init.SqlR2dbcScriptDatabaseInitializer; SearchStrategy: all) did not find any beans (OnBeanCondition)

   DataSourcePoolMetadataProvidersConfiguration.HikariPoolDataSourceMetadataProviderConfiguration matched:
      - @ConditionalOnClass found required class 'com.zaxxer.hikari.HikariDataSource' (OnClassCondition)

   DataSourceTransactionManagerAutoConfiguration matched:
      - @ConditionalOnClass found required classes 'javax.sql.DataSource', 'org.springframework.jdbc.core.JdbcTemplate', 'org.springframework.transaction.TransactionManager' (OnClassCondition)

   DataSourceTransactionManagerAutoConfiguration.JdbcTransactionManagerConfiguration matched:
      - @ConditionalOnSingleCandidate (types: javax.sql.DataSource; SearchStrategy: all) found a single bean 'dataSource' (OnBeanCondition)

   DispatcherServletAutoConfiguration matched:
      - @ConditionalOnClass found required class 'org.springframework.web.servlet.DispatcherServlet' (OnClassCondition)
      - found 'session' scope (OnWebApplicationCondition)

   DispatcherServletAutoConfiguration.DispatcherServletConfiguration matched:
      - @ConditionalOnClass found required class 'jakarta.servlet.ServletRegistration' (OnClassCondition)
      - Default DispatcherServlet did not find dispatcher servlet beans (DispatcherServletAutoConfiguration.DefaultDispatcherServletCondition)

   DispatcherServletAutoConfiguration.DispatcherServletRegistrationConfiguration matched:
      - @ConditionalOnClass found required class 'jakarta.servlet.ServletRegistration' (OnClassCondition)
      - DispatcherServlet Registration did not find servlet registration bean (DispatcherServletAutoConfiguration.DispatcherServletRegistrationCondition)

   DispatcherServletAutoConfiguration.DispatcherServletRegistrationConfiguration#dispatcherServletRegistration matched:
      - @ConditionalOnBean (names: dispatcherServlet types: org.springframework.web.servlet.DispatcherServlet; SearchStrategy: all) found bean 'dispatcherServlet' (OnBeanCondition)

   ErrorMvcAutoConfiguration matched:
      - @ConditionalOnClass found required classes 'jakarta.servlet.Servlet', 'org.springframework.web.servlet.DispatcherServlet' (OnClassCondition)
      - found 'session' scope (OnWebApplicationCondition)

   ErrorMvcAutoConfiguration#basicErrorController matched:
      - @ConditionalOnMissingBean (types: org.springframework.boot.web.servlet.error.ErrorController; SearchStrategy: current) did not find any beans (OnBeanCondition)

   ErrorMvcAutoConfiguration#errorAttributes matched:
      - @ConditionalOnMissingBean (types: org.springframework.boot.web.servlet.error.ErrorAttributes; SearchStrategy: current) did not find any beans (OnBeanCondition)

   ErrorMvcAutoConfiguration.DefaultErrorViewResolverConfiguration#conventionErrorViewResolver matched:
      - @ConditionalOnBean (types: org.springframework.web.servlet.DispatcherServlet; SearchStrategy: all) found bean 'dispatcherServlet'; @ConditionalOnMissingBean (types: org.springframework.boot.autoconfigure.web.servlet.error.ErrorViewResolver; SearchStrategy: all) did not find any beans (OnBeanCondition)

   ErrorMvcAutoConfiguration.WhitelabelErrorViewConfiguration matched:
      - @ConditionalOnProperty (server.error.whitelabel.enabled) matched (OnPropertyCondition)
      - ErrorTemplate Missing did not find error template view (ErrorMvcAutoConfiguration.ErrorTemplateMissingCondition)

   ErrorMvcAutoConfiguration.WhitelabelErrorViewConfiguration#beanNameViewResolver matched:
      - @ConditionalOnMissingBean (types: org.springframework.web.servlet.view.BeanNameViewResolver; SearchStrategy: all) did not find any beans (OnBeanCondition)

   ErrorMvcAutoConfiguration.WhitelabelErrorViewConfiguration#defaultErrorView matched:
      - @ConditionalOnMissingBean (names: error; SearchStrategy: all) did not find any beans (OnBeanCondition)

   GenericCacheConfiguration matched:
      - Cache org.springframework.boot.autoconfigure.cache.GenericCacheConfiguration automatic cache type (CacheCondition)

   HibernateJpaAutoConfiguration matched:
      - @ConditionalOnClass found required classes 'org.springframework.orm.jpa.LocalContainerEntityManagerFactoryBean', 'jakarta.persistence.EntityManager', 'org.hibernate.engine.spi.SessionImplementor' (OnClassCondition)

   HibernateJpaConfiguration matched:
      - @ConditionalOnSingleCandidate (types: javax.sql.DataSource; SearchStrategy: all) found a single bean 'dataSource' (OnBeanCondition)

   HttpEncodingAutoConfiguration matched:
      - @ConditionalOnClass found required class 'org.springframework.web.filter.CharacterEncodingFilter' (OnClassCondition)
      - found 'session' scope (OnWebApplicationCondition)
      - @ConditionalOnProperty (server.servlet.encoding.enabled) matched (OnPropertyCondition)

   HttpEncodingAutoConfiguration#characterEncodingFilter matched:
      - @ConditionalOnMissingBean (types: org.springframework.web.filter.CharacterEncodingFilter; SearchStrategy: all) did not find any beans (OnBeanCondition)

   HttpMessageConvertersAutoConfiguration matched:
      - @ConditionalOnClass found required class 'org.springframework.http.converter.HttpMessageConverter' (OnClassCondition)
      - NoneNestedConditions 0 matched 1 did not; NestedCondition on HttpMessageConvertersAutoConfiguration.NotReactiveWebApplicationCondition.ReactiveWebApplication did not find reactive web application classes (HttpMessageConvertersAutoConfiguration.NotReactiveWebApplicationCondition)

   HttpMessageConvertersAutoConfiguration#messageConverters matched:
      - @ConditionalOnMissingBean (types: org.springframework.boot.autoconfigure.http.HttpMessageConverters; SearchStrategy: all) did not find any beans (OnBeanCondition)

   HttpMessageConvertersAutoConfiguration.StringHttpMessageConverterConfiguration matched:
      - @ConditionalOnClass found required class 'org.springframework.http.converter.StringHttpMessageConverter' (OnClassCondition)

   HttpMessageConvertersAutoConfiguration.StringHttpMessageConverterConfiguration#stringHttpMessageConverter matched:
      - @ConditionalOnMissingBean (types: org.springframework.http.converter.StringHttpMessageConverter; SearchStrategy: all) did not find any beans (OnBeanCondition)

   JacksonAutoConfiguration matched:
      - @ConditionalOnClass found required class 'com.fasterxml.jackson.databind.ObjectMapper' (OnClassCondition)

   JacksonAutoConfiguration.Jackson2ObjectMapperBuilderCustomizerConfiguration matched:
      - @ConditionalOnClass found required class 'org.springframework.http.converter.json.Jackson2ObjectMapperBuilder' (OnClassCondition)

   JacksonAutoConfiguration.JacksonObjectMapperBuilderConfiguration matched:
      - @ConditionalOnClass found required class 'org.springframework.http.converter.json.Jackson2ObjectMapperBuilder' (OnClassCondition)

   JacksonAutoConfiguration.JacksonObjectMapperBuilderConfiguration#jacksonObjectMapperBuilder matched:
      - @ConditionalOnMissingBean (types: org.springframework.http.converter.json.Jackson2ObjectMapperBuilder; SearchStrategy: all) did not find any beans (OnBeanCondition)

   JacksonAutoConfiguration.JacksonObjectMapperConfiguration matched:
      - @ConditionalOnClass found required class 'org.springframework.http.converter.json.Jackson2ObjectMapperBuilder' (OnClassCondition)

   JacksonAutoConfiguration.JacksonObjectMapperConfiguration#jacksonObjectMapper matched:
      - @ConditionalOnMissingBean (types: com.fasterxml.jackson.databind.ObjectMapper; SearchStrategy: all) did not find any beans (OnBeanCondition)

   JacksonAutoConfiguration.ParameterNamesModuleConfiguration matched:
      - @ConditionalOnClass found required class 'com.fasterxml.jackson.module.paramnames.ParameterNamesModule' (OnClassCondition)

   JacksonAutoConfiguration.ParameterNamesModuleConfiguration#parameterNamesModule matched:
      - @ConditionalOnMissingBean (types: com.fasterxml.jackson.module.paramnames.ParameterNamesModule; SearchStrategy: all) did not find any beans (OnBeanCondition)

   JacksonHttpMessageConvertersConfiguration.MappingJackson2HttpMessageConverterConfiguration matched:
      - @ConditionalOnClass found required class 'com.fasterxml.jackson.databind.ObjectMapper' (OnClassCondition)
      - @ConditionalOnProperty (spring.mvc.converters.preferred-json-mapper=jackson) matched (OnPropertyCondition)
      - @ConditionalOnBean (types: com.fasterxml.jackson.databind.ObjectMapper; SearchStrategy: all) found bean 'jacksonObjectMapper' (OnBeanCondition)

   JacksonHttpMessageConvertersConfiguration.MappingJackson2HttpMessageConverterConfiguration#mappingJackson2HttpMessageConverter matched:
      - @ConditionalOnMissingBean (types: org.springframework.http.converter.json.MappingJackson2HttpMessageConverter ignored: org.springframework.hateoas.server.mvc.TypeConstrainedMappingJackson2HttpMessageConverter,org.springframework.data.rest.webmvc.alps.AlpsJsonHttpMessageConverter; SearchStrategy: all) did not find any beans (OnBeanCondition)

   JdbcClientAutoConfiguration matched:
      - @ConditionalOnSingleCandidate (types: org.springframework.jdbc.core.namedparam.NamedParameterJdbcTemplate; SearchStrategy: all) found a single bean 'namedParameterJdbcTemplate'; @ConditionalOnMissingBean (types: org.springframework.jdbc.core.simple.JdbcClient; SearchStrategy: all) did not find any beans (OnBeanCondition)

   JdbcRepositoriesAutoConfiguration matched:
      - @ConditionalOnClass found required classes 'org.springframework.jdbc.core.namedparam.NamedParameterJdbcOperations', 'org.springframework.data.jdbc.repository.config.AbstractJdbcConfiguration' (OnClassCondition)
      - @ConditionalOnProperty (spring.data.jdbc.repositories.enabled=true) matched (OnPropertyCondition)
      - @ConditionalOnBean (types: org.springframework.jdbc.core.namedparam.NamedParameterJdbcOperations,org.springframework.transaction.PlatformTransactionManager; SearchStrategy: all) found beans 'transactionManager', 'namedParameterJdbcTemplate' (OnBeanCondition)

   JdbcRepositoriesAutoConfiguration.JdbcRepositoriesConfiguration matched:
      - @ConditionalOnMissingBean (types: org.springframework.data.jdbc.repository.config.JdbcRepositoryConfigExtension; SearchStrategy: all) did not find any beans (OnBeanCondition)

   JdbcRepositoriesAutoConfiguration.SpringBootJdbcConfiguration matched:
      - @ConditionalOnMissingBean (types: org.springframework.data.jdbc.repository.config.AbstractJdbcConfiguration; SearchStrategy: all) did not find any beans (OnBeanCondition)

   JdbcRepositoriesAutoConfiguration.SpringBootJdbcConfiguration#dataAccessStrategyBean matched:
      - @ConditionalOnMissingBean (types: org.springframework.data.jdbc.core.convert.DataAccessStrategy; SearchStrategy: all) did not find any beans (OnBeanCondition)

   JdbcRepositoriesAutoConfiguration.SpringBootJdbcConfiguration#jdbcAggregateTemplate matched:
      - @ConditionalOnMissingBean (types: org.springframework.data.jdbc.core.JdbcAggregateTemplate; SearchStrategy: all) did not find any beans (OnBeanCondition)

   JdbcRepositoriesAutoConfiguration.SpringBootJdbcConfiguration#jdbcConverter matched:
      - @ConditionalOnMissingBean (types: org.springframework.data.jdbc.core.convert.JdbcConverter; SearchStrategy: all) did not find any beans (OnBeanCondition)

   JdbcRepositoriesAutoConfiguration.SpringBootJdbcConfiguration#jdbcCustomConversions matched:
      - @ConditionalOnMissingBean (types: org.springframework.data.jdbc.core.convert.JdbcCustomConversions; SearchStrategy: all) did not find any beans (OnBeanCondition)

   JdbcRepositoriesAutoConfiguration.SpringBootJdbcConfiguration#jdbcDialect matched:
      - @ConditionalOnMissingBean (types: org.springframework.data.relational.core.dialect.Dialect; SearchStrategy: all) did not find any beans (OnBeanCondition)

   JdbcRepositoriesAutoConfiguration.SpringBootJdbcConfiguration#jdbcManagedTypes matched:
      - @ConditionalOnMissingBean (types: org.springframework.data.relational.RelationalManagedTypes; SearchStrategy: all) did not find any beans (OnBeanCondition)

   JdbcRepositoriesAutoConfiguration.SpringBootJdbcConfiguration#jdbcMappingContext matched:
      - @ConditionalOnMissingBean (types: org.springframework.data.jdbc.core.mapping.JdbcMappingContext; SearchStrategy: all) did not find any beans (OnBeanCondition)

   JdbcTemplateAutoConfiguration matched:
      - @ConditionalOnClass found required classes 'javax.sql.DataSource', 'org.springframework.jdbc.core.JdbcTemplate' (OnClassCondition)
      - @ConditionalOnSingleCandidate (types: javax.sql.DataSource; SearchStrategy: all) found a single bean 'dataSource' (OnBeanCondition)

   JdbcTemplateConfiguration matched:
      - @ConditionalOnMissingBean (types: org.springframework.jdbc.core.JdbcOperations; SearchStrategy: all) did not find any beans (OnBeanCondition)

   JpaBaseConfiguration#entityManagerFactory matched:
      - @ConditionalOnMissingBean (types: org.springframework.orm.jpa.LocalContainerEntityManagerFactoryBean,jakarta.persistence.EntityManagerFactory; SearchStrategy: all) did not find any beans (OnBeanCondition)

   JpaBaseConfiguration#entityManagerFactoryBuilder matched:
      - @ConditionalOnMissingBean (types: org.springframework.boot.orm.jpa.EntityManagerFactoryBuilder; SearchStrategy: all) did not find any beans (OnBeanCondition)

   JpaBaseConfiguration#jpaVendorAdapter matched:
      - @ConditionalOnMissingBean (types: org.springframework.orm.jpa.JpaVendorAdapter; SearchStrategy: all) did not find any beans (OnBeanCondition)

   JpaBaseConfiguration#transactionManager matched:
      - @ConditionalOnMissingBean (types: org.springframework.transaction.TransactionManager; SearchStrategy: all) did not find any beans (OnBeanCondition)

   JpaBaseConfiguration.JpaWebConfiguration matched:
      - @ConditionalOnClass found required class 'org.springframework.web.servlet.config.annotation.WebMvcConfigurer' (OnClassCondition)
      - found 'session' scope (OnWebApplicationCondition)
      - @ConditionalOnProperty (spring.jpa.open-in-view=true) matched (OnPropertyCondition)
      - @ConditionalOnMissingBean (types: org.springframework.orm.jpa.support.OpenEntityManagerInViewInterceptor,org.springframework.orm.jpa.support.OpenEntityManagerInViewFilter; SearchStrategy: all) did not find any beans (OnBeanCondition)

   JpaBaseConfiguration.PersistenceManagedTypesConfiguration matched:
      - @ConditionalOnMissingBean (types: org.springframework.orm.jpa.LocalContainerEntityManagerFactoryBean,jakarta.persistence.EntityManagerFactory; SearchStrategy: all) did not find any beans (OnBeanCondition)

   JpaBaseConfiguration.PersistenceManagedTypesConfiguration#persistenceManagedTypes matched:
      - @ConditionalOnMissingBean (types: org.springframework.orm.jpa.persistenceunit.PersistenceManagedTypes; SearchStrategy: all) did not find any beans (OnBeanCondition)

   JpaRepositoriesAutoConfiguration matched:
      - @ConditionalOnClass found required class 'org.springframework.data.jpa.repository.JpaRepository' (OnClassCondition)
      - @ConditionalOnProperty (spring.data.jpa.repositories.enabled=true) matched (OnPropertyCondition)
      - @ConditionalOnBean (types: javax.sql.DataSource; SearchStrategy: all) found bean 'dataSource'; @ConditionalOnMissingBean (types: org.springframework.data.jpa.repository.support.JpaRepositoryFactoryBean,org.springframework.data.jpa.repository.config.JpaRepositoryConfigExtension; SearchStrategy: all) did not find any beans (OnBeanCondition)

   JtaAutoConfiguration matched:
      - @ConditionalOnClass found required class 'jakarta.transaction.Transaction' (OnClassCondition)
      - @ConditionalOnProperty (spring.jta.enabled) matched (OnPropertyCondition)

   KafkaAnnotationDrivenConfiguration matched:
      - @ConditionalOnClass found required class 'org.springframework.kafka.annotation.EnableKafka' (OnClassCondition)

   KafkaAnnotationDrivenConfiguration#kafkaListenerContainerFactory matched:
      - @ConditionalOnMissingBean (names: kafkaListenerContainerFactory; SearchStrategy: all) did not find any beans (OnBeanCondition)

   KafkaAnnotationDrivenConfiguration#kafkaListenerContainerFactoryConfigurer matched:
      - @ConditionalOnMissingBean (types: org.springframework.boot.autoconfigure.kafka.ConcurrentKafkaListenerContainerFactoryConfigurer; SearchStrategy: all) did not find any beans (OnBeanCondition)
      - @ConditionalOnThreading found PLATFORM (OnThreadingCondition)

   KafkaAnnotationDrivenConfiguration.EnableKafkaConfiguration matched:
      - @ConditionalOnMissingBean (names: org.springframework.kafka.config.internalKafkaListenerAnnotationProcessor; SearchStrategy: all) did not find any beans (OnBeanCondition)

   KafkaAutoConfiguration matched:
      - @ConditionalOnClass found required class 'org.springframework.kafka.core.KafkaTemplate' (OnClassCondition)

   KafkaAutoConfiguration#kafkaAdmin matched:
      - @ConditionalOnMissingBean (types: org.springframework.kafka.core.KafkaAdmin; SearchStrategy: all) did not find any beans (OnBeanCondition)

   KafkaAutoConfiguration#kafkaConnectionDetails matched:
      - @ConditionalOnMissingBean (types: org.springframework.boot.autoconfigure.kafka.KafkaConnectionDetails; SearchStrategy: all) did not find any beans (OnBeanCondition)

   KafkaAutoConfiguration#kafkaConsumerFactory matched:
      - @ConditionalOnMissingBean (types: org.springframework.kafka.core.ConsumerFactory; SearchStrategy: all) did not find any beans (OnBeanCondition)

   KafkaAutoConfiguration#kafkaProducerFactory matched:
      - @ConditionalOnMissingBean (types: org.springframework.kafka.core.ProducerFactory; SearchStrategy: all) did not find any beans (OnBeanCondition)

   KafkaAutoConfiguration#kafkaProducerListener matched:
      - @ConditionalOnMissingBean (types: org.springframework.kafka.support.ProducerListener; SearchStrategy: all) did not find any beans (OnBeanCondition)

   KafkaAutoConfiguration#kafkaTemplate matched:
      - @ConditionalOnMissingBean (types: org.springframework.kafka.core.KafkaTemplate; SearchStrategy: all) did not find any beans (OnBeanCondition)

   LifecycleAutoConfiguration#defaultLifecycleProcessor matched:
      - @ConditionalOnMissingBean (names: lifecycleProcessor; SearchStrategy: current) did not find any beans (OnBeanCondition)

   LiquibaseAutoConfiguration matched:
      - @ConditionalOnClass found required classes 'liquibase.integration.spring.SpringLiquibase', 'liquibase.change.DatabaseChange' (OnClassCondition)
      - @ConditionalOnProperty (spring.liquibase.enabled) matched (OnPropertyCondition)
      - AnyNestedCondition 2 matched 1 did not; NestedCondition on LiquibaseAutoConfiguration.LiquibaseDataSourceCondition.LiquibaseUrlCondition @ConditionalOnProperty (spring.liquibase.url) did not find property 'url'; NestedCondition on LiquibaseAutoConfiguration.LiquibaseDataSourceCondition.JdbcConnectionDetailsCondition @ConditionalOnBean (types: org.springframework.boot.autoconfigure.jdbc.JdbcConnectionDetails; SearchStrategy: all) found bean 'jdbcConnectionDetails'; NestedCondition on LiquibaseAutoConfiguration.LiquibaseDataSourceCondition.DataSourceBeanCondition @ConditionalOnBean (types: javax.sql.DataSource; SearchStrategy: all) found bean 'dataSource' (LiquibaseAutoConfiguration.LiquibaseDataSourceCondition)

   LiquibaseAutoConfiguration.LiquibaseConfiguration matched:
      - @ConditionalOnClass found required class 'org.springframework.jdbc.core.ConnectionCallback' (OnClassCondition)
      - @ConditionalOnMissingBean (types: liquibase.integration.spring.SpringLiquibase; SearchStrategy: all) did not find any beans (OnBeanCondition)

   LiquibaseAutoConfiguration.LiquibaseConfiguration#liquibaseConnectionDetails matched:
      - @ConditionalOnMissingBean (types: org.springframework.boot.autoconfigure.liquibase.LiquibaseConnectionDetails; SearchStrategy: all) did not find any beans (OnBeanCondition)

   MongoAutoConfiguration matched:
      - @ConditionalOnClass found required class 'com.mongodb.client.MongoClient' (OnClassCondition)
      - @ConditionalOnMissingBean (types: org.springframework.data.mongodb.MongoDatabaseFactory; SearchStrategy: all) did not find any beans (OnBeanCondition)

   MongoAutoConfiguration#mongo matched:
      - @ConditionalOnMissingBean (types: com.mongodb.client.MongoClient; SearchStrategy: all) did not find any beans (OnBeanCondition)

   MongoAutoConfiguration#mongoConnectionDetails matched:
      - @ConditionalOnMissingBean (types: org.springframework.boot.autoconfigure.mongo.MongoConnectionDetails; SearchStrategy: all) did not find any beans (OnBeanCondition)

   MongoAutoConfiguration.MongoClientSettingsConfiguration matched:
      - @ConditionalOnMissingBean (types: com.mongodb.MongoClientSettings; SearchStrategy: all) did not find any beans (OnBeanCondition)

   MongoDataAutoConfiguration matched:
      - @ConditionalOnClass found required classes 'com.mongodb.client.MongoClient', 'org.springframework.data.mongodb.core.MongoTemplate' (OnClassCondition)

   MongoDataConfiguration#mappingMongoConverter matched:
      - @ConditionalOnMissingBean (types: org.springframework.data.mongodb.core.convert.MongoConverter; SearchStrategy: all) did not find any beans (OnBeanCondition)

   MongoDataConfiguration#mongoCustomConversions matched:
      - @ConditionalOnMissingBean (types: org.springframework.data.mongodb.core.convert.MongoCustomConversions; SearchStrategy: all) did not find any beans (OnBeanCondition)

   MongoDataConfiguration#mongoManagedTypes matched:
      - @ConditionalOnMissingBean (types: org.springframework.data.mongodb.MongoManagedTypes; SearchStrategy: all) did not find any beans (OnBeanCondition)

   MongoDataConfiguration#mongoMappingContext matched:
      - @ConditionalOnMissingBean (types: org.springframework.data.mongodb.core.mapping.MongoMappingContext; SearchStrategy: all) did not find any beans (OnBeanCondition)

   MongoDatabaseFactoryConfiguration matched:
      - @ConditionalOnSingleCandidate (types: com.mongodb.client.MongoClient; SearchStrategy: all) found a single bean 'mongo'; @ConditionalOnMissingBean (types: org.springframework.data.mongodb.MongoDatabaseFactory; SearchStrategy: all) did not find any beans (OnBeanCondition)

   MongoDatabaseFactoryDependentConfiguration matched:
      - @ConditionalOnBean (types: org.springframework.data.mongodb.MongoDatabaseFactory; SearchStrategy: all) found bean 'mongoDatabaseFactory' (OnBeanCondition)

   MongoDatabaseFactoryDependentConfiguration#gridFsTemplate matched:
      - @ConditionalOnMissingBean (types: org.springframework.data.mongodb.gridfs.GridFsOperations; SearchStrategy: all) did not find any beans (OnBeanCondition)

   MongoDatabaseFactoryDependentConfiguration#mongoTemplate matched:
      - @ConditionalOnMissingBean (types: org.springframework.data.mongodb.core.MongoOperations; SearchStrategy: all) did not find any beans (OnBeanCondition)

   MongoRepositoriesAutoConfiguration matched:
      - @ConditionalOnClass found required classes 'com.mongodb.client.MongoClient', 'org.springframework.data.mongodb.repository.MongoRepository' (OnClassCondition)
      - @ConditionalOnRepositoryType configured type of 'AUTO' matched required type (OnRepositoryTypeCondition)
      - @ConditionalOnMissingBean (types: org.springframework.data.mongodb.repository.support.MongoRepositoryFactoryBean,org.springframework.data.mongodb.repository.config.MongoRepositoryConfigurationExtension; SearchStrategy: all) did not find any beans (OnBeanCondition)

   MultipartAutoConfiguration matched:
      - @ConditionalOnClass found required classes 'jakarta.servlet.Servlet', 'org.springframework.web.multipart.support.StandardServletMultipartResolver', 'jakarta.servlet.MultipartConfigElement' (OnClassCondition)
      - found 'session' scope (OnWebApplicationCondition)
      - @ConditionalOnProperty (spring.servlet.multipart.enabled) matched (OnPropertyCondition)

   MultipartAutoConfiguration#multipartConfigElement matched:
      - @ConditionalOnMissingBean (types: jakarta.servlet.MultipartConfigElement; SearchStrategy: all) did not find any beans (OnBeanCondition)

   MultipartAutoConfiguration#multipartResolver matched:
      - @ConditionalOnMissingBean (types: org.springframework.web.multipart.MultipartResolver; SearchStrategy: all) did not find any beans (OnBeanCondition)

   NamedParameterJdbcTemplateConfiguration matched:
      - @ConditionalOnSingleCandidate (types: org.springframework.jdbc.core.JdbcTemplate; SearchStrategy: all) found a single bean 'jdbcTemplate'; @ConditionalOnMissingBean (types: org.springframework.jdbc.core.namedparam.NamedParameterJdbcOperations; SearchStrategy: all) did not find any beans (OnBeanCondition)

   NettyAutoConfiguration matched:
      - @ConditionalOnClass found required class 'io.netty.util.NettyRuntime' (OnClassCondition)

   NoOpCacheConfiguration matched:
      - Cache org.springframework.boot.autoconfigure.cache.NoOpCacheConfiguration automatic cache type (CacheCondition)

   PersistenceExceptionTranslationAutoConfiguration matched:
      - @ConditionalOnClass found required class 'org.springframework.dao.annotation.PersistenceExceptionTranslationPostProcessor' (OnClassCondition)

   PersistenceExceptionTranslationAutoConfiguration#persistenceExceptionTranslationPostProcessor matched:
      - @ConditionalOnProperty (spring.dao.exceptiontranslation.enabled) matched (OnPropertyCondition)
      - @ConditionalOnMissingBean (types: org.springframework.dao.annotation.PersistenceExceptionTranslationPostProcessor; SearchStrategy: all) did not find any beans (OnBeanCondition)

   PropertyPlaceholderAutoConfiguration#propertySourcesPlaceholderConfigurer matched:
      - @ConditionalOnMissingBean (types: org.springframework.context.support.PropertySourcesPlaceholderConfigurer; SearchStrategy: current) did not find any beans (OnBeanCondition)

   RestClientAutoConfiguration matched:
      - @ConditionalOnClass found required class 'org.springframework.web.client.RestClient' (OnClassCondition)
      - NoneNestedConditions 0 matched 1 did not; NestedCondition on NotReactiveWebApplicationCondition.ReactiveWebApplication did not find reactive web application classes (NotReactiveWebApplicationCondition)

   RestClientAutoConfiguration#httpMessageConvertersRestClientCustomizer matched:
      - @ConditionalOnMissingBean (types: org.springframework.boot.autoconfigure.web.client.HttpMessageConvertersRestClientCustomizer; SearchStrategy: all) did not find any beans (OnBeanCondition)

   RestClientAutoConfiguration#restClientBuilder matched:
      - @ConditionalOnMissingBean (types: org.springframework.web.client.RestClient$Builder; SearchStrategy: all) did not find any beans (OnBeanCondition)

   RestClientAutoConfiguration#restClientBuilderConfigurer matched:
      - @ConditionalOnMissingBean (types: org.springframework.boot.autoconfigure.web.client.RestClientBuilderConfigurer; SearchStrategy: all) did not find any beans (OnBeanCondition)

   RestClientAutoConfiguration#restClientSsl matched:
      - @ConditionalOnBean (types: org.springframework.boot.ssl.SslBundles; SearchStrategy: all) found bean 'sslBundleRegistry'; @ConditionalOnMissingBean (types: org.springframework.boot.autoconfigure.web.client.RestClientSsl; SearchStrategy: all) did not find any beans (OnBeanCondition)

   RestTemplateAutoConfiguration matched:
      - @ConditionalOnClass found required class 'org.springframework.web.client.RestTemplate' (OnClassCondition)
      - NoneNestedConditions 0 matched 1 did not; NestedCondition on NotReactiveWebApplicationCondition.ReactiveWebApplication did not find reactive web application classes (NotReactiveWebApplicationCondition)

   RestTemplateAutoConfiguration#restTemplateBuilder matched:
      - @ConditionalOnMissingBean (types: org.springframework.boot.web.client.RestTemplateBuilder; SearchStrategy: all) did not find any beans (OnBeanCondition)

   SecurityAutoConfiguration matched:
      - @ConditionalOnClass found required class 'org.springframework.security.authentication.DefaultAuthenticationEventPublisher' (OnClassCondition)

   SecurityAutoConfiguration#authenticationEventPublisher matched:
      - @ConditionalOnMissingBean (types: org.springframework.security.authentication.AuthenticationEventPublisher; SearchStrategy: all) did not find any beans (OnBeanCondition)

   SecurityFilterAutoConfiguration matched:
      - @ConditionalOnClass found required classes 'org.springframework.security.web.context.AbstractSecurityWebApplicationInitializer', 'org.springframework.security.config.http.SessionCreationPolicy' (OnClassCondition)
      - found 'session' scope (OnWebApplicationCondition)

   SecurityFilterAutoConfiguration#securityFilterChainRegistration matched:
      - @ConditionalOnBean (names: springSecurityFilterChain; SearchStrategy: all) found bean 'springSecurityFilterChain' (OnBeanCondition)

   ServletWebServerFactoryAutoConfiguration matched:
      - @ConditionalOnClass found required class 'jakarta.servlet.ServletRequest' (OnClassCondition)
      - found 'session' scope (OnWebApplicationCondition)

   ServletWebServerFactoryAutoConfiguration#tomcatServletWebServerFactoryCustomizer matched:
      - @ConditionalOnClass found required class 'org.apache.catalina.startup.Tomcat' (OnClassCondition)

   ServletWebServerFactoryConfiguration.EmbeddedTomcat matched:
      - @ConditionalOnClass found required classes 'jakarta.servlet.Servlet', 'org.apache.catalina.startup.Tomcat', 'org.apache.coyote.UpgradeProtocol' (OnClassCondition)
      - @ConditionalOnMissingBean (types: org.springframework.boot.web.servlet.server.ServletWebServerFactory; SearchStrategy: current) did not find any beans (OnBeanCondition)

   SimpleCacheConfiguration matched:
      - Cache org.springframework.boot.autoconfigure.cache.SimpleCacheConfiguration automatic cache type (CacheCondition)

   SpringBootWebSecurityConfiguration matched:
      - found 'session' scope (OnWebApplicationCondition)

   SpringBootWebSecurityConfiguration.SecurityFilterChainConfiguration matched:
      - AllNestedConditions 2 matched 0 did not; NestedCondition on DefaultWebSecurityCondition.Beans @ConditionalOnMissingBean (types: org.springframework.security.web.SecurityFilterChain; SearchStrategy: all) did not find any beans; NestedCondition on DefaultWebSecurityCondition.Classes @ConditionalOnClass found required classes 'org.springframework.security.web.SecurityFilterChain', 'org.springframework.security.config.annotation.web.builders.HttpSecurity' (DefaultWebSecurityCondition)

   SpringBootWebSecurityConfiguration.WebSecurityEnablerConfiguration matched:
      - @ConditionalOnClass found required class 'org.springframework.security.config.annotation.web.configuration.EnableWebSecurity' (OnClassCondition)
      - @ConditionalOnMissingBean (names: springSecurityFilterChain; SearchStrategy: all) did not find any beans (OnBeanCondition)

   SpringDataWebAutoConfiguration matched:
      - @ConditionalOnClass found required classes 'org.springframework.data.web.PageableHandlerMethodArgumentResolver', 'org.springframework.web.servlet.config.annotation.WebMvcConfigurer' (OnClassCondition)
      - found 'session' scope (OnWebApplicationCondition)
      - @ConditionalOnMissingBean (types: org.springframework.data.web.PageableHandlerMethodArgumentResolver; SearchStrategy: all) did not find any beans (OnBeanCondition)

   SpringDataWebAutoConfiguration#pageableCustomizer matched:
      - @ConditionalOnMissingBean (types: org.springframework.data.web.config.PageableHandlerMethodArgumentResolverCustomizer; SearchStrategy: all) did not find any beans (OnBeanCondition)

   SpringDataWebAutoConfiguration#sortCustomizer matched:
      - @ConditionalOnMissingBean (types: org.springframework.data.web.config.SortHandlerMethodArgumentResolverCustomizer; SearchStrategy: all) did not find any beans (OnBeanCondition)

   SpringDocConfigProperties matched:
      - @ConditionalOnProperty (springdoc.api-docs.enabled) matched (OnPropertyCondition)
      - @ConditionalOnBean (types: org.springdoc.core.configuration.SpringDocConfiguration; SearchStrategy: all) found bean 'org.springdoc.core.configuration.SpringDocConfiguration' (OnBeanCondition)

   SpringDocConfiguration matched:
      - @ConditionalOnWebApplication (required) found 'session' scope (OnWebApplicationCondition)
      - @ConditionalOnProperty (springdoc.api-docs.enabled) matched (OnPropertyCondition)

   SpringDocConfiguration#fileSupportConverter matched:
      - @ConditionalOnMissingBean (types: org.springdoc.core.converters.FileSupportConverter; SearchStrategy: all) did not find any beans (OnBeanCondition)

   SpringDocConfiguration#openAPIBuilder matched:
      - @ConditionalOnMissingBean (types: org.springdoc.core.service.OpenAPIService; SearchStrategy: all) did not find any beans (OnBeanCondition)

   SpringDocConfiguration#operationBuilder matched:
      - @ConditionalOnMissingBean (types: org.springdoc.core.service.OperationService; SearchStrategy: all) did not find any beans (OnBeanCondition)

   SpringDocConfiguration#parameterBuilder matched:
      - @ConditionalOnMissingBean (types: org.springdoc.core.service.GenericParameterService; SearchStrategy: all) did not find any beans (OnBeanCondition)

   SpringDocConfiguration#polymorphicModelConverter matched:
      - @ConditionalOnProperty (springdoc.model-converters.polymorphic-converter.enabled) matched (OnPropertyCondition)
      - @ConditionalOnMissingBean (types: org.springdoc.core.converters.PolymorphicModelConverter; SearchStrategy: all) did not find any beans (OnBeanCondition)

   SpringDocConfiguration#requestBodyBuilder matched:
      - @ConditionalOnMissingBean (types: org.springdoc.core.service.RequestBodyService; SearchStrategy: all) did not find any beans (OnBeanCondition)

   SpringDocConfiguration#responseSupportConverter matched:
      - @ConditionalOnMissingBean (types: org.springdoc.core.converters.ResponseSupportConverter; SearchStrategy: all) did not find any beans (OnBeanCondition)

   SpringDocConfiguration#schemaPropertyDeprecatingConverter matched:
      - @ConditionalOnProperty (springdoc.model-converters.deprecating-converter.enabled) matched (OnPropertyCondition)
      - @ConditionalOnMissingBean (types: org.springdoc.core.converters.SchemaPropertyDeprecatingConverter; SearchStrategy: all) did not find any beans (OnBeanCondition)

   SpringDocConfiguration#securityParser matched:
      - @ConditionalOnMissingBean (types: org.springdoc.core.service.SecurityService; SearchStrategy: all) did not find any beans (OnBeanCondition)

   SpringDocConfiguration#springDocCustomizers matched:
      - @ConditionalOnMissingBean (types: org.springdoc.core.customizers.SpringDocCustomizers; SearchStrategy: all) did not find any beans (OnBeanCondition)

   SpringDocConfiguration#springDocProviders matched:
      - @ConditionalOnMissingBean (types: org.springdoc.core.providers.SpringDocProviders; SearchStrategy: all) did not find any beans (OnBeanCondition)

   SpringDocConfiguration#springdocObjectMapperProvider matched:
      - @ConditionalOnMissingBean (types: org.springdoc.core.providers.ObjectMapperProvider; SearchStrategy: all) did not find any beans (OnBeanCondition)

   SpringDocConfiguration.QuerydslProvider matched:
      - @ConditionalOnClass found required class 'org.springframework.data.querydsl.binding.QuerydslBindingsFactory' (OnClassCondition)

   SpringDocConfiguration.QuerydslProvider#queryDslQuerydslPredicateOperationCustomizer matched:
      - @ConditionalOnMissingBean (types: org.springdoc.core.customizers.QuerydslPredicateOperationCustomizer; SearchStrategy: all) did not find any beans (OnBeanCondition)

   SpringDocConfiguration.SpringDocSpringDataWebPropertiesProvider matched:
      - @ConditionalOnClass found required class 'org.springframework.boot.autoconfigure.data.web.SpringDataWebProperties' (OnClassCondition)

   SpringDocConfiguration.SpringDocSpringDataWebPropertiesProvider#springDataWebPropertiesProvider matched:
      - @ConditionalOnMissingBean (types: org.springdoc.core.providers.SpringDataWebPropertiesProvider; SearchStrategy: all) did not find any beans (OnBeanCondition)

   SpringDocConfiguration.WebConversionServiceConfiguration matched:
      - @ConditionalOnClass found required class 'org.springframework.boot.autoconfigure.web.format.WebConversionService' (OnClassCondition)

   SpringDocPageableConfiguration matched:
      - @ConditionalOnClass found required class 'org.springframework.data.domain.Pageable' (OnClassCondition)
      - @ConditionalOnWebApplication (required) found 'session' scope (OnWebApplicationCondition)
      - @ConditionalOnProperty (springdoc.api-docs.enabled) matched (OnPropertyCondition)
      - @ConditionalOnBean (types: org.springdoc.core.configuration.SpringDocConfiguration; SearchStrategy: all) found bean 'org.springdoc.core.configuration.SpringDocConfiguration' (OnBeanCondition)

   SpringDocPageableConfiguration#delegatingMethodParameterCustomizer matched:
      - @ConditionalOnMissingBean (types: org.springdoc.core.customizers.DelegatingMethodParameterCustomizer; SearchStrategy: all) did not find any beans (OnBeanCondition)

   SpringDocPageableConfiguration#pageableOpenAPIConverter matched:
      - @ConditionalOnProperty (springdoc.model-converters.pageable-converter.enabled) matched (OnPropertyCondition)
      - @ConditionalOnMissingBean (types: org.springdoc.core.converters.PageableOpenAPIConverter; SearchStrategy: all) did not find any beans (OnBeanCondition)

   SpringDocSecurityConfiguration matched:
      - @ConditionalOnClass found required class 'org.springframework.security.web.SecurityFilterChain' (OnClassCondition)
      - @ConditionalOnWebApplication (required) found 'session' scope (OnWebApplicationCondition)
      - @ConditionalOnExpression (#{${springdoc.api-docs.enabled:true} and ${springdoc.enable-spring-security:true}}) resulted in true (OnExpressionCondition)
      - @ConditionalOnBean (types: org.springdoc.core.configuration.SpringDocConfiguration; SearchStrategy: all) found bean 'org.springdoc.core.configuration.SpringDocConfiguration' (OnBeanCondition)

   SpringDocSecurityConfiguration.SpringSecurityLoginEndpointConfiguration matched:
      - @ConditionalOnClass found required class 'jakarta.servlet.Filter' (OnClassCondition)

   SpringDocSortConfiguration matched:
      - @ConditionalOnClass found required class 'org.springframework.data.domain.Sort' (OnClassCondition)
      - @ConditionalOnWebApplication (required) found 'session' scope (OnWebApplicationCondition)
      - @ConditionalOnProperty (springdoc.api-docs.enabled) matched (OnPropertyCondition)
      - @ConditionalOnBean (types: org.springdoc.core.configuration.SpringDocConfiguration; SearchStrategy: all) found bean 'org.springdoc.core.configuration.SpringDocConfiguration' (OnBeanCondition)

   SpringDocSortConfiguration#sortOpenAPIConverter matched:
      - @ConditionalOnProperty (springdoc.model-converters.sort-converter.enabled) matched (OnPropertyCondition)
      - @ConditionalOnMissingBean (types: org.springdoc.core.converters.SortOpenAPIConverter; SearchStrategy: all) did not find any beans (OnBeanCondition)

   SpringDocUIConfiguration matched:
      - @ConditionalOnWebApplication (required) found 'session' scope (OnWebApplicationCondition)
      - @ConditionalOnBean (types: org.springdoc.core.configuration.SpringDocConfiguration; SearchStrategy: all) found bean 'org.springdoc.core.configuration.SpringDocConfiguration' (OnBeanCondition)

   SpringDocWebMvcConfiguration matched:
      - found 'session' scope (OnWebApplicationCondition)
      - @ConditionalOnProperty (springdoc.api-docs.enabled) matched (OnPropertyCondition)
      - @ConditionalOnBean (types: org.springdoc.core.configuration.SpringDocConfiguration; SearchStrategy: all) found bean 'org.springdoc.core.configuration.SpringDocConfiguration' (OnBeanCondition)

   SpringDocWebMvcConfiguration#openApiResource matched:
      - @ConditionalOnProperty (springdoc.use-management-port=false) matched (OnPropertyCondition)
      - @ConditionalOnMissingBean (types: org.springdoc.webmvc.api.OpenApiWebMvcResource; SearchStrategy: all) did not find any beans (OnBeanCondition)

   SpringDocWebMvcConfiguration#requestBuilder matched:
      - @ConditionalOnMissingBean (types: org.springdoc.webmvc.core.service.RequestService; SearchStrategy: all) did not find any beans (OnBeanCondition)

   SpringDocWebMvcConfiguration#responseBuilder matched:
      - @ConditionalOnMissingBean (types: org.springdoc.core.service.GenericResponseService; SearchStrategy: all) did not find any beans (OnBeanCondition)

   SpringDocWebMvcConfiguration#springWebProvider matched:
      - @ConditionalOnMissingBean (types: org.springdoc.core.providers.SpringWebProvider; SearchStrategy: all) did not find any beans (OnBeanCondition)

   SpringDocWebMvcConfiguration.SpringDocWebMvcRouterConfiguration matched:
      - @ConditionalOnClass found required class 'org.springframework.web.servlet.function.RouterFunction' (OnClassCondition)

   SpringDocWebMvcConfiguration.SpringDocWebMvcRouterConfiguration#routerFunctionProvider matched:
      - @ConditionalOnMissingBean (types: org.springdoc.webmvc.core.providers.RouterFunctionWebMvcProvider; SearchStrategy: all) did not find any beans (OnBeanCondition)

   SqlInitializationAutoConfiguration matched:
      - @ConditionalOnProperty (spring.sql.init.enabled) matched (OnPropertyCondition)
      - NoneNestedConditions 0 matched 1 did not; NestedCondition on SqlInitializationAutoConfiguration.SqlInitializationModeCondition.ModeIsNever @ConditionalOnProperty (spring.sql.init.mode=never) found different value in property 'mode' (SqlInitializationAutoConfiguration.SqlInitializationModeCondition)

   SslAutoConfiguration#sslBundleRegistry matched:
      - @ConditionalOnMissingBean (types: org.springframework.boot.ssl.SslBundleRegistry,org.springframework.boot.ssl.SslBundles; SearchStrategy: all) did not find any beans (OnBeanCondition)

   SwaggerConfig matched:
      - found 'session' scope (OnWebApplicationCondition)
      - @ConditionalOnProperty (springdoc.swagger-ui.enabled) matched (OnPropertyCondition)
      - @ConditionalOnBean (types: org.springdoc.core.configuration.SpringDocConfiguration; SearchStrategy: all) found bean 'org.springdoc.core.configuration.SpringDocConfiguration' (OnBeanCondition)

   SwaggerConfig#indexPageTransformer matched:
      - @ConditionalOnMissingBean (types: org.springdoc.webmvc.ui.SwaggerIndexTransformer; SearchStrategy: all) did not find any beans (OnBeanCondition)

   SwaggerConfig#swaggerConfigResource matched:
      - @ConditionalOnProperty (springdoc.use-management-port=false) matched (OnPropertyCondition)
      - @ConditionalOnMissingBean (types: org.springdoc.webmvc.ui.SwaggerConfigResource; SearchStrategy: all) did not find any beans (OnBeanCondition)

   SwaggerConfig#swaggerResourceResolver matched:
      - @ConditionalOnMissingBean (types: org.springdoc.webmvc.ui.SwaggerResourceResolver; SearchStrategy: all) did not find any beans (OnBeanCondition)

   SwaggerConfig#swaggerWebMvcConfigurer matched:
      - @ConditionalOnMissingBean (types: org.springdoc.webmvc.ui.SwaggerWebMvcConfigurer; SearchStrategy: all) did not find any beans (OnBeanCondition)

   SwaggerConfig#swaggerWelcome matched:
      - @ConditionalOnProperty (springdoc.use-management-port=false) matched (OnPropertyCondition)
      - @ConditionalOnMissingBean (types: org.springdoc.webmvc.ui.SwaggerWelcomeWebMvc; SearchStrategy: all) did not find any beans (OnBeanCondition)

   SwaggerUiConfigParameters matched:
      - @ConditionalOnProperty (springdoc.swagger-ui.enabled) matched (OnPropertyCondition)
      - @ConditionalOnBean (types: org.springdoc.core.configuration.SpringDocConfiguration; SearchStrategy: all) found bean 'org.springdoc.core.configuration.SpringDocConfiguration' (OnBeanCondition)

   SwaggerUiConfigProperties matched:
      - @ConditionalOnProperty (springdoc.swagger-ui.enabled) matched (OnPropertyCondition)
      - @ConditionalOnBean (types: org.springdoc.core.configuration.SpringDocConfiguration; SearchStrategy: all) found bean 'org.springdoc.core.configuration.SpringDocConfiguration' (OnBeanCondition)

   SwaggerUiOAuthProperties matched:
      - @ConditionalOnProperty (springdoc.swagger-ui.enabled) matched (OnPropertyCondition)
      - @ConditionalOnBean (types: org.springdoc.core.configuration.SpringDocConfiguration; SearchStrategy: all) found bean 'org.springdoc.core.configuration.SpringDocConfiguration' (OnBeanCondition)

   TaskExecutionAutoConfiguration matched:
      - @ConditionalOnClass found required class 'org.springframework.scheduling.concurrent.ThreadPoolTaskExecutor' (OnClassCondition)

   TaskExecutorConfigurations.SimpleAsyncTaskExecutorBuilderConfiguration#simpleAsyncTaskExecutorBuilder matched:
      - @ConditionalOnMissingBean (types: org.springframework.boot.task.SimpleAsyncTaskExecutorBuilder; SearchStrategy: all) did not find any beans (OnBeanCondition)
      - @ConditionalOnThreading found PLATFORM (OnThreadingCondition)

   TaskExecutorConfigurations.TaskExecutorBuilderConfiguration#taskExecutorBuilder matched:
      - @ConditionalOnMissingBean (types: org.springframework.boot.task.TaskExecutorBuilder; SearchStrategy: all) did not find any beans (OnBeanCondition)

   TaskExecutorConfigurations.TaskExecutorConfiguration matched:
      - @ConditionalOnMissingBean (types: java.util.concurrent.Executor; SearchStrategy: all) did not find any beans (OnBeanCondition)

   TaskExecutorConfigurations.TaskExecutorConfiguration#applicationTaskExecutor matched:
      - @ConditionalOnThreading found PLATFORM (OnThreadingCondition)

   TaskExecutorConfigurations.ThreadPoolTaskExecutorBuilderConfiguration#threadPoolTaskExecutorBuilder matched:
      - @ConditionalOnMissingBean (types: org.springframework.boot.task.TaskExecutorBuilder,org.springframework.boot.task.ThreadPoolTaskExecutorBuilder; SearchStrategy: all) did not find any beans (OnBeanCondition)

   TaskSchedulingAutoConfiguration matched:
      - @ConditionalOnClass found required class 'org.springframework.scheduling.concurrent.ThreadPoolTaskScheduler' (OnClassCondition)

   TaskSchedulingConfigurations.SimpleAsyncTaskSchedulerBuilderConfiguration#simpleAsyncTaskSchedulerBuilder matched:
      - @ConditionalOnMissingBean (types: org.springframework.boot.task.SimpleAsyncTaskSchedulerBuilder; SearchStrategy: all) did not find any beans (OnBeanCondition)
      - @ConditionalOnThreading found PLATFORM (OnThreadingCondition)

   TaskSchedulingConfigurations.TaskSchedulerBuilderConfiguration#taskSchedulerBuilder matched:
      - @ConditionalOnMissingBean (types: org.springframework.boot.task.TaskSchedulerBuilder; SearchStrategy: all) did not find any beans (OnBeanCondition)

   TaskSchedulingConfigurations.ThreadPoolTaskSchedulerBuilderConfiguration#threadPoolTaskSchedulerBuilder matched:
      - @ConditionalOnMissingBean (types: org.springframework.boot.task.TaskSchedulerBuilder,org.springframework.boot.task.ThreadPoolTaskSchedulerBuilder; SearchStrategy: all) did not find any beans (OnBeanCondition)

   TransactionAutoConfiguration matched:
      - @ConditionalOnClass found required class 'org.springframework.transaction.PlatformTransactionManager' (OnClassCondition)

   TransactionAutoConfiguration.EnableTransactionManagementConfiguration matched:
      - @ConditionalOnBean (types: org.springframework.transaction.TransactionManager; SearchStrategy: all) found bean 'transactionManager'; @ConditionalOnMissingBean (types: org.springframework.transaction.annotation.AbstractTransactionManagementConfiguration; SearchStrategy: all) did not find any beans (OnBeanCondition)

   TransactionAutoConfiguration.EnableTransactionManagementConfiguration.CglibAutoProxyConfiguration matched:
      - @ConditionalOnProperty (spring.aop.proxy-target-class=true) matched (OnPropertyCondition)

   TransactionAutoConfiguration.TransactionTemplateConfiguration matched:
      - @ConditionalOnSingleCandidate (types: org.springframework.transaction.PlatformTransactionManager; SearchStrategy: all) found a single bean 'transactionManager' (OnBeanCondition)

   TransactionAutoConfiguration.TransactionTemplateConfiguration#transactionTemplate matched:
      - @ConditionalOnMissingBean (types: org.springframework.transaction.support.TransactionOperations; SearchStrategy: all) did not find any beans (OnBeanCondition)

   TransactionManagerCustomizationAutoConfiguration matched:
      - @ConditionalOnClass found required class 'org.springframework.transaction.PlatformTransactionManager' (OnClassCondition)

   TransactionManagerCustomizationAutoConfiguration#platformTransactionManagerCustomizers matched:
      - @ConditionalOnMissingBean (types: org.springframework.boot.autoconfigure.transaction.TransactionManagerCustomizers; SearchStrategy: all) did not find any beans (OnBeanCondition)

   UserDetailsServiceAutoConfiguration matched:
      - @ConditionalOnClass found required class 'org.springframework.security.authentication.AuthenticationManager' (OnClassCondition)
      - AnyNestedCondition 1 matched 2 did not; NestedCondition on UserDetailsServiceAutoConfiguration.MissingAlternativeOrUserPropertiesConfigured.PasswordConfigured @ConditionalOnProperty (spring.security.user.password) did not find property 'password'; NestedCondition on UserDetailsServiceAutoConfiguration.MissingAlternativeOrUserPropertiesConfigured.NameConfigured @ConditionalOnProperty (spring.security.user.name) did not find property 'name'; NestedCondition on UserDetailsServiceAutoConfiguration.MissingAlternativeOrUserPropertiesConfigured.MissingAlternative @ConditionalOnMissingClass did not find unwanted classes 'org.springframework.security.oauth2.client.registration.ClientRegistrationRepository', 'org.springframework.security.oauth2.server.resource.introspection.OpaqueTokenIntrospector', 'org.springframework.security.saml2.provider.service.registration.RelyingPartyRegistrationRepository' (UserDetailsServiceAutoConfiguration.MissingAlternativeOrUserPropertiesConfigured)
      - @ConditionalOnBean (types: org.springframework.security.config.annotation.ObjectPostProcessor; SearchStrategy: all) found bean 'objectPostProcessor'; @ConditionalOnMissingBean (types: org.springframework.security.authentication.AuthenticationManager,org.springframework.security.authentication.AuthenticationProvider,org.springframework.security.core.userdetails.UserDetailsService,org.springframework.security.authentication.AuthenticationManagerResolver,org.springframework.security.oauth2.jwt.JwtDecoder; SearchStrategy: all) did not find any beans (OnBeanCondition)

   ValidationAutoConfiguration matched:
      - @ConditionalOnClass found required class 'jakarta.validation.executable.ExecutableValidator' (OnClassCondition)
      - @ConditionalOnResource found location classpath:META-INF/services/jakarta.validation.spi.ValidationProvider (OnResourceCondition)

   ValidationAutoConfiguration#defaultValidator matched:
      - @ConditionalOnMissingBean (types: jakarta.validation.Validator; SearchStrategy: all) did not find any beans (OnBeanCondition)

   ValidationAutoConfiguration#methodValidationPostProcessor matched:
      - @ConditionalOnMissingBean (types: org.springframework.validation.beanvalidation.MethodValidationPostProcessor; SearchStrategy: current) did not find any beans (OnBeanCondition)

   WebMvcAutoConfiguration matched:
      - @ConditionalOnClass found required classes 'jakarta.servlet.Servlet', 'org.springframework.web.servlet.DispatcherServlet', 'org.springframework.web.servlet.config.annotation.WebMvcConfigurer' (OnClassCondition)
      - found 'session' scope (OnWebApplicationCondition)
      - @ConditionalOnMissingBean (types: org.springframework.web.servlet.config.annotation.WebMvcConfigurationSupport; SearchStrategy: all) did not find any beans (OnBeanCondition)

   WebMvcAutoConfiguration#formContentFilter matched:
      - @ConditionalOnProperty (spring.mvc.formcontent.filter.enabled) matched (OnPropertyCondition)
      - @ConditionalOnMissingBean (types: org.springframework.web.filter.FormContentFilter; SearchStrategy: all) did not find any beans (OnBeanCondition)

   WebMvcAutoConfiguration.EnableWebMvcConfiguration#flashMapManager matched:
      - @ConditionalOnMissingBean (names: flashMapManager; SearchStrategy: all) did not find any beans (OnBeanCondition)

   WebMvcAutoConfiguration.EnableWebMvcConfiguration#localeResolver matched:
      - @ConditionalOnMissingBean (names: localeResolver; SearchStrategy: all) did not find any beans (OnBeanCondition)

   WebMvcAutoConfiguration.EnableWebMvcConfiguration#themeResolver matched:
      - @ConditionalOnMissingBean (names: themeResolver; SearchStrategy: all) did not find any beans (OnBeanCondition)

   WebMvcAutoConfiguration.WebMvcAutoConfigurationAdapter#defaultViewResolver matched:
      - @ConditionalOnMissingBean (types: org.springframework.web.servlet.view.InternalResourceViewResolver; SearchStrategy: all) did not find any beans (OnBeanCondition)

   WebMvcAutoConfiguration.WebMvcAutoConfigurationAdapter#requestContextFilter matched:
      - @ConditionalOnMissingBean (types: org.springframework.web.context.request.RequestContextListener,org.springframework.web.filter.RequestContextFilter; SearchStrategy: all) did not find any beans (OnBeanCondition)

   WebMvcAutoConfiguration.WebMvcAutoConfigurationAdapter#viewResolver matched:
      - @ConditionalOnBean (types: org.springframework.web.servlet.ViewResolver; SearchStrategy: all) found beans 'defaultViewResolver', 'beanNameViewResolver', 'mvcViewResolver'; @ConditionalOnMissingBean (names: viewResolver types: org.springframework.web.servlet.view.ContentNegotiatingViewResolver; SearchStrategy: all) did not find any beans (OnBeanCondition)

   WebSocketServletAutoConfiguration matched:
      - @ConditionalOnClass found required classes 'jakarta.servlet.Servlet', 'jakarta.websocket.server.ServerContainer' (OnClassCondition)
      - found 'session' scope (OnWebApplicationCondition)

   WebSocketServletAutoConfiguration.TomcatWebSocketConfiguration matched:
      - @ConditionalOnClass found required classes 'org.apache.catalina.startup.Tomcat', 'org.apache.tomcat.websocket.server.WsSci' (OnClassCondition)

   WebSocketServletAutoConfiguration.TomcatWebSocketConfiguration#websocketServletWebServerCustomizer matched:
      - @ConditionalOnMissingBean (names: websocketServletWebServerCustomizer; SearchStrategy: all) did not find any beans (OnBeanCondition)


Negative matches:
-----------------

   ActiveMQAutoConfiguration:
      Did not match:
         - @ConditionalOnClass did not find required class 'jakarta.jms.ConnectionFactory' (OnClassCondition)

   AopAutoConfiguration.AspectJAutoProxyingConfiguration.JdkDynamicAutoProxyConfiguration:
      Did not match:
         - @ConditionalOnProperty (spring.aop.proxy-target-class=false) did not find property 'proxy-target-class' (OnPropertyCondition)

   AopAutoConfiguration.ClassProxyingConfiguration:
      Did not match:
         - @ConditionalOnMissingClass found unwanted class 'org.aspectj.weaver.Advice' (OnClassCondition)

   ArtemisAutoConfiguration:
      Did not match:
         - @ConditionalOnClass did not find required class 'jakarta.jms.ConnectionFactory' (OnClassCondition)

   BatchAutoConfiguration:
      Did not match:
         - @ConditionalOnClass did not find required class 'org.springframework.batch.core.launch.JobLauncher' (OnClassCondition)

   Cache2kCacheConfiguration:
      Did not match:
         - @ConditionalOnClass did not find required class 'org.cache2k.Cache2kBuilder' (OnClassCondition)

   CacheAutoConfiguration:
      Did not match:
         - @ConditionalOnBean (types: org.springframework.cache.interceptor.CacheAspectSupport; SearchStrategy: all) did not find any beans of type org.springframework.cache.interceptor.CacheAspectSupport (OnBeanCondition)
      Matched:
         - @ConditionalOnClass found required class 'org.springframework.cache.CacheManager' (OnClassCondition)

   CacheAutoConfiguration.CacheManagerEntityManagerFactoryDependsOnPostProcessor:
      Did not match:
         - Ancestor org.springframework.boot.autoconfigure.cache.CacheAutoConfiguration did not match (ConditionEvaluationReport.AncestorsMatchedCondition)
      Matched:
         - @ConditionalOnClass found required class 'org.springframework.orm.jpa.LocalContainerEntityManagerFactoryBean' (OnClassCondition)

   CaffeineCacheConfiguration:
      Did not match:
         - @ConditionalOnClass did not find required class 'com.github.benmanes.caffeine.cache.Caffeine' (OnClassCondition)

   CassandraAutoConfiguration:
      Did not match:
         - @ConditionalOnClass did not find required class 'com.datastax.oss.driver.api.core.CqlSession' (OnClassCondition)

   CassandraDataAutoConfiguration:
      Did not match:
         - @ConditionalOnClass did not find required class 'com.datastax.oss.driver.api.core.CqlSession' (OnClassCondition)

   CassandraReactiveDataAutoConfiguration:
      Did not match:
         - @ConditionalOnClass did not find required class 'com.datastax.oss.driver.api.core.CqlSession' (OnClassCondition)

   CassandraReactiveRepositoriesAutoConfiguration:
      Did not match:
         - @ConditionalOnClass did not find required class 'org.springframework.data.cassandra.ReactiveSession' (OnClassCondition)

   CassandraRepositoriesAutoConfiguration:
      Did not match:
         - @ConditionalOnClass did not find required class 'com.datastax.oss.driver.api.core.CqlSession' (OnClassCondition)

   ClientHttpConnectorAutoConfiguration:
      Did not match:
         - @ConditionalOnClass did not find required class 'org.springframework.web.reactive.function.client.WebClient' (OnClassCondition)

   CodecsAutoConfiguration:
      Did not match:
         - @ConditionalOnClass did not find required class 'org.springframework.web.reactive.function.client.WebClient' (OnClassCondition)

   CouchbaseAutoConfiguration:
      Did not match:
         - @ConditionalOnClass did not find required class 'com.couchbase.client.java.Cluster' (OnClassCondition)

   CouchbaseCacheConfiguration:
      Did not match:
         - @ConditionalOnClass did not find required class 'com.couchbase.client.java.Cluster' (OnClassCondition)

   CouchbaseDataAutoConfiguration:
      Did not match:
         - @ConditionalOnClass did not find required class 'com.couchbase.client.java.Bucket' (OnClassCondition)

   CouchbaseReactiveDataAutoConfiguration:
      Did not match:
         - @ConditionalOnClass did not find required class 'com.couchbase.client.java.Cluster' (OnClassCondition)

   CouchbaseReactiveRepositoriesAutoConfiguration:
      Did not match:
         - @ConditionalOnClass did not find required class 'com.couchbase.client.java.Cluster' (OnClassCondition)

   CouchbaseRepositoriesAutoConfiguration:
      Did not match:
         - @ConditionalOnClass did not find required class 'com.couchbase.client.java.Bucket' (OnClassCondition)

   DataSourceAutoConfiguration.EmbeddedDatabaseConfiguration:
      Did not match:
         - EmbeddedDataSource spring.datasource.url is set (DataSourceAutoConfiguration.EmbeddedDatabaseCondition)

   DataSourceCheckpointRestoreConfiguration:
      Did not match:
         - @ConditionalOnClass did not find required class 'org.crac.Resource' (OnClassCondition)

   DataSourceConfiguration.Dbcp2:
      Did not match:
         - @ConditionalOnClass did not find required class 'org.apache.commons.dbcp2.BasicDataSource' (OnClassCondition)

   DataSourceConfiguration.Generic:
      Did not match:
         - @ConditionalOnProperty (spring.datasource.type) did not find property 'spring.datasource.type' (OnPropertyCondition)

   DataSourceConfiguration.OracleUcp:
      Did not match:
         - @ConditionalOnClass did not find required classes 'oracle.ucp.jdbc.PoolDataSourceImpl', 'oracle.jdbc.OracleConnection' (OnClassCondition)

   DataSourceConfiguration.Tomcat:
      Did not match:
         - @ConditionalOnClass did not find required class 'org.apache.tomcat.jdbc.pool.DataSource' (OnClassCondition)

   DataSourceJmxConfiguration:
      Did not match:
         - @ConditionalOnProperty (spring.jmx.enabled=true) found different value in property 'enabled' (OnPropertyCondition)

   DataSourcePoolMetadataProvidersConfiguration.CommonsDbcp2PoolDataSourceMetadataProviderConfiguration:
      Did not match:
         - @ConditionalOnClass did not find required class 'org.apache.commons.dbcp2.BasicDataSource' (OnClassCondition)

   DataSourcePoolMetadataProvidersConfiguration.OracleUcpPoolDataSourceMetadataProviderConfiguration:
      Did not match:
         - @ConditionalOnClass did not find required classes 'oracle.ucp.jdbc.PoolDataSource', 'oracle.jdbc.OracleConnection' (OnClassCondition)

   DataSourcePoolMetadataProvidersConfiguration.TomcatDataSourcePoolMetadataProviderConfiguration:
      Did not match:
         - @ConditionalOnClass did not find required class 'org.apache.tomcat.jdbc.pool.DataSource' (OnClassCondition)

   DataSourceTransactionManagerAutoConfiguration.JdbcTransactionManagerConfiguration#transactionManager:
      Did not match:
         - @ConditionalOnMissingBean (types: org.springframework.transaction.TransactionManager; SearchStrategy: all) found beans of type 'org.springframework.transaction.TransactionManager' transactionManager (OnBeanCondition)

   DispatcherServletAutoConfiguration.DispatcherServletConfiguration#multipartResolver:
      Did not match:
         - @ConditionalOnBean (types: org.springframework.web.multipart.MultipartResolver; SearchStrategy: all) did not find any beans of type org.springframework.web.multipart.MultipartResolver (OnBeanCondition)

   ElasticsearchClientAutoConfiguration:
      Did not match:
         - @ConditionalOnClass did not find required class 'co.elastic.clients.elasticsearch.ElasticsearchClient' (OnClassCondition)

   ElasticsearchDataAutoConfiguration:
      Did not match:
         - @ConditionalOnClass did not find required class 'org.springframework.data.elasticsearch.client.elc.ElasticsearchTemplate' (OnClassCondition)

   ElasticsearchRepositoriesAutoConfiguration:
      Did not match:
         - @ConditionalOnClass did not find required class 'org.springframework.data.elasticsearch.repository.ElasticsearchRepository' (OnClassCondition)

   ElasticsearchRestClientAutoConfiguration:
      Did not match:
         - @ConditionalOnClass did not find required class 'org.elasticsearch.client.RestClientBuilder' (OnClassCondition)

   EmbeddedLdapAutoConfiguration:
      Did not match:
         - @ConditionalOnClass did not find required class 'com.unboundid.ldap.listener.InMemoryDirectoryServer' (OnClassCondition)

   EmbeddedWebServerFactoryCustomizerAutoConfiguration:
      Did not match:
         - Application is deployed as a WAR file. (OnWarDeploymentCondition)
      Matched:
         - @ConditionalOnWebApplication (required) found 'session' scope (OnWebApplicationCondition)

   ErrorWebFluxAutoConfiguration:
      Did not match:
         - @ConditionalOnClass did not find required class 'org.springframework.web.reactive.config.WebFluxConfigurer' (OnClassCondition)

   FlywayAutoConfiguration:
      Did not match:
         - @ConditionalOnClass did not find required class 'org.flywaydb.core.Flyway' (OnClassCondition)

   FreeMarkerAutoConfiguration:
      Did not match:
         - @ConditionalOnClass did not find required class 'freemarker.template.Configuration' (OnClassCondition)

   GraphQlAutoConfiguration:
      Did not match:
         - @ConditionalOnClass did not find required class 'graphql.GraphQL' (OnClassCondition)

   GraphQlQueryByExampleAutoConfiguration:
      Did not match:
         - @ConditionalOnClass did not find required class 'graphql.GraphQL' (OnClassCondition)

   GraphQlQuerydslAutoConfiguration:
      Did not match:
         - @ConditionalOnClass did not find required class 'com.querydsl.core.Query' (OnClassCondition)

   GraphQlRSocketAutoConfiguration:
      Did not match:
         - @ConditionalOnClass did not find required class 'graphql.GraphQL' (OnClassCondition)

   GraphQlReactiveQueryByExampleAutoConfiguration:
      Did not match:
         - @ConditionalOnClass did not find required class 'graphql.GraphQL' (OnClassCondition)

   GraphQlReactiveQuerydslAutoConfiguration:
      Did not match:
         - @ConditionalOnClass did not find required class 'com.querydsl.core.Query' (OnClassCondition)

   GraphQlWebFluxAutoConfiguration:
      Did not match:
         - @ConditionalOnClass did not find required class 'graphql.GraphQL' (OnClassCondition)

   GraphQlWebFluxSecurityAutoConfiguration:
      Did not match:
         - @ConditionalOnClass did not find required class 'graphql.GraphQL' (OnClassCondition)

   GraphQlWebMvcAutoConfiguration:
      Did not match:
         - @ConditionalOnClass did not find required class 'graphql.GraphQL' (OnClassCondition)

   GraphQlWebMvcSecurityAutoConfiguration:
      Did not match:
         - @ConditionalOnClass did not find required class 'graphql.GraphQL' (OnClassCondition)

   GroovyTemplateAutoConfiguration:
      Did not match:
         - @ConditionalOnClass did not find required class 'groovy.text.markup.MarkupTemplateEngine' (OnClassCondition)

   GsonAutoConfiguration:
      Did not match:
         - @ConditionalOnClass did not find required class 'com.google.gson.Gson' (OnClassCondition)

   GsonHttpMessageConvertersConfiguration:
      Did not match:
         - @ConditionalOnClass did not find required class 'com.google.gson.Gson' (OnClassCondition)

   H2ConsoleAutoConfiguration:
      Did not match:
         - @ConditionalOnClass did not find required class 'org.h2.server.web.JakartaWebServlet' (OnClassCondition)

   HazelcastAutoConfiguration:
      Did not match:
         - @ConditionalOnClass did not find required class 'com.hazelcast.core.HazelcastInstance' (OnClassCondition)

   HazelcastCacheConfiguration:
      Did not match:
         - @ConditionalOnClass did not find required class 'com.hazelcast.core.HazelcastInstance' (OnClassCondition)

   HazelcastJpaDependencyAutoConfiguration:
      Did not match:
         - @ConditionalOnClass did not find required class 'com.hazelcast.core.HazelcastInstance' (OnClassCondition)

   HttpHandlerAutoConfiguration:
      Did not match:
         - @ConditionalOnClass did not find required class 'org.springframework.web.reactive.DispatcherHandler' (OnClassCondition)

   HypermediaAutoConfiguration:
      Did not match:
         - @ConditionalOnClass did not find required class 'org.springframework.hateoas.EntityModel' (OnClassCondition)

   InfinispanCacheConfiguration:
      Did not match:
         - @ConditionalOnClass did not find required class 'org.infinispan.spring.embedded.provider.SpringEmbeddedCacheManager' (OnClassCondition)

   InfluxDbAutoConfiguration:
      Did not match:
         - @ConditionalOnClass did not find required class 'org.influxdb.InfluxDB' (OnClassCondition)

   IntegrationAutoConfiguration:
      Did not match:
         - @ConditionalOnClass did not find required class 'org.springframework.integration.config.EnableIntegration' (OnClassCondition)

   JCacheCacheConfiguration:
      Did not match:
         - @ConditionalOnClass did not find required class 'javax.cache.Caching' (OnClassCondition)

   JacksonHttpMessageConvertersConfiguration.MappingJackson2XmlHttpMessageConverterConfiguration:
      Did not match:
         - @ConditionalOnClass did not find required class 'com.fasterxml.jackson.dataformat.xml.XmlMapper' (OnClassCondition)

   JerseyAutoConfiguration:
      Did not match:
         - @ConditionalOnClass did not find required class 'org.glassfish.jersey.server.spring.SpringComponentProvider' (OnClassCondition)

   JmsAutoConfiguration:
      Did not match:
         - @ConditionalOnClass did not find required class 'jakarta.jms.Message' (OnClassCondition)

   JmxAutoConfiguration:
      Did not match:
         - @ConditionalOnProperty (spring.jmx.enabled=true) found different value in property 'enabled' (OnPropertyCondition)
      Matched:
         - @ConditionalOnClass found required class 'org.springframework.jmx.export.MBeanExporter' (OnClassCondition)

   JndiConnectionFactoryAutoConfiguration:
      Did not match:
         - @ConditionalOnClass did not find required class 'org.springframework.jms.core.JmsTemplate' (OnClassCondition)

   JndiDataSourceAutoConfiguration:
      Did not match:
         - @ConditionalOnProperty (spring.datasource.jndi-name) did not find property 'jndi-name' (OnPropertyCondition)
      Matched:
         - @ConditionalOnClass found required classes 'javax.sql.DataSource', 'org.springframework.jdbc.datasource.embedded.EmbeddedDatabaseType' (OnClassCondition)

   JndiJtaConfiguration:
      Did not match:
         - @ConditionalOnJndi JNDI environment is not available (OnJndiCondition)
      Matched:
         - @ConditionalOnClass found required class 'org.springframework.transaction.jta.JtaTransactionManager' (OnClassCondition)

   JooqAutoConfiguration:
      Did not match:
         - @ConditionalOnClass did not find required class 'org.jooq.DSLContext' (OnClassCondition)

   JpaRepositoriesAutoConfiguration#entityManagerFactoryBootstrapExecutorCustomizer:
      Did not match:
         - AnyNestedCondition 0 matched 2 did not; NestedCondition on JpaRepositoriesAutoConfiguration.BootstrapExecutorCondition.LazyBootstrapMode @ConditionalOnProperty (spring.data.jpa.repositories.bootstrap-mode=lazy) did not find property 'bootstrap-mode'; NestedCondition on JpaRepositoriesAutoConfiguration.BootstrapExecutorCondition.DeferredBootstrapMode @ConditionalOnProperty (spring.data.jpa.repositories.bootstrap-mode=deferred) did not find property 'bootstrap-mode' (JpaRepositoriesAutoConfiguration.BootstrapExecutorCondition)

   JsonbAutoConfiguration:
      Did not match:
         - @ConditionalOnClass did not find required class 'jakarta.json.bind.Jsonb' (OnClassCondition)

   JsonbHttpMessageConvertersConfiguration:
      Did not match:
         - @ConditionalOnClass did not find required class 'jakarta.json.bind.Jsonb' (OnClassCondition)

   KafkaAnnotationDrivenConfiguration#kafkaListenerContainerFactoryConfigurerVirtualThreads:
      Did not match:
         - @ConditionalOnMissingBean (types: org.springframework.boot.autoconfigure.kafka.ConcurrentKafkaListenerContainerFactoryConfigurer; SearchStrategy: all) found beans of type 'org.springframework.boot.autoconfigure.kafka.ConcurrentKafkaListenerContainerFactoryConfigurer' kafkaListenerContainerFactoryConfigurer (OnBeanCondition)

   KafkaAutoConfiguration#kafkaJaasInitializer:
      Did not match:
         - @ConditionalOnProperty (spring.kafka.jaas.enabled) did not find property 'spring.kafka.jaas.enabled' (OnPropertyCondition)

   KafkaAutoConfiguration#kafkaRetryTopicConfiguration:
      Did not match:
         - @ConditionalOnProperty (spring.kafka.retry.topic.enabled) did not find property 'spring.kafka.retry.topic.enabled' (OnPropertyCondition)

   KafkaAutoConfiguration#kafkaTransactionManager:
      Did not match:
         - @ConditionalOnProperty (spring.kafka.producer.transaction-id-prefix) did not find property 'spring.kafka.producer.transaction-id-prefix' (OnPropertyCondition)

   KafkaStreamsAnnotationDrivenConfiguration:
      Did not match:
         - @ConditionalOnClass did not find required class 'org.apache.kafka.streams.StreamsBuilder' (OnClassCondition)

   LdapAutoConfiguration:
      Did not match:
         - @ConditionalOnClass did not find required class 'org.springframework.ldap.core.ContextSource' (OnClassCondition)

   LdapRepositoriesAutoConfiguration:
      Did not match:
         - @ConditionalOnClass did not find required class 'org.springframework.data.ldap.repository.LdapRepository' (OnClassCondition)

   MailSenderAutoConfiguration:
      Did not match:
         - @ConditionalOnClass did not find required class 'jakarta.mail.internet.MimeMessage' (OnClassCondition)

   MailSenderValidatorAutoConfiguration:
      Did not match:
         - @ConditionalOnSingleCandidate did not find required type 'org.springframework.mail.javamail.JavaMailSenderImpl' (OnBeanCondition)

   MessageSourceAutoConfiguration:
      Did not match:
         - ResourceBundle did not find bundle with basename messages (MessageSourceAutoConfiguration.ResourceBundleCondition)

   MongoDataAutoConfiguration#mongoConnectionDetails:
      Did not match:
         - @ConditionalOnMissingBean (types: org.springframework.boot.autoconfigure.mongo.MongoConnectionDetails; SearchStrategy: all) found beans of type 'org.springframework.boot.autoconfigure.mongo.MongoConnectionDetails' mongoConnectionDetails (OnBeanCondition)

   MongoReactiveAutoConfiguration:
      Did not match:
         - @ConditionalOnClass did not find required class 'com.mongodb.reactivestreams.client.MongoClient' (OnClassCondition)

   MongoReactiveDataAutoConfiguration:
      Did not match:
         - @ConditionalOnClass did not find required class 'com.mongodb.reactivestreams.client.MongoClient' (OnClassCondition)

   MongoReactiveRepositoriesAutoConfiguration:
      Did not match:
         - @ConditionalOnClass did not find required class 'com.mongodb.reactivestreams.client.MongoClient' (OnClassCondition)

   MultipleOpenApiSupportConfiguration:
      Did not match:
         - AnyNestedCondition 0 matched 2 did not; NestedCondition on MultipleOpenApiSupportCondition.OnActuatorDifferentPort @ConditionalOnProperty (springdoc.show-actuator) did not find property 'springdoc.show-actuator'; NestedCondition on MultipleOpenApiSupportCondition.OnMultipleOpenApiSupportCondition AnyNestedCondition 0 matched 2 did not; NestedCondition on MultipleOpenApiGroupsCondition.OnGroupConfigProperty @ConditionalOnProperty (springdoc.group-configs[0].group) did not find property 'springdoc.group-configs[0].group'; NestedCondition on MultipleOpenApiGroupsCondition.OnGroupedOpenApiBean @ConditionalOnBean (types: org.springdoc.core.models.GroupedOpenApi; SearchStrategy: all) did not find any beans of type org.springdoc.core.models.GroupedOpenApi (MultipleOpenApiSupportCondition)
      Matched:
         - found 'session' scope (OnWebApplicationCondition)
         - @ConditionalOnProperty (springdoc.api-docs.enabled) matched (OnPropertyCondition)

   MultipleOpenApiSupportConfiguration.SpringDocWebMvcActuatorDifferentConfiguration:
      Did not match:
         - @ConditionalOnClass did not find required class 'org.springframework.boot.actuate.endpoint.web.servlet.WebMvcEndpointHandlerMapping' (OnClassCondition)
         - Ancestor org.springdoc.webmvc.core.configuration.MultipleOpenApiSupportConfiguration did not match (ConditionEvaluationReport.AncestorsMatchedCondition)

   MustacheAutoConfiguration:
      Did not match:
         - @ConditionalOnClass did not find required class 'com.samskivert.mustache.Mustache' (OnClassCondition)

   Neo4jAutoConfiguration:
      Did not match:
         - @ConditionalOnClass did not find required class 'org.neo4j.driver.Driver' (OnClassCondition)

   Neo4jDataAutoConfiguration:
      Did not match:
         - @ConditionalOnClass did not find required class 'org.neo4j.driver.Driver' (OnClassCondition)

   Neo4jReactiveDataAutoConfiguration:
      Did not match:
         - @ConditionalOnClass did not find required class 'org.neo4j.driver.Driver' (OnClassCondition)

   Neo4jReactiveRepositoriesAutoConfiguration:
      Did not match:
         - @ConditionalOnClass did not find required class 'org.neo4j.driver.Driver' (OnClassCondition)

   Neo4jRepositoriesAutoConfiguration:
      Did not match:
         - @ConditionalOnClass did not find required class 'org.neo4j.driver.Driver' (OnClassCondition)

   OAuth2AuthorizationServerAutoConfiguration:
      Did not match:
         - @ConditionalOnClass did not find required class 'org.springframework.security.oauth2.server.authorization.OAuth2Authorization' (OnClassCondition)

   OAuth2AuthorizationServerJwtAutoConfiguration:
      Did not match:
         - @ConditionalOnClass did not find required class 'org.springframework.security.oauth2.server.authorization.OAuth2Authorization' (OnClassCondition)

   OAuth2ClientAutoConfiguration:
      Did not match:
         - @ConditionalOnClass did not find required class 'org.springframework.security.oauth2.client.registration.ClientRegistration' (OnClassCondition)

   OAuth2ResourceServerAutoConfiguration:
      Did not match:
         - @ConditionalOnClass did not find required class 'org.springframework.security.oauth2.server.resource.authentication.BearerTokenAuthenticationToken' (OnClassCondition)

   ProjectInfoAutoConfiguration#buildProperties:
      Did not match:
         - @ConditionalOnResource did not find resource '${spring.info.build.location:classpath:META-INF/build-info.properties}' (OnResourceCondition)

   ProjectInfoAutoConfiguration#gitProperties:
      Did not match:
         - GitResource did not find git info at classpath:git.properties (ProjectInfoAutoConfiguration.GitResourceAvailableCondition)

   PulsarAutoConfiguration:
      Did not match:
         - @ConditionalOnClass did not find required class 'org.apache.pulsar.client.api.PulsarClient' (OnClassCondition)

   PulsarReactiveAutoConfiguration:
      Did not match:
         - @ConditionalOnClass did not find required class 'org.apache.pulsar.client.api.PulsarClient' (OnClassCondition)

   QuartzAutoConfiguration:
      Did not match:
         - @ConditionalOnClass did not find required class 'org.quartz.Scheduler' (OnClassCondition)

   R2dbcAutoConfiguration:
      Did not match:
         - @ConditionalOnClass did not find required class 'io.r2dbc.spi.ConnectionFactory' (OnClassCondition)

   R2dbcDataAutoConfiguration:
      Did not match:
         - @ConditionalOnClass did not find required class 'org.springframework.data.r2dbc.core.R2dbcEntityTemplate' (OnClassCondition)

   R2dbcInitializationConfiguration:
      Did not match:
         - @ConditionalOnClass did not find required classes 'io.r2dbc.spi.ConnectionFactory', 'org.springframework.r2dbc.connection.init.DatabasePopulator' (OnClassCondition)

   R2dbcRepositoriesAutoConfiguration:
      Did not match:
         - @ConditionalOnClass did not find required class 'io.r2dbc.spi.ConnectionFactory' (OnClassCondition)

   R2dbcTransactionManagerAutoConfiguration:
      Did not match:
         - @ConditionalOnClass did not find required class 'org.springframework.r2dbc.connection.R2dbcTransactionManager' (OnClassCondition)

   RSocketGraphQlClientAutoConfiguration:
      Did not match:
         - @ConditionalOnClass did not find required class 'graphql.GraphQL' (OnClassCondition)

   RSocketMessagingAutoConfiguration:
      Did not match:
         - @ConditionalOnClass did not find required class 'io.rsocket.RSocket' (OnClassCondition)

   RSocketRequesterAutoConfiguration:
      Did not match:
         - @ConditionalOnClass did not find required class 'io.rsocket.RSocket' (OnClassCondition)

   RSocketSecurityAutoConfiguration:
      Did not match:
         - @ConditionalOnClass did not find required class 'org.springframework.security.rsocket.core.SecuritySocketAcceptorInterceptor' (OnClassCondition)

   RSocketServerAutoConfiguration:
      Did not match:
         - @ConditionalOnClass did not find required class 'io.rsocket.core.RSocketServer' (OnClassCondition)

   RSocketStrategiesAutoConfiguration:
      Did not match:
         - @ConditionalOnClass did not find required class 'io.rsocket.RSocket' (OnClassCondition)

   RabbitAutoConfiguration:
      Did not match:
         - @ConditionalOnClass did not find required class 'com.rabbitmq.client.Channel' (OnClassCondition)

   ReactiveElasticsearchClientAutoConfiguration:
      Did not match:
         - @ConditionalOnClass did not find required class 'co.elastic.clients.transport.ElasticsearchTransport' (OnClassCondition)

   ReactiveElasticsearchRepositoriesAutoConfiguration:
      Did not match:
         - @ConditionalOnClass did not find required class 'reactor.core.publisher.Mono' (OnClassCondition)

   ReactiveMultipartAutoConfiguration:
      Did not match:
         - @ConditionalOnClass did not find required class 'org.springframework.web.reactive.config.WebFluxConfigurer' (OnClassCondition)

   ReactiveOAuth2ClientAutoConfiguration:
      Did not match:
         - @ConditionalOnClass did not find required class 'reactor.core.publisher.Flux' (OnClassCondition)

   ReactiveOAuth2ResourceServerAutoConfiguration:
      Did not match:
         - @ConditionalOnWebApplication did not find reactive web application classes (OnWebApplicationCondition)

   ReactiveSecurityAutoConfiguration:
      Did not match:
         - @ConditionalOnClass did not find required class 'reactor.core.publisher.Flux' (OnClassCondition)

   ReactiveUserDetailsServiceAutoConfiguration:
      Did not match:
         - AnyNestedCondition 0 matched 2 did not; NestedCondition on ReactiveUserDetailsServiceAutoConfiguration.RSocketEnabledOrReactiveWebApplication.ReactiveWebApplicationCondition did not find reactive web application classes; NestedCondition on ReactiveUserDetailsServiceAutoConfiguration.RSocketEnabledOrReactiveWebApplication.RSocketSecurityEnabledCondition @ConditionalOnBean (types: org.springframework.messaging.rsocket.annotation.support.RSocketMessageHandler; SearchStrategy: all) did not find any beans of type org.springframework.messaging.rsocket.annotation.support.RSocketMessageHandler (ReactiveUserDetailsServiceAutoConfiguration.RSocketEnabledOrReactiveWebApplication)
      Matched:
         - @ConditionalOnClass found required class 'org.springframework.security.authentication.ReactiveAuthenticationManager' (OnClassCondition)
         - AnyNestedCondition 1 matched 2 did not; NestedCondition on ReactiveUserDetailsServiceAutoConfiguration.MissingAlternativeOrUserPropertiesConfigured.PasswordConfigured @ConditionalOnProperty (spring.security.user.password) did not find property 'password'; NestedCondition on ReactiveUserDetailsServiceAutoConfiguration.MissingAlternativeOrUserPropertiesConfigured.NameConfigured @ConditionalOnProperty (spring.security.user.name) did not find property 'name'; NestedCondition on ReactiveUserDetailsServiceAutoConfiguration.MissingAlternativeOrUserPropertiesConfigured.MissingAlternative @ConditionalOnMissingClass did not find unwanted classes 'org.springframework.security.oauth2.client.registration.ClientRegistrationRepository', 'org.springframework.security.oauth2.server.resource.introspection.ReactiveOpaqueTokenIntrospector' (ReactiveUserDetailsServiceAutoConfiguration.MissingAlternativeOrUserPropertiesConfigured)

   ReactiveWebServerFactoryAutoConfiguration:
      Did not match:
         - @ConditionalOnWebApplication did not find reactive web application classes (OnWebApplicationCondition)

   ReactorAutoConfiguration:
      Did not match:
         - @ConditionalOnClass did not find required class 'reactor.core.publisher.Hooks' (OnClassCondition)

   RedisAutoConfiguration:
      Did not match:
         - @ConditionalOnClass did not find required class 'org.springframework.data.redis.core.RedisOperations' (OnClassCondition)

   RedisCacheConfiguration:
      Did not match:
         - @ConditionalOnClass did not find required class 'org.springframework.data.redis.connection.RedisConnectionFactory' (OnClassCondition)

   RedisReactiveAutoConfiguration:
      Did not match:
         - @ConditionalOnClass did not find required class 'reactor.core.publisher.Flux' (OnClassCondition)

   RedisRepositoriesAutoConfiguration:
      Did not match:
         - @ConditionalOnClass did not find required class 'org.springframework.data.redis.repository.configuration.EnableRedisRepositories' (OnClassCondition)

   RepositoryRestMvcAutoConfiguration:
      Did not match:
         - @ConditionalOnClass did not find required class 'org.springframework.data.rest.webmvc.config.RepositoryRestMvcConfiguration' (OnClassCondition)

   Saml2RelyingPartyAutoConfiguration:
      Did not match:
         - @ConditionalOnClass did not find required class 'org.springframework.security.saml2.provider.service.registration.RelyingPartyRegistrationRepository' (OnClassCondition)

   SecurityDataConfiguration:
      Did not match:
         - @ConditionalOnClass did not find required class 'org.springframework.security.data.repository.query.SecurityEvaluationContextExtension' (OnClassCondition)

   SendGridAutoConfiguration:
      Did not match:
         - @ConditionalOnClass did not find required class 'com.sendgrid.SendGrid' (OnClassCondition)

   ServletWebServerFactoryAutoConfiguration.ForwardedHeaderFilterConfiguration:
      Did not match:
         - @ConditionalOnProperty (server.forward-headers-strategy=framework) did not find property 'server.forward-headers-strategy' (OnPropertyCondition)

   ServletWebServerFactoryConfiguration.EmbeddedJetty:
      Did not match:
         - @ConditionalOnClass did not find required classes 'org.eclipse.jetty.server.Server', 'org.eclipse.jetty.util.Loader', 'org.eclipse.jetty.ee10.webapp.WebAppContext' (OnClassCondition)

   ServletWebServerFactoryConfiguration.EmbeddedUndertow:
      Did not match:
         - @ConditionalOnClass did not find required classes 'io.undertow.Undertow', 'org.xnio.SslClientAuthMode' (OnClassCondition)

   SessionAutoConfiguration:
      Did not match:
         - @ConditionalOnClass did not find required class 'org.springframework.session.Session' (OnClassCondition)

   SpringApplicationAdminJmxAutoConfiguration:
      Did not match:
         - @ConditionalOnProperty (spring.application.admin.enabled=true) did not find property 'enabled' (OnPropertyCondition)

   SpringDocConfiguration#propertiesResolverForSchema:
      Did not match:
         - @ConditionalOnProperty (springdoc.api-docs.resolve-schema-properties) did not find property 'springdoc.api-docs.resolve-schema-properties' (OnPropertyCondition)

   SpringDocConfiguration#propertyCustomizingConverter:
      Did not match:
         - @ConditionalOnBean (types: org.springdoc.core.customizers.PropertyCustomizer; SearchStrategy: all) did not find any beans of type org.springdoc.core.customizers.PropertyCustomizer (OnBeanCondition)

   SpringDocConfiguration#springdocBeanFactoryPostProcessor:
      Did not match:
         - AnyNestedCondition 0 matched 2 did not; NestedCondition on CacheOrGroupedOpenApiCondition.OnCacheDisabled found non-matching nested conditions @ConditionalOnProperty (springdoc.cache.disabled) did not find property 'springdoc.cache.disabled'; NestedCondition on CacheOrGroupedOpenApiCondition.OnMultipleOpenApiSupportCondition AnyNestedCondition 0 matched 2 did not; NestedCondition on MultipleOpenApiSupportCondition.OnActuatorDifferentPort @ConditionalOnProperty (springdoc.show-actuator) did not find property 'springdoc.show-actuator'; NestedCondition on MultipleOpenApiSupportCondition.OnMultipleOpenApiSupportCondition AnyNestedCondition 0 matched 2 did not; NestedCondition on MultipleOpenApiGroupsCondition.OnGroupConfigProperty @ConditionalOnProperty (springdoc.group-configs[0].group) did not find property 'springdoc.group-configs[0].group'; NestedCondition on MultipleOpenApiGroupsCondition.OnGroupedOpenApiBean @ConditionalOnBean (types: org.springdoc.core.models.GroupedOpenApi; SearchStrategy: all) did not find any beans of type org.springdoc.core.models.GroupedOpenApi (CacheOrGroupedOpenApiCondition)
      Matched:
         - @ConditionalOnClass found required class 'org.springframework.boot.context.properties.bind.BindResult' (OnClassCondition)

   SpringDocConfiguration#springdocBeanFactoryPostProcessor2:
      Did not match:
         - @ConditionalOnMissingClass found unwanted class 'org.springframework.boot.context.properties.bind.BindResult' (OnClassCondition)

   SpringDocConfiguration.SpringDocActuatorConfiguration:
      Did not match:
         - @ConditionalOnClass did not find required class 'org.springframework.boot.actuate.autoconfigure.endpoint.web.WebEndpointProperties' (OnClassCondition)

   SpringDocConfiguration.SpringDocRepositoryRestConfiguration:
      Did not match:
         - @ConditionalOnClass did not find required class 'org.springframework.data.rest.core.config.RepositoryRestConfiguration' (OnClassCondition)

   SpringDocConfiguration.SpringDocWebFluxSupportConfiguration:
      Did not match:
         - @ConditionalOnClass did not find required class 'reactor.core.publisher.Flux' (OnClassCondition)

   SpringDocDataRestConfiguration:
      Did not match:
         - @ConditionalOnClass did not find required class 'org.springframework.data.rest.core.config.RepositoryRestConfiguration' (OnClassCondition)

   SpringDocFunctionCatalogConfiguration:
      Did not match:
         - @ConditionalOnClass did not find required class 'org.springframework.cloud.function.web.function.FunctionEndpointInitializer' (OnClassCondition)

   SpringDocGroovyConfiguration:
      Did not match:
         - @ConditionalOnClass did not find required class 'groovy.lang.MetaClass' (OnClassCondition)

   SpringDocHateoasConfiguration:
      Did not match:
         - @ConditionalOnClass did not find required class 'org.springframework.hateoas.server.LinkRelationProvider' (OnClassCondition)

   SpringDocJacksonKotlinModuleConfiguration:
      Did not match:
         - @ConditionalOnClass did not find required class 'com.fasterxml.jackson.module.kotlin.KotlinModule' (OnClassCondition)

   SpringDocJavadocConfiguration:
      Did not match:
         - @ConditionalOnClass did not find required class 'com.github.therapi.runtimejavadoc.CommentFormatter' (OnClassCondition)

   SpringDocKotlinConfiguration:
      Did not match:
         - @ConditionalOnClass did not find required class 'kotlin.coroutines.Continuation' (OnClassCondition)

   SpringDocKotlinxConfiguration:
      Did not match:
         - @ConditionalOnClass did not find required class 'kotlinx.coroutines.flow.Flow' (OnClassCondition)

   SpringDocSecurityConfiguration.SpringDocSecurityOAuth2Configuration:
      Did not match:
         - @ConditionalOnClass did not find required class 'org.springframework.security.oauth2.server.authorization.OAuth2AuthorizationService' (OnClassCondition)

   SpringDocSecurityConfiguration.SpringSecurityLoginEndpointConfiguration#springSecurityLoginEndpointCustomiser:
      Did not match:
         - @ConditionalOnProperty (springdoc.show-login-endpoint) did not find property 'springdoc.show-login-endpoint' (OnPropertyCondition)

   SpringDocSortConfiguration#delegatingMethodParameterCustomizer:
      Did not match:
         - @ConditionalOnMissingBean (types: org.springdoc.core.customizers.DelegatingMethodParameterCustomizer; SearchStrategy: all) found beans of type 'org.springdoc.core.customizers.DelegatingMethodParameterCustomizer' delegatingMethodParameterCustomizer (OnBeanCondition)

   SpringDocWebMvcConfiguration.SpringDocWebMvcActuatorConfiguration:
      Did not match:
         - @ConditionalOnClass did not find required class 'org.springframework.boot.actuate.endpoint.web.servlet.WebMvcEndpointHandlerMapping' (OnClassCondition)

   SwaggerConfig#springWebProvider:
      Did not match:
         - @ConditionalOnMissingBean (types: org.springdoc.core.providers.SpringWebProvider; SearchStrategy: all) found beans of type 'org.springdoc.core.providers.SpringWebProvider' springWebProvider (OnBeanCondition)

   SwaggerConfig#swaggerUiConfigParameters:
      Did not match:
         - @ConditionalOnMissingBean (types: org.springdoc.core.properties.SwaggerUiConfigParameters; SearchStrategy: all) found beans of type 'org.springdoc.core.properties.SwaggerUiConfigParameters' org.springdoc.core.properties.SwaggerUiConfigParameters (OnBeanCondition)

   SwaggerConfig#swaggerUiHome:
      Did not match:
         - @ConditionalOnProperty (springdoc.swagger-ui.use-root-path=true) did not find property 'springdoc.swagger-ui.use-root-path' (OnPropertyCondition)

   SwaggerConfig.SwaggerActuatorWelcomeConfiguration:
      Did not match:
         - @ConditionalOnClass did not find required class 'org.springframework.boot.actuate.endpoint.web.servlet.WebMvcEndpointHandlerMapping' (OnClassCondition)

   TaskExecutorConfigurations.SimpleAsyncTaskExecutorBuilderConfiguration#simpleAsyncTaskExecutorBuilderVirtualThreads:
      Did not match:
         - @ConditionalOnMissingBean (types: org.springframework.boot.task.SimpleAsyncTaskExecutorBuilder; SearchStrategy: all) found beans of type 'org.springframework.boot.task.SimpleAsyncTaskExecutorBuilder' simpleAsyncTaskExecutorBuilder (OnBeanCondition)

   TaskExecutorConfigurations.TaskExecutorConfiguration#applicationTaskExecutorVirtualThreads:
      Did not match:
         - @ConditionalOnThreading did not find VIRTUAL (OnThreadingCondition)

   TaskSchedulingAutoConfiguration#scheduledBeanLazyInitializationExcludeFilter:
      Did not match:
         - @ConditionalOnBean (names: org.springframework.context.annotation.internalScheduledAnnotationProcessor; SearchStrategy: all) did not find any beans named org.springframework.context.annotation.internalScheduledAnnotationProcessor (OnBeanCondition)

   TaskSchedulingConfigurations.SimpleAsyncTaskSchedulerBuilderConfiguration#simpleAsyncTaskSchedulerBuilderVirtualThreads:
      Did not match:
         - @ConditionalOnMissingBean (types: org.springframework.boot.task.SimpleAsyncTaskSchedulerBuilder; SearchStrategy: all) found beans of type 'org.springframework.boot.task.SimpleAsyncTaskSchedulerBuilder' simpleAsyncTaskSchedulerBuilder (OnBeanCondition)

   TaskSchedulingConfigurations.TaskSchedulerConfiguration:
      Did not match:
         - @ConditionalOnBean (names: org.springframework.context.annotation.internalScheduledAnnotationProcessor; SearchStrategy: all) did not find any beans named org.springframework.context.annotation.internalScheduledAnnotationProcessor (OnBeanCondition)

   ThymeleafAutoConfiguration:
      Did not match:
         - @ConditionalOnClass did not find required class 'org.thymeleaf.spring6.SpringTemplateEngine' (OnClassCondition)

   TransactionAutoConfiguration#transactionalOperator:
      Did not match:
         - @ConditionalOnSingleCandidate (types: org.springframework.transaction.ReactiveTransactionManager; SearchStrategy: all) did not find any beans (OnBeanCondition)

   TransactionAutoConfiguration.AspectJTransactionManagementConfiguration:
      Did not match:
         - @ConditionalOnBean (types: org.springframework.transaction.aspectj.AbstractTransactionAspect; SearchStrategy: all) did not find any beans of type org.springframework.transaction.aspectj.AbstractTransactionAspect (OnBeanCondition)

   TransactionAutoConfiguration.EnableTransactionManagementConfiguration.JdkDynamicAutoProxyConfiguration:
      Did not match:
         - @ConditionalOnProperty (spring.aop.proxy-target-class=false) did not find property 'proxy-target-class' (OnPropertyCondition)

   WebClientAutoConfiguration:
      Did not match:
         - @ConditionalOnClass did not find required class 'org.springframework.web.reactive.function.client.WebClient' (OnClassCondition)

   WebFluxAutoConfiguration:
      Did not match:
         - @ConditionalOnClass did not find required class 'org.springframework.web.reactive.config.WebFluxConfigurer' (OnClassCondition)

   WebMvcAutoConfiguration#hiddenHttpMethodFilter:
      Did not match:
         - @ConditionalOnProperty (spring.mvc.hiddenmethod.filter.enabled) did not find property 'enabled' (OnPropertyCondition)

   WebMvcAutoConfiguration.ProblemDetailsErrorHandlingConfiguration:
      Did not match:
         - @ConditionalOnProperty (spring.mvc.problemdetails.enabled=true) did not find property 'enabled' (OnPropertyCondition)

   WebMvcAutoConfiguration.ResourceChainCustomizerConfiguration:
      Did not match:
         - @ConditionalOnEnabledResourceChain did not find class org.webjars.WebJarAssetLocator (OnEnabledResourceChainCondition)

   WebMvcAutoConfiguration.WebMvcAutoConfigurationAdapter#beanNameViewResolver:
      Did not match:
         - @ConditionalOnMissingBean (types: org.springframework.web.servlet.view.BeanNameViewResolver; SearchStrategy: all) found beans of type 'org.springframework.web.servlet.view.BeanNameViewResolver' beanNameViewResolver (OnBeanCondition)

   WebServiceTemplateAutoConfiguration:
      Did not match:
         - @ConditionalOnClass did not find required class 'org.springframework.oxm.Marshaller' (OnClassCondition)

   WebServicesAutoConfiguration:
      Did not match:
         - @ConditionalOnClass did not find required class 'org.springframework.ws.transport.http.MessageDispatcherServlet' (OnClassCondition)

   WebSessionIdResolverAutoConfiguration:
      Did not match:
         - @ConditionalOnClass did not find required class 'reactor.core.publisher.Mono' (OnClassCondition)

   WebSocketMessagingAutoConfiguration:
      Did not match:
         - @ConditionalOnClass did not find required class 'org.springframework.web.socket.config.annotation.WebSocketMessageBrokerConfigurer' (OnClassCondition)

   WebSocketReactiveAutoConfiguration:
      Did not match:
         - @ConditionalOnWebApplication did not find reactive web application classes (OnWebApplicationCondition)

   WebSocketServletAutoConfiguration.JettyWebSocketConfiguration:
      Did not match:
         - @ConditionalOnClass did not find required class 'org.eclipse.jetty.ee10.websocket.jakarta.server.config.JakartaWebSocketServletContainerInitializer' (OnClassCondition)

   WebSocketServletAutoConfiguration.UndertowWebSocketConfiguration:
      Did not match:
         - @ConditionalOnClass did not find required class 'io.undertow.websockets.jsr.Bootstrap' (OnClassCondition)

   XADataSourceAutoConfiguration:
      Did not match:
         - @ConditionalOnBean (types: org.springframework.boot.jdbc.XADataSourceWrapper; SearchStrategy: all) did not find any beans of type org.springframework.boot.jdbc.XADataSourceWrapper (OnBeanCondition)
      Matched:
         - @ConditionalOnClass found required classes 'javax.sql.DataSource', 'jakarta.transaction.TransactionManager', 'org.springframework.jdbc.datasource.embedded.EmbeddedDatabaseType' (OnClassCondition)


Exclusions:
-----------

    None


Unconditional classes:
----------------------

    org.springframework.boot.autoconfigure.context.ConfigurationPropertiesAutoConfiguration

    org.springframework.boot.autoconfigure.ssl.SslAutoConfiguration

    org.springframework.boot.autoconfigure.context.PropertyPlaceholderAutoConfiguration

    org.springframework.boot.autoconfigure.context.LifecycleAutoConfiguration

    org.springframework.boot.autoconfigure.availability.ApplicationAvailabilityAutoConfiguration

    org.springframework.boot.autoconfigure.info.ProjectInfoAutoConfiguration



]]></system-err>
  </testcase>
</testsuite>